<?xml version="1.0" encoding="UTF-8"?>
<coverage generated="1777678766132" clover="3.2.0">
  <project timestamp="1777678766132" name="All files">
    <metrics statements="504" coveredstatements="443" conditionals="259" coveredconditionals="175" methods="137" coveredmethods="100" elements="900" coveredelements="718" complexity="0" loc="504" ncloc="504" packages="5" files="17" classes="17"/>
    <package name="components">
      <metrics statements="129" coveredstatements="105" conditionals="117" coveredconditionals="78" methods="51" coveredmethods="28"/>
      <file name="BettingBoard.tsx" path="/home/user/faro_hall/src/components/BettingBoard.tsx">
        <metrics statements="66" coveredstatements="60" conditionals="68" coveredconditionals="51" methods="22" coveredmethods="16"/>
        <line num="1" count="1" type="stmt"/>
        <line num="2" count="1" type="stmt"/>
        <line num="3" count="1" type="stmt"/>
        <line num="22" count="235" type="stmt"/>
        <line num="26" count="3" type="stmt"/>
        <line num="42" count="1" type="stmt"/>
        <line num="51" count="1" type="stmt"/>
        <line num="60" count="1" type="stmt"/>
        <line num="62" count="1" type="stmt"/>
        <line num="94" count="1" type="stmt"/>
        <line num="100" count="3" type="stmt"/>
        <line num="103" count="1" type="stmt"/>
        <line num="111" count="5" type="stmt"/>
        <line num="114" count="5" type="stmt"/>
        <line num="115" count="5" type="stmt"/>
        <line num="116" count="5" type="stmt"/>
        <line num="120" count="5" type="stmt"/>
        <line num="121" count="5" type="stmt"/>
        <line num="122" count="3" type="stmt"/>
        <line num="123" count="3" type="cond" truecount="1" falsecount="0"/>
        <line num="124" count="3" type="stmt"/>
        <line num="125" count="3" type="cond" truecount="1" falsecount="1"/>
        <line num="126" count="3" type="cond" truecount="2" falsecount="0"/>
        <line num="127" count="3" type="stmt"/>
        <line num="133" count="65" type="cond" truecount="2" falsecount="0"/>
        <line num="135" count="5" type="stmt"/>
        <line num="136" count="185" type="stmt"/>
        <line num="137" count="185" type="cond" truecount="3" falsecount="0"/>
        <line num="139" count="2" type="stmt"/>
        <line num="140" count="3" type="cond" truecount="1" falsecount="1"/>
        <line num="141" count="3" type="cond" truecount="1" falsecount="1"/>
        <line num="142" count="3" type="stmt"/>
        <line num="143" count="3" type="cond" truecount="1" falsecount="1"/>
        <line num="144" count="3" type="stmt"/>
        <line num="159" count="5" type="stmt"/>
        <line num="160" count="65" type="stmt"/>
        <line num="161" count="65" type="stmt"/>
        <line num="162" count="65" type="cond" truecount="2" falsecount="0"/>
        <line num="163" count="65" type="stmt"/>
        <line num="164" count="65" type="stmt"/>
        <line num="165" count="65" type="stmt"/>
        <line num="166" count="65" type="stmt"/>
        <line num="168" count="65" type="stmt"/>
        <line num="176" count="65" type="cond" truecount="2" falsecount="0"/>
        <line num="177" count="65" type="cond" truecount="2" falsecount="0"/>
        <line num="178" count="3" type="stmt"/>
        <line num="181" count="65" type="stmt"/>
        <line num="186" count="1" type="stmt"/>
        <line num="187" count="0" type="stmt"/>
        <line num="188" count="0" type="stmt"/>
        <line num="198" count="5" type="stmt"/>
        <line num="199" count="120" type="stmt"/>
        <line num="200" count="120" type="stmt"/>
        <line num="201" count="120" type="cond" truecount="1" falsecount="1"/>
        <line num="202" count="120" type="stmt"/>
        <line num="203" count="120" type="cond" truecount="2" falsecount="0"/>
        <line num="205" count="120" type="stmt"/>
        <line num="211" count="120" type="stmt"/>
        <line num="216" count="0" type="stmt"/>
        <line num="217" count="0" type="stmt"/>
        <line num="218" count="0" type="stmt"/>
        <line num="219" count="295" type="cond" truecount="1" falsecount="1"/>
        <line num="230" count="5" type="cond" truecount="1" falsecount="1"/>
        <line num="233" count="0" type="stmt"/>
        <line num="236" count="5" type="stmt"/>
        <line num="251" count="1" type="stmt"/>
      </file>
      <file name="CasekeeperPanel.tsx" path="/home/user/faro_hall/src/components/CasekeeperPanel.tsx">
        <metrics statements="17" coveredstatements="17" conditionals="15" coveredconditionals="15" methods="4" coveredmethods="4"/>
        <line num="1" count="3" type="stmt"/>
        <line num="2" count="3" type="stmt"/>
        <line num="3" count="3" type="stmt"/>
        <line num="10" count="3" type="stmt"/>
        <line num="13" count="4" type="stmt"/>
        <line num="14" count="4" type="stmt"/>
        <line num="15" count="16" type="cond" truecount="5" falsecount="0"/>
        <line num="16" count="16" type="stmt"/>
        <line num="19" count="4" type="stmt"/>
        <line num="22" count="3" type="stmt"/>
        <line num="23" count="8" type="cond" truecount="4" falsecount="0"/>
        <line num="27" count="8" type="stmt"/>
        <line num="34" count="104" type="stmt"/>
        <line num="35" count="104" type="stmt"/>
        <line num="37" count="104" type="stmt"/>
        <line num="43" count="416" type="stmt"/>
        <line num="58" count="3" type="stmt"/>
      </file>
      <file name="Controls.tsx" path="/home/user/faro_hall/src/components/Controls.tsx">
        <metrics statements="8" coveredstatements="6" conditionals="0" coveredconditionals="0" methods="3" coveredmethods="1"/>
        <line num="1" count="1" type="stmt"/>
        <line num="2" count="1" type="stmt"/>
        <line num="6" count="1" type="stmt"/>
        <line num="7" count="1" type="stmt"/>
        <line num="8" count="1" type="stmt"/>
        <line num="11" count="0" type="stmt"/>
        <line num="12" count="0" type="stmt"/>
        <line num="19" count="1" type="stmt"/>
      </file>
      <file name="PlayerList.tsx" path="/home/user/faro_hall/src/components/PlayerList.tsx">
        <metrics statements="31" coveredstatements="17" conditionals="28" coveredconditionals="11" methods="14" coveredmethods="4"/>
        <line num="1" count="1" type="stmt"/>
        <line num="2" count="1" type="stmt"/>
        <line num="21" count="1" type="stmt"/>
        <line num="22" count="3" type="stmt"/>
        <line num="24" count="1" type="stmt"/>
        <line num="33" count="1" type="stmt"/>
        <line num="34" count="1" type="stmt"/>
        <line num="36" count="1" type="stmt"/>
        <line num="37" count="0" type="stmt"/>
        <line num="38" count="0" type="stmt"/>
        <line num="39" count="0" type="stmt"/>
        <line num="42" count="1" type="stmt"/>
        <line num="43" count="0" type="stmt"/>
        <line num="44" count="0" type="cond" truecount="0" falsecount="3"/>
        <line num="45" count="0" type="stmt"/>
        <line num="48" count="1" type="stmt"/>
        <line num="50" count="1" type="stmt"/>
        <line num="53" count="3" type="cond" truecount="1" falsecount="1"/>
        <line num="54" count="3" type="cond" truecount="1" falsecount="1"/>
        <line num="55" count="3" type="stmt"/>
        <line num="56" count="3" type="stmt"/>
        <line num="58" count="3" type="stmt"/>
        <line num="65" count="0" type="cond" truecount="0" falsecount="2"/>
        <line num="75" count="0" type="stmt"/>
        <line num="76" count="0" type="stmt"/>
        <line num="78" count="0" type="cond" truecount="0" falsecount="1"/>
        <line num="79" count="0" type="cond" truecount="0" falsecount="1"/>
        <line num="81" count="0" type="stmt"/>
        <line num="102" count="0" type="stmt"/>
        <line num="112" count="0" type="stmt"/>
        <line num="134" count="1" type="stmt"/>
      </file>
      <file name="SeedControls.tsx" path="/home/user/faro_hall/src/components/SeedControls.tsx">
        <metrics statements="7" coveredstatements="5" conditionals="6" coveredconditionals="1" methods="8" coveredmethods="3"/>
        <line num="1" count="1" type="stmt"/>
        <line num="10" count="1" type="cond" truecount="0" falsecount="4"/>
        <line num="11" count="1" type="stmt"/>
        <line num="14" count="0" type="stmt"/>
        <line num="16" count="0" type="stmt"/>
        <line num="17" count="1" type="stmt"/>
        <line num="24" count="1" type="cond" truecount="1" falsecount="1"/>
      </file>
    </package>
    <package name="hooks">
      <metrics statements="34" coveredstatements="14" conditionals="6" coveredconditionals="0" methods="11" coveredmethods="2"/>
      <file name="usePersistence.ts" path="/home/user/faro_hall/src/hooks/usePersistence.ts">
        <metrics statements="34" coveredstatements="14" conditionals="6" coveredconditionals="0" methods="11" coveredmethods="2"/>
        <line num="1" count="1" type="stmt"/>
        <line num="2" count="1" type="stmt"/>
        <line num="4" count="1" type="stmt"/>
        <line num="5" count="1" type="stmt"/>
        <line num="7" count="1" type="stmt"/>
        <line num="8" count="2" type="stmt"/>
        <line num="9" count="2" type="stmt"/>
        <line num="10" count="2" type="stmt"/>
        <line num="13" count="1" type="stmt"/>
        <line num="14" count="1" type="stmt"/>
        <line num="15" count="1" type="cond" truecount="0" falsecount="1"/>
        <line num="16" count="1" type="stmt"/>
        <line num="19" count="1" type="stmt"/>
        <line num="20" count="0" type="cond" truecount="0" falsecount="2"/>
        <line num="21" count="0" type="stmt"/>
        <line num="22" count="0" type="stmt"/>
        <line num="25" count="1" type="stmt"/>
        <line num="26" count="0" type="stmt"/>
        <line num="27" count="0" type="stmt"/>
        <line num="29" count="0" type="stmt"/>
        <line num="30" count="0" type="stmt"/>
        <line num="31" count="0" type="cond" truecount="0" falsecount="2"/>
        <line num="32" count="0" type="cond" truecount="0" falsecount="1"/>
        <line num="33" count="0" type="stmt"/>
        <line num="35" count="0" type="stmt"/>
        <line num="36" count="0" type="stmt"/>
        <line num="39" count="0" type="stmt"/>
        <line num="40" count="0" type="stmt"/>
        <line num="41" count="0" type="stmt"/>
        <line num="44" count="0" type="stmt"/>
        <line num="45" count="0" type="stmt"/>
        <line num="46" count="0" type="stmt"/>
        <line num="47" count="0" type="stmt"/>
        <line num="50" count="0" type="stmt"/>
      </file>
    </package>
    <package name="lib">
      <metrics statements="187" coveredstatements="187" conditionals="50" coveredconditionals="40" methods="40" coveredmethods="39"/>
      <file name="cards.ts" path="/home/user/faro_hall/src/lib/cards.ts">
        <metrics statements="14" coveredstatements="14" conditionals="0" coveredconditionals="0" methods="2" coveredmethods="2"/>
        <line num="3" count="12" type="stmt"/>
        <line num="11" count="12" type="stmt"/>
        <line num="12" count="127" type="stmt"/>
        <line num="13" count="127" type="stmt"/>
        <line num="14" count="127" type="stmt"/>
        <line num="15" count="127" type="stmt"/>
        <line num="16" count="6604" type="stmt"/>
        <line num="18" count="127" type="stmt"/>
        <line num="21" count="12" type="stmt"/>
        <line num="22" count="127" type="stmt"/>
        <line num="23" count="127" type="stmt"/>
        <line num="24" count="6477" type="stmt"/>
        <line num="25" count="6477" type="stmt"/>
        <line num="27" count="127" type="stmt"/>
      </file>
      <file name="casekeep.ts" path="/home/user/faro_hall/src/lib/casekeep.ts">
        <metrics statements="19" coveredstatements="19" conditionals="8" coveredconditionals="7" methods="6" coveredmethods="6"/>
        <line num="5" count="8" type="stmt"/>
        <line num="6" count="139" type="stmt"/>
        <line num="9" count="8" type="stmt"/>
        <line num="10" count="259" type="stmt"/>
        <line num="11" count="259" type="cond" truecount="2" falsecount="0"/>
        <line num="12" count="259" type="stmt"/>
        <line num="15" count="8" type="stmt"/>
        <line num="16" count="2" type="cond" truecount="1" falsecount="0"/>
        <line num="17" count="1" type="stmt"/>
        <line num="18" count="1" type="stmt"/>
        <line num="19" count="2" type="cond" truecount="2" falsecount="0"/>
        <line num="20" count="1" type="cond" truecount="1" falsecount="0"/>
        <line num="22" count="1" type="stmt"/>
        <line num="25" count="8" type="stmt"/>
        <line num="26" count="1" type="stmt"/>
        <line num="29" count="8" type="stmt"/>
        <line num="30" count="2" type="cond" truecount="0" falsecount="1"/>
        <line num="31" count="2" type="cond" truecount="1" falsecount="0"/>
        <line num="32" count="1" type="stmt"/>
      </file>
      <file name="game.ts" path="/home/user/faro_hall/src/lib/game.ts">
        <metrics statements="100" coveredstatements="100" conditionals="34" coveredconditionals="30" methods="24" coveredmethods="23"/>
        <line num="1" count="7" type="stmt"/>
        <line num="2" count="7" type="stmt"/>
        <line num="3" count="7" type="stmt"/>
        <line num="4" count="7" type="stmt"/>
        <line num="21" count="7" type="stmt"/>
        <line num="22" count="125" type="stmt"/>
        <line num="23" count="125" type="stmt"/>
        <line num="24" count="125" type="stmt"/>
        <line num="25" count="125" type="stmt"/>
        <line num="27" count="235" type="stmt"/>
        <line num="31" count="125" type="stmt"/>
        <line num="34" count="125" type="stmt"/>
        <line num="35" count="125" type="stmt"/>
        <line num="36" count="125" type="stmt"/>
        <line num="38" count="125" type="stmt"/>
        <line num="50" count="7" type="stmt"/>
        <line num="51" count="3" type="cond" truecount="1" falsecount="0"/>
        <line num="52" count="2" type="stmt"/>
        <line num="53" count="2" type="cond" truecount="1" falsecount="1"/>
        <line num="54" count="2" type="stmt"/>
        <line num="55" count="2" type="stmt"/>
        <line num="56" count="2" type="stmt"/>
        <line num="59" count="7" type="stmt"/>
        <line num="60" count="29" type="stmt"/>
        <line num="62" count="25" type="stmt"/>
        <line num="63" count="24" type="cond" truecount="1" falsecount="0"/>
        <line num="65" count="22" type="stmt"/>
        <line num="66" count="22" type="cond" truecount="1" falsecount="0"/>
        <line num="68" count="25" type="stmt"/>
        <line num="69" count="21" type="stmt"/>
        <line num="71" count="21" type="stmt"/>
        <line num="72" count="21" type="stmt"/>
        <line num="73" count="21" type="stmt"/>
        <line num="76" count="7" type="stmt"/>
        <line num="78" count="67" type="cond" truecount="1" falsecount="0"/>
        <line num="79" count="1" type="stmt"/>
        <line num="82" count="66" type="stmt"/>
        <line num="83" count="66" type="stmt"/>
        <line num="85" count="66" type="stmt"/>
        <line num="86" count="66" type="cond" truecount="2" falsecount="0"/>
        <line num="87" count="66" type="stmt"/>
        <line num="88" count="66" type="stmt"/>
        <line num="90" count="119" type="stmt"/>
        <line num="91" count="66" type="stmt"/>
        <line num="93" count="66" type="stmt"/>
        <line num="94" count="66" type="stmt"/>
        <line num="96" count="66" type="stmt"/>
        <line num="97" count="21" type="stmt"/>
        <line num="98" count="21" type="stmt"/>
        <line num="100" count="20" type="cond" truecount="3" falsecount="0"/>
        <line num="101" count="3" type="stmt"/>
        <line num="102" count="3" type="stmt"/>
        <line num="105" count="17" type="cond" truecount="2" falsecount="0"/>
        <line num="107" count="17" type="cond" truecount="3" falsecount="0"/>
        <line num="108" count="2" type="stmt"/>
        <line num="109" count="2" type="stmt"/>
        <line num="112" count="15" type="stmt"/>
        <line num="113" count="15" type="cond" truecount="2" falsecount="0"/>
        <line num="114" count="12" type="stmt"/>
        <line num="116" count="3" type="stmt"/>
        <line num="121" count="66" type="stmt"/>
        <line num="122" count="5" type="stmt"/>
        <line num="123" count="5" type="cond" truecount="0" falsecount="1"/>
        <line num="124" count="6" type="stmt"/>
        <line num="125" count="5" type="stmt"/>
        <line num="126" count="5" type="cond" truecount="3" falsecount="0"/>
        <line num="127" count="2" type="stmt"/>
        <line num="132" count="66" type="stmt"/>
        <line num="133" count="13" type="stmt"/>
        <line num="134" count="12" type="cond" truecount="1" falsecount="0"/>
        <line num="135" count="11" type="stmt"/>
        <line num="138" count="66" type="stmt"/>
        <line num="139" count="66" type="stmt"/>
        <line num="148" count="66" type="stmt"/>
        <line num="151" count="7" type="stmt"/>
        <line num="152" count="1" type="cond" truecount="0" falsecount="1"/>
        <line num="153" count="1" type="cond" truecount="2" falsecount="0"/>
        <line num="154" count="1" type="stmt"/>
        <line num="157" count="7" type="stmt"/>
        <line num="158" count="2" type="cond" truecount="1" falsecount="0"/>
        <line num="159" count="2" type="stmt"/>
        <line num="160" count="1" type="cond" truecount="0" falsecount="1"/>
        <line num="161" count="1" type="stmt"/>
        <line num="162" count="1" type="stmt"/>
        <line num="165" count="7" type="stmt"/>
        <line num="166" count="3" type="stmt"/>
        <line num="167" count="3" type="cond" truecount="1" falsecount="0"/>
        <line num="168" count="2" type="stmt"/>
        <line num="169" count="2" type="stmt"/>
        <line num="170" count="2" type="stmt"/>
        <line num="173" count="7" type="stmt"/>
        <line num="174" count="5" type="stmt"/>
        <line num="177" count="7" type="stmt"/>
        <line num="179" count="8" type="stmt"/>
        <line num="180" count="8" type="stmt"/>
        <line num="182" count="2" type="stmt"/>
        <line num="184" count="6" type="stmt"/>
        <line num="185" count="6" type="cond" truecount="1" falsecount="0"/>
        <line num="186" count="4" type="stmt"/>
        <line num="188" count="2" type="stmt"/>
      </file>
      <file name="index.ts" path="/home/user/faro_hall/src/lib/index.ts">
        <metrics statements="6" coveredstatements="6" conditionals="0" coveredconditionals="0" methods="0" coveredmethods="0"/>
        <line num="1" count="5" type="stmt"/>
        <line num="2" count="5" type="stmt"/>
        <line num="3" count="5" type="stmt"/>
        <line num="4" count="5" type="stmt"/>
        <line num="5" count="5" type="stmt"/>
        <line num="6" count="5" type="stmt"/>
      </file>
      <file name="persistence.ts" path="/home/user/faro_hall/src/lib/persistence.ts">
        <metrics statements="26" coveredstatements="26" conditionals="8" coveredconditionals="3" methods="4" coveredmethods="4"/>
        <line num="1" count="6" type="stmt"/>
        <line num="3" count="6" type="stmt"/>
        <line num="6" count="7" type="cond" truecount="1" falsecount="1"/>
        <line num="9" count="6" type="stmt"/>
        <line num="10" count="2" type="stmt"/>
        <line num="11" count="2" type="stmt"/>
        <line num="12" count="1" type="cond" truecount="1" falsecount="1"/>
        <line num="13" count="1" type="stmt"/>
        <line num="14" count="1" type="stmt"/>
        <line num="16" count="1" type="cond" truecount="0" falsecount="1"/>
        <line num="17" count="1" type="stmt"/>
        <line num="21" count="6" type="stmt"/>
        <line num="22" count="4" type="stmt"/>
        <line num="23" count="4" type="stmt"/>
        <line num="24" count="4" type="stmt"/>
        <line num="25" count="4" type="cond" truecount="1" falsecount="0"/>
        <line num="26" count="3" type="stmt"/>
        <line num="28" count="2" type="cond" truecount="0" falsecount="1"/>
        <line num="29" count="2" type="stmt"/>
        <line num="33" count="6" type="stmt"/>
        <line num="34" count="2" type="stmt"/>
        <line num="35" count="2" type="stmt"/>
        <line num="36" count="2" type="stmt"/>
        <line num="37" count="1" type="stmt"/>
        <line num="39" count="1" type="cond" truecount="0" falsecount="1"/>
        <line num="40" count="1" type="stmt"/>
      </file>
      <file name="players.ts" path="/home/user/faro_hall/src/lib/players.ts">
        <metrics statements="3" coveredstatements="3" conditionals="0" coveredconditionals="0" methods="1" coveredmethods="1"/>
        <line num="1" count="6" type="stmt"/>
        <line num="12" count="6" type="stmt"/>
        <line num="13" count="20" type="stmt"/>
      </file>
      <file name="rng.ts" path="/home/user/faro_hall/src/lib/rng.ts">
        <metrics statements="13" coveredstatements="13" conditionals="0" coveredconditionals="0" methods="3" coveredmethods="3"/>
        <line num="2" count="9" type="stmt"/>
        <line num="4" count="130" type="stmt"/>
        <line num="5" count="130" type="stmt"/>
        <line num="6" count="1342" type="stmt"/>
        <line num="7" count="1342" type="stmt"/>
        <line num="9" count="130" type="stmt"/>
        <line num="12" count="9" type="stmt"/>
        <line num="13" count="129" type="stmt"/>
        <line num="14" count="129" type="stmt"/>
        <line num="15" count="6483" type="stmt"/>
        <line num="16" count="6483" type="stmt"/>
        <line num="17" count="6483" type="stmt"/>
        <line num="18" count="6483" type="stmt"/>
      </file>
      <file name="schemas.ts" path="/home/user/faro_hall/src/lib/schemas.ts">
        <metrics statements="6" coveredstatements="6" conditionals="0" coveredconditionals="0" methods="0" coveredmethods="0"/>
        <line num="1" count="7" type="stmt"/>
        <line num="3" count="7" type="stmt"/>
        <line num="8" count="7" type="stmt"/>
        <line num="15" count="7" type="stmt"/>
        <line num="22" count="7" type="stmt"/>
        <line num="24" count="7" type="stmt"/>
      </file>
    </package>
    <package name="pages">
      <metrics statements="94" coveredstatements="92" conditionals="54" coveredconditionals="44" methods="22" coveredmethods="22"/>
      <file name="index.tsx" path="/home/user/faro_hall/src/pages/index.tsx">
        <metrics statements="94" coveredstatements="92" conditionals="54" coveredconditionals="44" methods="22" coveredmethods="22"/>
        <line num="1" count="5" type="stmt"/>
        <line num="2" count="5" type="stmt"/>
        <line num="7" count="5" type="stmt"/>
        <line num="9" count="5" type="stmt"/>
        <line num="12" count="5" type="stmt"/>
        <line num="15" count="5" type="stmt"/>
        <line num="16" count="78" type="stmt"/>
        <line num="17" count="78" type="stmt"/>
        <line num="19" count="78" type="stmt"/>
        <line num="25" count="78" type="stmt"/>
        <line num="26" count="78" type="stmt"/>
        <line num="27" count="78" type="stmt"/>
        <line num="28" count="78" type="stmt"/>
        <line num="30" count="1" type="stmt"/>
        <line num="31" count="1" type="stmt"/>
        <line num="34" count="78" type="stmt"/>
        <line num="35" count="78" type="stmt"/>
        <line num="38" count="78" type="stmt"/>
        <line num="39" count="72" type="cond" truecount="0" falsecount="1"/>
        <line num="40" count="72" type="stmt"/>
        <line num="41" count="72" type="stmt"/>
        <line num="42" count="72" type="cond" truecount="1" falsecount="0"/>
        <line num="43" count="2" type="cond" truecount="2" falsecount="0"/>
        <line num="44" count="2" type="stmt"/>
        <line num="53" count="78" type="stmt"/>
        <line num="54" count="74" type="cond" truecount="3" falsecount="0"/>
        <line num="55" count="74" type="stmt"/>
        <line num="56" count="74" type="stmt"/>
        <line num="59" count="0" type="stmt"/>
        <line num="64" count="78" type="stmt"/>
        <line num="65" count="78" type="stmt"/>
        <line num="66" count="78" type="stmt"/>
        <line num="67" count="78" type="stmt"/>
        <line num="68" count="78" type="stmt"/>
        <line num="69" count="78" type="stmt"/>
        <line num="72" count="78" type="stmt"/>
        <line num="73" count="40" type="stmt"/>
        <line num="74" count="40" type="stmt"/>
        <line num="75" count="39" type="stmt"/>
        <line num="76" count="39" type="stmt"/>
        <line num="78" count="1" type="stmt"/>
        <line num="79" count="1" type="stmt"/>
        <line num="83" count="78" type="stmt"/>
        <line num="84" count="3" type="cond" truecount="1" falsecount="1"/>
        <line num="85" count="3" type="cond" truecount="2" falsecount="1"/>
        <line num="86" count="3" type="stmt"/>
        <line num="87" count="3" type="stmt"/>
        <line num="88" count="3" type="stmt"/>
        <line num="89" count="2" type="stmt"/>
        <line num="91" count="2" type="stmt"/>
        <line num="92" count="4" type="cond" truecount="2" falsecount="0"/>
        <line num="94" count="1" type="cond" truecount="3" falsecount="1"/>
        <line num="98" count="78" type="stmt"/>
        <line num="99" count="4" type="cond" truecount="0" falsecount="1"/>
        <line num="100" count="4" type="stmt"/>
        <line num="101" count="4" type="stmt"/>
        <line num="102" count="4" type="cond" truecount="3" falsecount="0"/>
        <line num="103" count="4" type="cond" truecount="6" falsecount="2"/>
        <line num="104" count="4" type="stmt"/>
        <line num="110" count="78" type="stmt"/>
        <line num="111" count="1" type="stmt"/>
        <line num="114" count="78" type="stmt"/>
        <line num="115" count="78" type="stmt"/>
        <line num="117" count="78" type="stmt"/>
        <line num="118" count="5" type="cond" truecount="0" falsecount="1"/>
        <line num="119" count="5" type="stmt"/>
        <line num="120" count="5" type="stmt"/>
        <line num="121" count="5" type="stmt"/>
        <line num="123" count="0" type="stmt"/>
        <line num="125" count="5" type="stmt"/>
        <line num="126" count="5" type="cond" truecount="3" falsecount="1"/>
        <line num="127" count="5" type="stmt"/>
        <line num="128" count="5" type="stmt"/>
        <line num="129" count="5" type="cond" truecount="1" falsecount="1"/>
        <line num="130" count="5" type="stmt"/>
        <line num="131" count="5" type="stmt"/>
        <line num="133" count="5" type="stmt"/>
        <line num="135" count="5" type="stmt"/>
        <line num="136" count="5" type="cond" truecount="4" falsecount="0"/>
        <line num="137" count="4" type="stmt"/>
        <line num="138" count="1" type="cond" truecount="1" falsecount="0"/>
        <line num="139" count="1" type="stmt"/>
        <line num="144" count="5" type="cond" truecount="3" falsecount="0"/>
        <line num="145" count="5" type="stmt"/>
        <line num="149" count="78" type="cond" truecount="1" falsecount="0"/>
        <line num="151" count="77" type="stmt"/>
        <line num="163" count="16" type="stmt"/>
        <line num="177" count="1" type="stmt"/>
        <line num="178" count="154" type="stmt"/>
        <line num="184" count="2" type="stmt"/>
        <line num="189" count="4" type="cond" truecount="2" falsecount="0"/>
        <line num="193" count="1" type="stmt"/>
        <line num="204" count="2" type="stmt"/>
        <line num="211" count="154" type="stmt"/>
      </file>
    </package>
    <package name="utils">
      <metrics statements="60" coveredstatements="45" conditionals="32" coveredconditionals="13" methods="13" coveredmethods="9"/>
      <file name="seed.ts" path="/home/user/faro_hall/src/utils/seed.ts">
        <metrics statements="49" coveredstatements="35" conditionals="27" coveredconditionals="10" methods="11" coveredmethods="7"/>
        <line num="4" count="1" type="stmt"/>
        <line num="6" count="1" type="stmt"/>
        <line num="7" count="1" type="stmt"/>
        <line num="8" count="1" type="stmt"/>
        <line num="9" count="0" type="stmt"/>
        <line num="11" count="1" type="stmt"/>
        <line num="13" count="0" type="stmt"/>
        <line num="17" count="1" type="stmt"/>
        <line num="18" count="1" type="stmt"/>
        <line num="19" count="1" type="stmt"/>
        <line num="20" count="1" type="stmt"/>
        <line num="21" count="1" type="stmt"/>
        <line num="22" count="1" type="stmt"/>
        <line num="23" count="20" type="stmt"/>
        <line num="24" count="20" type="cond" truecount="1" falsecount="1"/>
        <line num="26" count="1" type="stmt"/>
        <line num="28" count="0" type="stmt"/>
        <line num="32" count="1" type="stmt"/>
        <line num="33" count="1" type="stmt"/>
        <line num="34" count="1" type="cond" truecount="0" falsecount="1"/>
        <line num="35" count="1" type="stmt"/>
        <line num="36" count="1" type="stmt"/>
        <line num="37" count="1" type="cond" truecount="1" falsecount="0"/>
        <line num="38" count="1" type="stmt"/>
        <line num="41" count="1" type="stmt"/>
        <line num="42" count="1" type="stmt"/>
        <line num="43" count="1" type="cond" truecount="4" falsecount="1"/>
        <line num="44" count="1" type="stmt"/>
        <line num="45" count="1" type="cond" truecount="0" falsecount="1"/>
        <line num="46" count="1" type="stmt"/>
        <line num="48" count="0" type="cond" truecount="0" falsecount="2"/>
        <line num="49" count="0" type="cond" truecount="0" falsecount="1"/>
        <line num="50" count="0" type="stmt"/>
        <line num="54" count="1" type="stmt"/>
        <line num="55" count="1" type="cond" truecount="0" falsecount="2"/>
        <line num="56" count="1" type="cond" truecount="0" falsecount="1"/>
        <line num="57" count="1" type="cond" truecount="1" falsecount="0"/>
        <line num="58" count="1" type="cond" truecount="3" falsecount="1"/>
        <line num="59" count="0" type="stmt"/>
        <line num="60" count="0" type="stmt"/>
        <line num="61" count="0" type="stmt"/>
        <line num="64" count="1" type="stmt"/>
        <line num="65" count="11" type="stmt"/>
        <line num="66" count="1" type="stmt"/>
        <line num="68" count="0" type="cond" truecount="0" falsecount="4"/>
        <line num="69" count="0" type="stmt"/>
        <line num="70" count="0" type="stmt"/>
        <line num="71" count="0" type="cond" truecount="0" falsecount="2"/>
        <line num="73" count="0" type="stmt"/>
      </file>
      <file name="serialize.ts" path="/home/user/faro_hall/src/utils/serialize.ts">
        <metrics statements="11" coveredstatements="10" conditionals="5" coveredconditionals="3" methods="2" coveredmethods="2"/>
        <line num="12" count="2" type="cond" truecount="0" falsecount="1"/>
        <line num="13" count="4" type="stmt"/>
        <line num="14" count="4" type="cond" truecount="1" falsecount="0"/>
        <line num="15" count="1" type="stmt"/>
        <line num="17" count="4" type="stmt"/>
        <line num="20" count="2" type="stmt"/>
        <line num="21" count="3" type="stmt"/>
        <line num="22" count="3" type="stmt"/>
        <line num="23" count="3" type="cond" truecount="2" falsecount="1"/>
        <line num="24" count="3" type="stmt"/>
        <line num="26" count="0" type="stmt"/>
      </file>
    </package>
  </project>
</coverage>
