{"/home/user/faro_hall/src/components/BettingBoard.tsx": {"path":"/home/user/faro_hall/src/components/BettingBoard.tsx","statementMap":{"0":{"start":{"line":1,"column":0},"end":{"line":1,"column":40}},"1":{"start":{"line":2,"column":0},"end":{"line":2,"column":54}},"2":{"start":{"line":3,"column":0},"end":{"line":3,"column":49}},"3":{"start":{"line":22,"column":2},"end":{"line":22,"column":52}},"4":{"start":{"line":22,"column":35},"end":{"line":22,"column":40}},"5":{"start":{"line":26,"column":2},"end":{"line":26,"column":75}},"6":{"start":{"line":26,"column":34},"end":{"line":26,"column":38}},"7":{"start":{"line":42,"column":29},"end":{"line":49,"column":2}},"8":{"start":{"line":51,"column":32},"end":{"line":58,"column":2}},"9":{"start":{"line":60,"column":28},"end":{"line":60,"column":72}},"10":{"start":{"line":62,"column":29},"end":{"line":91,"column":2}},"11":{"start":{"line":94,"column":22},"end":{"line":97,"column":2}},"12":{"start":{"line":100,"column":2},"end":{"line":100,"column":51}},"13":{"start":{"line":103,"column":50},"end":{"line":249,"column":1}},"14":{"start":{"line":111,"column":42},"end":{"line":111,"column":71}},"15":{"start":{"line":114,"column":22},"end":{"line":114,"column":47}},"16":{"start":{"line":115,"column":2},"end":{"line":115,"column":54}},"17":{"start":{"line":115,"column":28},"end":{"line":115,"column":52}},"18":{"start":{"line":116,"column":24},"end":{"line":116,"column":81}},"19":{"start":{"line":116,"column":65},"end":{"line":116,"column":79}},"20":{"start":{"line":120,"column":30},"end":{"line":120,"column":98}},"21":{"start":{"line":121,"column":2},"end":{"line":131,"column":3}},"22":{"start":{"line":122,"column":15},"end":{"line":122,"column":33}},"23":{"start":{"line":123,"column":4},"end":{"line":123,"column":77}},"24":{"start":{"line":123,"column":38},"end":{"line":123,"column":77}},"25":{"start":{"line":124,"column":22},"end":{"line":124,"column":50}},"26":{"start":{"line":125,"column":16},"end":{"line":125,"column":42}},"27":{"start":{"line":126,"column":17},"end":{"line":126,"column":68}},"28":{"start":{"line":127,"column":4},"end":{"line":130,"column":7}},"29":{"start":{"line":133,"column":16},"end":{"line":133,"column":69}},"30":{"start":{"line":133,"column":32},"end":{"line":133,"column":69}},"31":{"start":{"line":135,"column":25},"end":{"line":157,"column":3}},"32":{"start":{"line":136,"column":22},"end":{"line":136,"column":50}},"33":{"start":{"line":137,"column":4},"end":{"line":137,"column":56}},"34":{"start":{"line":137,"column":44},"end":{"line":137,"column":56}},"35":{"start":{"line":139,"column":4},"end":{"line":156,"column":7}},"36":{"start":{"line":140,"column":18},"end":{"line":140,"column":43}},"37":{"start":{"line":141,"column":20},"end":{"line":141,"column":64}},"38":{"start":{"line":142,"column":20},"end":{"line":142,"column":42}},"39":{"start":{"line":143,"column":22},"end":{"line":143,"column":50}},"40":{"start":{"line":144,"column":6},"end":{"line":155,"column":8}},"41":{"start":{"line":159,"column":21},"end":{"line":196,"column":3}},"42":{"start":{"line":160,"column":16},"end":{"line":160,"column":36}},"43":{"start":{"line":161,"column":18},"end":{"line":161,"column":37}},"44":{"start":{"line":162,"column":19},"end":{"line":162,"column":57}},"45":{"start":{"line":163,"column":20},"end":{"line":163,"column":36}},"46":{"start":{"line":164,"column":21},"end":{"line":164,"column":45}},"47":{"start":{"line":165,"column":20},"end":{"line":165,"column":43}},"48":{"start":{"line":166,"column":23},"end":{"line":166,"column":54}},"49":{"start":{"line":168,"column":16},"end":{"line":174,"column":31}},"50":{"start":{"line":176,"column":20},"end":{"line":176,"column":92}},"51":{"start":{"line":177,"column":21},"end":{"line":179,"column":9}},"52":{"start":{"line":178,"column":57},"end":{"line":178,"column":64}},"53":{"start":{"line":181,"column":4},"end":{"line":195,"column":6}},"54":{"start":{"line":186,"column":23},"end":{"line":186,"column":41}},"55":{"start":{"line":187,"column":28},"end":{"line":187,"column":56}},"56":{"start":{"line":188,"column":28},"end":{"line":188,"column":49}},"57":{"start":{"line":198,"column":21},"end":{"line":228,"column":3}},"58":{"start":{"line":199,"column":16},"end":{"line":199,"column":35}},"59":{"start":{"line":200,"column":18},"end":{"line":200,"column":37}},"60":{"start":{"line":201,"column":19},"end":{"line":201,"column":57}},"61":{"start":{"line":202,"column":21},"end":{"line":202,"column":44}},"62":{"start":{"line":203,"column":23},"end":{"line":203,"column":64}},"63":{"start":{"line":205,"column":16},"end":{"line":209,"column":31}},"64":{"start":{"line":211,"column":4},"end":{"line":227,"column":6}},"65":{"start":{"line":216,"column":23},"end":{"line":216,"column":40}},"66":{"start":{"line":217,"column":28},"end":{"line":217,"column":55}},"67":{"start":{"line":218,"column":28},"end":{"line":218,"column":49}},"68":{"start":{"line":219,"column":50},"end":{"line":219,"column":64}},"69":{"start":{"line":230,"column":21},"end":{"line":234,"column":10}},"70":{"start":{"line":233,"column":30},"end":{"line":233,"column":44}},"71":{"start":{"line":236,"column":2},"end":{"line":248,"column":4}},"72":{"start":{"line":251,"column":0},"end":{"line":251,"column":28}}},"fnMap":{"0":{"name":"zoneKey","decl":{"start":{"line":21,"column":9},"end":{"line":21,"column":16}},"loc":{"start":{"line":21,"column":30},"end":{"line":23,"column":1}}},"1":{"name":"(anonymous_11)","decl":{"start":{"line":22,"column":25},"end":{"line":22,"column":26}},"loc":{"start":{"line":22,"column":35},"end":{"line":22,"column":40}}},"2":{"name":"initials","decl":{"start":{"line":25,"column":9},"end":{"line":25,"column":17}},"loc":{"start":{"line":25,"column":30},"end":{"line":27,"column":1}}},"3":{"name":"(anonymous_13)","decl":{"start":{"line":26,"column":29},"end":{"line":26,"column":30}},"loc":{"start":{"line":26,"column":34},"end":{"line":26,"column":38}}},"4":{"name":"playerColor","decl":{"start":{"line":99,"column":9},"end":{"line":99,"column":20}},"loc":{"start":{"line":99,"column":32},"end":{"line":101,"column":1}}},"5":{"name":"(anonymous_15)","decl":{"start":{"line":103,"column":50},"end":{"line":103,"column":51}},"loc":{"start":{"line":110,"column":5},"end":{"line":249,"column":1}}},"6":{"name":"(anonymous_16)","decl":{"start":{"line":115,"column":18},"end":{"line":115,"column":19}},"loc":{"start":{"line":115,"column":28},"end":{"line":115,"column":52}}},"7":{"name":"(anonymous_17)","decl":{"start":{"line":116,"column":60},"end":{"line":116,"column":61}},"loc":{"start":{"line":116,"column":65},"end":{"line":116,"column":79}}},"8":{"name":"(anonymous_18)","decl":{"start":{"line":133,"column":16},"end":{"line":133,"column":17}},"loc":{"start":{"line":133,"column":32},"end":{"line":133,"column":69}}},"9":{"name":"(anonymous_19)","decl":{"start":{"line":135,"column":25},"end":{"line":135,"column":26}},"loc":{"start":{"line":135,"column":41},"end":{"line":157,"column":3}}},"10":{"name":"(anonymous_20)","decl":{"start":{"line":139,"column":47},"end":{"line":139,"column":48}},"loc":{"start":{"line":139,"column":63},"end":{"line":156,"column":5}}},"11":{"name":"(anonymous_21)","decl":{"start":{"line":159,"column":21},"end":{"line":159,"column":22}},"loc":{"start":{"line":159,"column":39},"end":{"line":196,"column":3}}},"12":{"name":"(anonymous_22)","decl":{"start":{"line":178,"column":32},"end":{"line":178,"column":33}},"loc":{"start":{"line":178,"column":57},"end":{"line":178,"column":64}}},"13":{"name":"(anonymous_23)","decl":{"start":{"line":186,"column":17},"end":{"line":186,"column":20}},"loc":{"start":{"line":186,"column":23},"end":{"line":186,"column":41}}},"14":{"name":"(anonymous_24)","decl":{"start":{"line":187,"column":22},"end":{"line":187,"column":25}},"loc":{"start":{"line":187,"column":28},"end":{"line":187,"column":56}}},"15":{"name":"(anonymous_25)","decl":{"start":{"line":188,"column":22},"end":{"line":188,"column":25}},"loc":{"start":{"line":188,"column":28},"end":{"line":188,"column":49}}},"16":{"name":"(anonymous_26)","decl":{"start":{"line":198,"column":21},"end":{"line":198,"column":22}},"loc":{"start":{"line":198,"column":39},"end":{"line":228,"column":3}}},"17":{"name":"(anonymous_27)","decl":{"start":{"line":216,"column":17},"end":{"line":216,"column":20}},"loc":{"start":{"line":216,"column":23},"end":{"line":216,"column":40}}},"18":{"name":"(anonymous_28)","decl":{"start":{"line":217,"column":22},"end":{"line":217,"column":25}},"loc":{"start":{"line":217,"column":28},"end":{"line":217,"column":55}}},"19":{"name":"(anonymous_29)","decl":{"start":{"line":218,"column":22},"end":{"line":218,"column":25}},"loc":{"start":{"line":218,"column":28},"end":{"line":218,"column":49}}},"20":{"name":"(anonymous_30)","decl":{"start":{"line":219,"column":45},"end":{"line":219,"column":46}},"loc":{"start":{"line":219,"column":50},"end":{"line":219,"column":64}}},"21":{"name":"(anonymous_31)","decl":{"start":{"line":233,"column":25},"end":{"line":233,"column":26}},"loc":{"start":{"line":233,"column":30},"end":{"line":233,"column":44}}}},"branchMap":{"0":{"loc":{"start":{"line":109,"column":2},"end":{"line":109,"column":14}},"type":"default-arg","locations":[{"start":{"line":109,"column":12},"end":{"line":109,"column":14}}]},"1":{"loc":{"start":{"line":123,"column":4},"end":{"line":123,"column":77}},"type":"if","locations":[{"start":{"line":123,"column":4},"end":{"line":123,"column":77}}]},"2":{"loc":{"start":{"line":125,"column":16},"end":{"line":125,"column":42}},"type":"binary-expr","locations":[{"start":{"line":125,"column":16},"end":{"line":125,"column":28}},{"start":{"line":125,"column":32},"end":{"line":125,"column":42}}]},"3":{"loc":{"start":{"line":126,"column":17},"end":{"line":126,"column":68}},"type":"binary-expr","locations":[{"start":{"line":126,"column":17},"end":{"line":126,"column":35}},{"start":{"line":126,"column":39},"end":{"line":126,"column":68}}]},"4":{"loc":{"start":{"line":129,"column":16},"end":{"line":129,"column":47}},"type":"binary-expr","locations":[{"start":{"line":129,"column":16},"end":{"line":129,"column":29}},{"start":{"line":129,"column":33},"end":{"line":129,"column":47}}]},"5":{"loc":{"start":{"line":133,"column":32},"end":{"line":133,"column":69}},"type":"binary-expr","locations":[{"start":{"line":133,"column":32},"end":{"line":133,"column":60}},{"start":{"line":133,"column":64},"end":{"line":133,"column":69}}]},"6":{"loc":{"start":{"line":137,"column":4},"end":{"line":137,"column":56}},"type":"if","locations":[{"start":{"line":137,"column":4},"end":{"line":137,"column":56}}]},"7":{"loc":{"start":{"line":137,"column":8},"end":{"line":137,"column":42}},"type":"binary-expr","locations":[{"start":{"line":137,"column":8},"end":{"line":137,"column":18}},{"start":{"line":137,"column":22},"end":{"line":137,"column":42}}]},"8":{"loc":{"start":{"line":140,"column":18},"end":{"line":140,"column":43}},"type":"binary-expr","locations":[{"start":{"line":140,"column":18},"end":{"line":140,"column":38}},{"start":{"line":140,"column":42},"end":{"line":140,"column":43}}]},"9":{"loc":{"start":{"line":141,"column":20},"end":{"line":141,"column":64}},"type":"cond-expr","locations":[{"start":{"line":141,"column":36},"end":{"line":141,"column":45}},{"start":{"line":141,"column":48},"end":{"line":141,"column":64}}]},"10":{"loc":{"start":{"line":143,"column":22},"end":{"line":143,"column":50}},"type":"cond-expr","locations":[{"start":{"line":143,"column":30},"end":{"line":143,"column":45}},{"start":{"line":143,"column":48},"end":{"line":143,"column":50}}]},"11":{"loc":{"start":{"line":150,"column":17},"end":{"line":150,"column":91}},"type":"cond-expr","locations":[{"start":{"line":150,"column":25},"end":{"line":150,"column":79}},{"start":{"line":150,"column":82},"end":{"line":150,"column":91}}]},"12":{"loc":{"start":{"line":150,"column":52},"end":{"line":150,"column":77}},"type":"cond-expr","locations":[{"start":{"line":150,"column":68},"end":{"line":150,"column":72}},{"start":{"line":150,"column":75},"end":{"line":150,"column":77}}]},"13":{"loc":{"start":{"line":152,"column":11},"end":{"line":152,"column":75}},"type":"binary-expr","locations":[{"start":{"line":152,"column":11},"end":{"line":152,"column":18}},{"start":{"line":152,"column":22},"end":{"line":152,"column":75}}]},"14":{"loc":{"start":{"line":162,"column":19},"end":{"line":162,"column":57}},"type":"binary-expr","locations":[{"start":{"line":162,"column":19},"end":{"line":162,"column":26}},{"start":{"line":162,"column":31},"end":{"line":162,"column":57}}]},"15":{"loc":{"start":{"line":170,"column":6},"end":{"line":170,"column":64}},"type":"cond-expr","locations":[{"start":{"line":170,"column":41},"end":{"line":170,"column":59}},{"start":{"line":170,"column":62},"end":{"line":170,"column":64}}]},"16":{"loc":{"start":{"line":170,"column":6},"end":{"line":170,"column":38}},"type":"binary-expr","locations":[{"start":{"line":170,"column":6},"end":{"line":170,"column":13}},{"start":{"line":170,"column":17},"end":{"line":170,"column":26}},{"start":{"line":170,"column":30},"end":{"line":170,"column":38}}]},"17":{"loc":{"start":{"line":171,"column":6},"end":{"line":171,"column":39}},"type":"cond-expr","locations":[{"start":{"line":171,"column":17},"end":{"line":171,"column":34}},{"start":{"line":171,"column":37},"end":{"line":171,"column":39}}]},"18":{"loc":{"start":{"line":172,"column":6},"end":{"line":172,"column":37}},"type":"cond-expr","locations":[{"start":{"line":172,"column":16},"end":{"line":172,"column":32}},{"start":{"line":172,"column":35},"end":{"line":172,"column":37}}]},"19":{"loc":{"start":{"line":173,"column":6},"end":{"line":173,"column":40}},"type":"cond-expr","locations":[{"start":{"line":173,"column":19},"end":{"line":173,"column":35}},{"start":{"line":173,"column":38},"end":{"line":173,"column":40}}]},"20":{"loc":{"start":{"line":176,"column":20},"end":{"line":176,"column":92}},"type":"cond-expr","locations":[{"start":{"line":176,"column":33},"end":{"line":176,"column":68}},{"start":{"line":176,"column":71},"end":{"line":176,"column":92}}]},"21":{"loc":{"start":{"line":177,"column":21},"end":{"line":179,"column":9}},"type":"cond-expr","locations":[{"start":{"line":178,"column":9},"end":{"line":178,"column":68}},{"start":{"line":179,"column":8},"end":{"line":179,"column":9}}]},"22":{"loc":{"start":{"line":189,"column":55},"end":{"line":189,"column":84}},"type":"cond-expr","locations":[{"start":{"line":189,"column":64},"end":{"line":189,"column":79}},{"start":{"line":189,"column":82},"end":{"line":189,"column":84}}]},"23":{"loc":{"start":{"line":193,"column":9},"end":{"line":193,"column":66}},"type":"binary-expr","locations":[{"start":{"line":193,"column":9},"end":{"line":193,"column":15}},{"start":{"line":193,"column":19},"end":{"line":193,"column":66}}]},"24":{"loc":{"start":{"line":201,"column":19},"end":{"line":201,"column":57}},"type":"binary-expr","locations":[{"start":{"line":201,"column":19},"end":{"line":201,"column":26}},{"start":{"line":201,"column":31},"end":{"line":201,"column":57}}]},"25":{"loc":{"start":{"line":203,"column":23},"end":{"line":203,"column":64}},"type":"binary-expr","locations":[{"start":{"line":203,"column":23},"end":{"line":203,"column":46}},{"start":{"line":203,"column":50},"end":{"line":203,"column":64}}]},"26":{"loc":{"start":{"line":207,"column":6},"end":{"line":207,"column":93}},"type":"cond-expr","locations":[{"start":{"line":207,"column":17},"end":{"line":207,"column":34}},{"start":{"line":207,"column":37},"end":{"line":207,"column":93}}]},"27":{"loc":{"start":{"line":207,"column":37},"end":{"line":207,"column":93}},"type":"cond-expr","locations":[{"start":{"line":207,"column":50},"end":{"line":207,"column":69}},{"start":{"line":207,"column":72},"end":{"line":207,"column":93}}]},"28":{"loc":{"start":{"line":208,"column":6},"end":{"line":208,"column":37}},"type":"cond-expr","locations":[{"start":{"line":208,"column":15},"end":{"line":208,"column":32}},{"start":{"line":208,"column":35},"end":{"line":208,"column":37}}]},"29":{"loc":{"start":{"line":219,"column":80},"end":{"line":219,"column":109}},"type":"cond-expr","locations":[{"start":{"line":219,"column":89},"end":{"line":219,"column":104}},{"start":{"line":219,"column":107},"end":{"line":219,"column":109}}]},"30":{"loc":{"start":{"line":221,"column":9},"end":{"line":224,"column":null}},"type":"cond-expr","locations":[{"start":{"line":222,"column":10},"end":{"line":222,"column":57}},{"start":{"line":224,"column":10},"end":{"line":224,"column":45}}]},"31":{"loc":{"start":{"line":230,"column":21},"end":{"line":234,"column":10}},"type":"cond-expr","locations":[{"start":{"line":231,"column":6},"end":{"line":233,"column":57}},{"start":{"line":234,"column":6},"end":{"line":234,"column":10}}]},"32":{"loc":{"start":{"line":231,"column":6},"end":{"line":233,"column":57}},"type":"cond-expr","locations":[{"start":{"line":232,"column":8},"end":{"line":232,"column":36}},{"start":{"line":233,"column":8},"end":{"line":233,"column":57}}]},"33":{"loc":{"start":{"line":237,"column":39},"end":{"line":237,"column":54}},"type":"binary-expr","locations":[{"start":{"line":237,"column":39},"end":{"line":237,"column":48}},{"start":{"line":237,"column":52},"end":{"line":237,"column":54}}]},"34":{"loc":{"start":{"line":245,"column":9},"end":{"line":245,"column":78}},"type":"binary-expr","locations":[{"start":{"line":245,"column":9},"end":{"line":245,"column":19}},{"start":{"line":245,"column":23},"end":{"line":245,"column":78}}]}},"s":{"0":1,"1":1,"2":1,"3":188,"4":235,"5":3,"6":3,"7":1,"8":1,"9":1,"10":1,"11":1,"12":3,"13":1,"14":5,"15":5,"16":5,"17":3,"18":5,"19":3,"20":5,"21":5,"22":3,"23":3,"24":2,"25":3,"26":3,"27":3,"28":3,"29":5,"30":65,"31":5,"32":185,"33":185,"34":183,"35":2,"36":3,"37":3,"38":3,"39":3,"40":3,"41":5,"42":65,"43":65,"44":65,"45":65,"46":65,"47":65,"48":65,"49":65,"50":65,"51":65,"52":3,"53":65,"54":1,"55":0,"56":0,"57":5,"58":120,"59":120,"60":120,"61":120,"62":120,"63":120,"64":120,"65":0,"66":0,"67":0,"68":295,"69":5,"70":0,"71":5,"72":1},"f":{"0":188,"1":235,"2":3,"3":3,"4":3,"5":5,"6":3,"7":3,"8":65,"9":185,"10":3,"11":65,"12":3,"13":1,"14":0,"15":0,"16":120,"17":0,"18":0,"19":0,"20":295,"21":0},"b":{"0":[3],"1":[2],"2":[3,0],"3":[3,3],"4":[3,3],"5":[65,65],"6":[183],"7":[185,2],"8":[3,0],"9":[0,3],"10":[3,0],"11":[3,0],"12":[0,3],"13":[3,3],"14":[65,2],"15":[0,65],"16":[65,0,0],"17":[1,64],"18":[1,64],"19":[5,60],"20":[5,60],"21":[2,63],"22":[2,63],"23":[65,2],"24":[120,0],"25":[120,90],"26":[25,95],"27":[30,65],"28":[0,120],"29":[0,120],"30":[0,120],"31":[0,5],"32":[0,0],"33":[5,5],"34":[5,0]}}
,"/home/user/faro_hall/src/components/CasekeeperPanel.tsx": {"path":"/home/user/faro_hall/src/components/CasekeeperPanel.tsx","statementMap":{"0":{"start":{"line":1,"column":0},"end":{"line":1,"column":26}},"1":{"start":{"line":2,"column":0},"end":{"line":2,"column":52}},"2":{"start":{"line":3,"column":0},"end":{"line":3,"column":43}},"3":{"start":{"line":10,"column":14},"end":{"line":10,"column":66}},"4":{"start":{"line":13,"column":17},"end":{"line":13,"column":38}},"5":{"start":{"line":14,"column":2},"end":{"line":18,"column":3}},"6":{"start":{"line":15,"column":4},"end":{"line":17,"column":5}},"7":{"start":{"line":16,"column":6},"end":{"line":16,"column":26}},"8":{"start":{"line":19,"column":2},"end":{"line":19,"column":16}},"9":{"start":{"line":22,"column":56},"end":{"line":56,"column":1}},"10":{"start":{"line":23,"column":17},"end":{"line":25,"column":27}},"11":{"start":{"line":27,"column":2},"end":{"line":55,"column":4}},"12":{"start":{"line":34,"column":24},"end":{"line":34,"column":36}},"13":{"start":{"line":35,"column":24},"end":{"line":35,"column":41}},"14":{"start":{"line":37,"column":10},"end":{"line":51,"column":12}},"15":{"start":{"line":43,"column":18},"end":{"line":44,"column":null}},"16":{"start":{"line":58,"column":0},"end":{"line":58,"column":31}}},"fnMap":{"0":{"name":"burntCountsFromArray","decl":{"start":{"line":12,"column":9},"end":{"line":12,"column":29}},"loc":{"start":{"line":12,"column":55},"end":{"line":20,"column":1}}},"1":{"name":"(anonymous_2)","decl":{"start":{"line":22,"column":56},"end":{"line":22,"column":57}},"loc":{"start":{"line":22,"column":81},"end":{"line":56,"column":1}}},"2":{"name":"(anonymous_3)","decl":{"start":{"line":33,"column":19},"end":{"line":33,"column":23}},"loc":{"start":{"line":33,"column":26},"end":{"line":52,"column":9}}},"3":{"name":"(anonymous_4)","decl":{"start":{"line":42,"column":34},"end":{"line":42,"column":35}},"loc":{"start":{"line":43,"column":18},"end":{"line":44,"column":null}}}},"branchMap":{"0":{"loc":{"start":{"line":15,"column":4},"end":{"line":17,"column":5}},"type":"if","locations":[{"start":{"line":15,"column":4},"end":{"line":17,"column":5}}]},"1":{"loc":{"start":{"line":15,"column":8},"end":{"line":15,"column":70}},"type":"binary-expr","locations":[{"start":{"line":15,"column":8},"end":{"line":15,"column":9}},{"start":{"line":15,"column":13},"end":{"line":15,"column":39}},{"start":{"line":15,"column":43},"end":{"line":15,"column":54}},{"start":{"line":15,"column":58},"end":{"line":15,"column":70}}]},"2":{"loc":{"start":{"line":23,"column":17},"end":{"line":25,"column":27}},"type":"cond-expr","locations":[{"start":{"line":24,"column":6},"end":{"line":24,"column":33}},{"start":{"line":25,"column":6},"end":{"line":25,"column":27}}]},"3":{"loc":{"start":{"line":23,"column":17},"end":{"line":23,"column":42}},"type":"binary-expr","locations":[{"start":{"line":23,"column":17},"end":{"line":23,"column":22}},{"start":{"line":23,"column":26},"end":{"line":23,"column":42}}]},"4":{"loc":{"start":{"line":29,"column":32},"end":{"line":29,"column":47}},"type":"binary-expr","locations":[{"start":{"line":29,"column":32},"end":{"line":29,"column":41}},{"start":{"line":29,"column":45},"end":{"line":29,"column":47}}]},"5":{"loc":{"start":{"line":45,"column":31},"end":{"line":45,"column":77}},"type":"cond-expr","locations":[{"start":{"line":45,"column":43},"end":{"line":45,"column":59}},{"start":{"line":45,"column":62},"end":{"line":45,"column":77}}]},"6":{"loc":{"start":{"line":46,"column":30},"end":{"line":46,"column":60}},"type":"cond-expr","locations":[{"start":{"line":46,"column":42},"end":{"line":46,"column":50}},{"start":{"line":46,"column":53},"end":{"line":46,"column":60}}]}},"s":{"0":3,"1":3,"2":3,"3":3,"4":4,"5":4,"6":16,"7":16,"8":4,"9":3,"10":8,"11":8,"12":104,"13":104,"14":104,"15":416,"16":3},"f":{"0":4,"1":8,"2":104,"3":416},"b":{"0":[16],"1":[16,16,16,16],"2":[4,4],"3":[8,8],"4":[8,8],"5":[16,400],"6":[16,400]}}
,"/home/user/faro_hall/src/components/Controls.tsx": {"path":"/home/user/faro_hall/src/components/Controls.tsx","statementMap":{"0":{"start":{"line":1,"column":0},"end":{"line":1,"column":40}},"1":{"start":{"line":2,"column":0},"end":{"line":2,"column":50}},"2":{"start":{"line":6,"column":42},"end":{"line":17,"column":1}},"3":{"start":{"line":7,"column":28},"end":{"line":7,"column":40}},"4":{"start":{"line":8,"column":2},"end":{"line":16,"column":4}},"5":{"start":{"line":11,"column":29},"end":{"line":11,"column":46}},"6":{"start":{"line":12,"column":64},"end":{"line":12,"column":88}},"7":{"start":{"line":19,"column":0},"end":{"line":19,"column":24}}},"fnMap":{"0":{"name":"(anonymous_10)","decl":{"start":{"line":6,"column":42},"end":{"line":6,"column":43}},"loc":{"start":{"line":6,"column":99},"end":{"line":17,"column":1}}},"1":{"name":"(anonymous_11)","decl":{"start":{"line":11,"column":23},"end":{"line":11,"column":26}},"loc":{"start":{"line":11,"column":29},"end":{"line":11,"column":46}}},"2":{"name":"(anonymous_12)","decl":{"start":{"line":12,"column":61},"end":{"line":12,"column":62}},"loc":{"start":{"line":12,"column":64},"end":{"line":12,"column":88}}}},"branchMap":{},"s":{"0":1,"1":1,"2":1,"3":1,"4":1,"5":0,"6":0,"7":1},"f":{"0":1,"1":0,"2":0},"b":{}}
,"/home/user/faro_hall/src/components/PlayerList.tsx": {"path":"/home/user/faro_hall/src/components/PlayerList.tsx","statementMap":{"0":{"start":{"line":1,"column":0},"end":{"line":1,"column":40}},"1":{"start":{"line":2,"column":0},"end":{"line":2,"column":52}},"2":{"start":{"line":21,"column":17},"end":{"line":22,"column":67}},"3":{"start":{"line":22,"column":2},"end":{"line":22,"column":67}},"4":{"start":{"line":22,"column":27},"end":{"line":22,"column":31}},"5":{"start":{"line":24,"column":46},"end":{"line":132,"column":1}},"6":{"start":{"line":33,"column":36},"end":{"line":33,"column":65}},"7":{"start":{"line":34,"column":36},"end":{"line":34,"column":48}},"8":{"start":{"line":36,"column":20},"end":{"line":40,"column":3}},"9":{"start":{"line":37,"column":4},"end":{"line":37,"column":24}},"10":{"start":{"line":38,"column":4},"end":{"line":38,"column":23}},"11":{"start":{"line":39,"column":4},"end":{"line":39,"column":25}},"12":{"start":{"line":42,"column":21},"end":{"line":46,"column":3}},"13":{"start":{"line":43,"column":20},"end":{"line":43,"column":36}},"14":{"start":{"line":44,"column":4},"end":{"line":44,"column":63}},"15":{"start":{"line":44,"column":35},"end":{"line":44,"column":63}},"16":{"start":{"line":45,"column":4},"end":{"line":45,"column":23}},"17":{"start":{"line":48,"column":21},"end":{"line":48,"column":45}},"18":{"start":{"line":48,"column":27},"end":{"line":48,"column":45}},"19":{"start":{"line":50,"column":2},"end":{"line":131,"column":4}},"20":{"start":{"line":53,"column":20},"end":{"line":53,"column":90}},"21":{"start":{"line":54,"column":24},"end":{"line":54,"column":42}},"22":{"start":{"line":55,"column":26},"end":{"line":55,"column":50}},"23":{"start":{"line":56,"column":26},"end":{"line":56,"column":44}},"24":{"start":{"line":58,"column":8},"end":{"line":122,"column":10}},"25":{"start":{"line":65,"column":29},"end":{"line":65,"column":67}},"26":{"start":{"line":75,"column":35},"end":{"line":75,"column":63}},"27":{"start":{"line":76,"column":34},"end":{"line":76,"column":50}},"28":{"start":{"line":78,"column":22},"end":{"line":78,"column":62}},"29":{"start":{"line":78,"column":45},"end":{"line":78,"column":62}},"30":{"start":{"line":79,"column":22},"end":{"line":79,"column":59}},"31":{"start":{"line":79,"column":46},"end":{"line":79,"column":59}},"32":{"start":{"line":81,"column":34},"end":{"line":81,"column":53}},"33":{"start":{"line":102,"column":32},"end":{"line":102,"column":47}},"34":{"start":{"line":112,"column":34},"end":{"line":112,"column":54}},"35":{"start":{"line":112,"column":55},"end":{"line":112,"column":76}},"36":{"start":{"line":134,"column":0},"end":{"line":134,"column":26}}},"fnMap":{"0":{"name":"(anonymous_10)","decl":{"start":{"line":21,"column":17},"end":{"line":21,"column":18}},"loc":{"start":{"line":22,"column":2},"end":{"line":22,"column":67}}},"1":{"name":"(anonymous_11)","decl":{"start":{"line":22,"column":22},"end":{"line":22,"column":23}},"loc":{"start":{"line":22,"column":27},"end":{"line":22,"column":31}}},"2":{"name":"(anonymous_12)","decl":{"start":{"line":24,"column":46},"end":{"line":24,"column":47}},"loc":{"start":{"line":32,"column":5},"end":{"line":132,"column":1}}},"3":{"name":"(anonymous_13)","decl":{"start":{"line":36,"column":20},"end":{"line":36,"column":21}},"loc":{"start":{"line":36,"column":62},"end":{"line":40,"column":3}}},"4":{"name":"(anonymous_14)","decl":{"start":{"line":42,"column":21},"end":{"line":42,"column":22}},"loc":{"start":{"line":42,"column":36},"end":{"line":46,"column":3}}},"5":{"name":"(anonymous_15)","decl":{"start":{"line":48,"column":21},"end":{"line":48,"column":24}},"loc":{"start":{"line":48,"column":27},"end":{"line":48,"column":45}}},"6":{"name":"(anonymous_16)","decl":{"start":{"line":52,"column":19},"end":{"line":52,"column":20}},"loc":{"start":{"line":52,"column":23},"end":{"line":123,"column":7}}},"7":{"name":"(anonymous_17)","decl":{"start":{"line":65,"column":23},"end":{"line":65,"column":26}},"loc":{"start":{"line":65,"column":29},"end":{"line":65,"column":67}}},"8":{"name":"(anonymous_18)","decl":{"start":{"line":75,"column":30},"end":{"line":75,"column":31}},"loc":{"start":{"line":75,"column":35},"end":{"line":75,"column":63}}},"9":{"name":"(anonymous_19)","decl":{"start":{"line":76,"column":28},"end":{"line":76,"column":31}},"loc":{"start":{"line":76,"column":34},"end":{"line":76,"column":50}}},"10":{"name":"(anonymous_20)","decl":{"start":{"line":77,"column":31},"end":{"line":77,"column":32}},"loc":{"start":{"line":77,"column":35},"end":{"line":80,"column":21}}},"11":{"name":"(anonymous_21)","decl":{"start":{"line":81,"column":29},"end":{"line":81,"column":30}},"loc":{"start":{"line":81,"column":34},"end":{"line":81,"column":53}}},"12":{"name":"(anonymous_22)","decl":{"start":{"line":102,"column":27},"end":{"line":102,"column":28}},"loc":{"start":{"line":102,"column":32},"end":{"line":102,"column":47}}},"13":{"name":"(anonymous_23)","decl":{"start":{"line":112,"column":27},"end":{"line":112,"column":28}},"loc":{"start":{"line":112,"column":31},"end":{"line":112,"column":78}}}},"branchMap":{"0":{"loc":{"start":{"line":44,"column":4},"end":{"line":44,"column":63}},"type":"if","locations":[{"start":{"line":44,"column":4},"end":{"line":44,"column":63}}]},"1":{"loc":{"start":{"line":44,"column":8},"end":{"line":44,"column":33}},"type":"binary-expr","locations":[{"start":{"line":44,"column":8},"end":{"line":44,"column":15}},{"start":{"line":44,"column":19},"end":{"line":44,"column":33}}]},"2":{"loc":{"start":{"line":51,"column":36},"end":{"line":51,"column":51}},"type":"binary-expr","locations":[{"start":{"line":51,"column":36},"end":{"line":51,"column":45}},{"start":{"line":51,"column":49},"end":{"line":51,"column":51}}]},"3":{"loc":{"start":{"line":53,"column":20},"end":{"line":53,"column":90}},"type":"cond-expr","locations":[{"start":{"line":53,"column":55},"end":{"line":53,"column":86}},{"start":{"line":53,"column":89},"end":{"line":53,"column":90}}]},"4":{"loc":{"start":{"line":54,"column":24},"end":{"line":54,"column":42}},"type":"cond-expr","locations":[{"start":{"line":54,"column":34},"end":{"line":54,"column":37}},{"start":{"line":54,"column":40},"end":{"line":54,"column":42}}]},"5":{"loc":{"start":{"line":61,"column":39},"end":{"line":61,"column":70}},"type":"cond-expr","locations":[{"start":{"line":61,"column":51},"end":{"line":61,"column":65}},{"start":{"line":61,"column":68},"end":{"line":61,"column":70}}]},"6":{"loc":{"start":{"line":65,"column":29},"end":{"line":65,"column":67}},"type":"binary-expr","locations":[{"start":{"line":65,"column":29},"end":{"line":65,"column":43}},{"start":{"line":65,"column":47},"end":{"line":65,"column":67}}]},"7":{"loc":{"start":{"line":70,"column":17},"end":{"line":85,"column":null}},"type":"cond-expr","locations":[{"start":{"line":71,"column":18},"end":{"line":82,"column":null}},{"start":{"line":85,"column":18},"end":{"line":85,"column":61}}]},"8":{"loc":{"start":{"line":78,"column":22},"end":{"line":78,"column":62}},"type":"if","locations":[{"start":{"line":78,"column":22},"end":{"line":78,"column":62}}]},"9":{"loc":{"start":{"line":79,"column":22},"end":{"line":79,"column":59}},"type":"if","locations":[{"start":{"line":79,"column":22},"end":{"line":79,"column":59}}]},"10":{"loc":{"start":{"line":89,"column":19},"end":{"line":92,"column":null}},"type":"binary-expr","locations":[{"start":{"line":89,"column":19},"end":{"line":89,"column":28}},{"start":{"line":90,"column":20},"end":{"line":91,"column":null}}]},"11":{"loc":{"start":{"line":90,"column":37},"end":{"line":90,"column":77}},"type":"cond-expr","locations":[{"start":{"line":90,"column":48},"end":{"line":90,"column":61}},{"start":{"line":90,"column":64},"end":{"line":90,"column":77}}]},"12":{"loc":{"start":{"line":99,"column":15},"end":{"line":107,"column":null}},"type":"binary-expr","locations":[{"start":{"line":99,"column":15},"end":{"line":99,"column":29}},{"start":{"line":99,"column":33},"end":{"line":99,"column":43}},{"start":{"line":100,"column":16},"end":{"line":104,"column":null}}]},"13":{"loc":{"start":{"line":109,"column":15},"end":{"line":118,"column":null}},"type":"binary-expr","locations":[{"start":{"line":109,"column":15},"end":{"line":109,"column":29}},{"start":{"line":110,"column":16},"end":{"line":115,"column":null}}]},"14":{"loc":{"start":{"line":125,"column":7},"end":{"line":128,"column":null}},"type":"binary-expr","locations":[{"start":{"line":125,"column":7},"end":{"line":125,"column":18}},{"start":{"line":126,"column":8},"end":{"line":126,"column":null}}]}},"s":{"0":1,"1":1,"2":1,"3":3,"4":3,"5":1,"6":1,"7":1,"8":1,"9":0,"10":0,"11":0,"12":1,"13":0,"14":0,"15":0,"16":0,"17":1,"18":0,"19":1,"20":3,"21":3,"22":3,"23":3,"24":3,"25":0,"26":0,"27":0,"28":0,"29":0,"30":0,"31":0,"32":0,"33":0,"34":0,"35":0,"36":1},"f":{"0":3,"1":3,"2":1,"3":0,"4":0,"5":0,"6":3,"7":0,"8":0,"9":0,"10":0,"11":0,"12":0,"13":0},"b":{"0":[0],"1":[0,0],"2":[1,1],"3":[0,3],"4":[0,3],"5":[1,2],"6":[0,0],"7":[0,3],"8":[0],"9":[0],"10":[3,0],"11":[0,0],"12":[3,0,0],"13":[3,0],"14":[1,0]}}
,"/home/user/faro_hall/src/components/SeedControls.tsx": {"path":"/home/user/faro_hall/src/components/SeedControls.tsx","statementMap":{"0":{"start":{"line":10,"column":0},"end":{"line":10,"column":24}},"1":{"start":{"line":1,"column":0},"end":{"line":1,"column":26}},"2":{"start":{"line":11,"column":2},"end":{"line":30,"column":4}},"3":{"start":{"line":14,"column":77},"end":{"line":14,"column":100}},"4":{"start":{"line":16,"column":60},"end":{"line":16,"column":92}},"5":{"start":{"line":17,"column":63},"end":{"line":17,"column":86}},"6":{"start":{"line":24,"column":25},"end":{"line":24,"column":80}}},"fnMap":{"0":{"name":"SeedControls","decl":{"start":{"line":10,"column":24},"end":{"line":10,"column":36}},"loc":{"start":{"line":10,"column":127},"end":{"line":31,"column":1}}},"1":{"name":"(anonymous_2)","decl":{"start":{"line":10,"column":60},"end":{"line":10,"column":63}},"loc":{"start":{"line":10,"column":65},"end":{"line":10,"column":68}}},"2":{"name":"(anonymous_3)","decl":{"start":{"line":10,"column":85},"end":{"line":10,"column":88}},"loc":{"start":{"line":10,"column":90},"end":{"line":10,"column":93}}},"3":{"name":"(anonymous_4)","decl":{"start":{"line":10,"column":110},"end":{"line":10,"column":113}},"loc":{"start":{"line":10,"column":115},"end":{"line":10,"column":118}}},"4":{"name":"(anonymous_5)","decl":{"start":{"line":14,"column":72},"end":{"line":14,"column":73}},"loc":{"start":{"line":14,"column":77},"end":{"line":14,"column":100}}},"5":{"name":"(anonymous_6)","decl":{"start":{"line":16,"column":54},"end":{"line":16,"column":57}},"loc":{"start":{"line":16,"column":60},"end":{"line":16,"column":92}}},"6":{"name":"(anonymous_7)","decl":{"start":{"line":17,"column":55},"end":{"line":17,"column":58}},"loc":{"start":{"line":17,"column":60},"end":{"line":17,"column":88}}},"7":{"name":"(anonymous_8)","decl":{"start":{"line":24,"column":20},"end":{"line":24,"column":21}},"loc":{"start":{"line":24,"column":25},"end":{"line":24,"column":80}}}},"branchMap":{"0":{"loc":{"start":{"line":10,"column":39},"end":{"line":10,"column":48}},"type":"default-arg","locations":[{"start":{"line":10,"column":46},"end":{"line":10,"column":48}}]},"1":{"loc":{"start":{"line":10,"column":50},"end":{"line":10,"column":68}},"type":"default-arg","locations":[{"start":{"line":10,"column":60},"end":{"line":10,"column":68}}]},"2":{"loc":{"start":{"line":10,"column":70},"end":{"line":10,"column":93}},"type":"default-arg","locations":[{"start":{"line":10,"column":85},"end":{"line":10,"column":93}}]},"3":{"loc":{"start":{"line":10,"column":95},"end":{"line":10,"column":118}},"type":"default-arg","locations":[{"start":{"line":10,"column":110},"end":{"line":10,"column":118}}]},"4":{"loc":{"start":{"line":24,"column":38},"end":{"line":24,"column":79}},"type":"cond-expr","locations":[{"start":{"line":24,"column":55},"end":{"line":24,"column":72}},{"start":{"line":24,"column":75},"end":{"line":24,"column":79}}]}},"s":{"0":1,"1":1,"2":1,"3":0,"4":0,"5":1,"6":1},"f":{"0":1,"1":0,"2":0,"3":0,"4":0,"5":0,"6":1,"7":1},"b":{"0":[0],"1":[0],"2":[0],"3":[0],"4":[1,0]}}
,"/home/user/faro_hall/src/hooks/usePersistence.ts": {"path":"/home/user/faro_hall/src/hooks/usePersistence.ts","statementMap":{"0":{"start":{"line":7,"column":0},"end":{"line":7,"column":16}},"1":{"start":{"line":13,"column":0},"end":{"line":13,"column":16}},"2":{"start":{"line":19,"column":0},"end":{"line":19,"column":16}},"3":{"start":{"line":25,"column":0},"end":{"line":25,"column":24}},"4":{"start":{"line":1,"column":0},"end":{"line":1,"column":52}},"5":{"start":{"line":2,"column":0},"end":{"line":2,"column":81}},"6":{"start":{"line":4,"column":13},"end":{"line":4,"column":44}},"7":{"start":{"line":5,"column":19},"end":{"line":5,"column":43}},"8":{"start":{"line":8,"column":18},"end":{"line":8,"column":46}},"9":{"start":{"line":9,"column":2},"end":{"line":9,"column":52}},"10":{"start":{"line":10,"column":2},"end":{"line":10,"column":71}},"11":{"start":{"line":14,"column":14},"end":{"line":14,"column":54}},"12":{"start":{"line":15,"column":2},"end":{"line":15,"column":24}},"13":{"start":{"line":15,"column":12},"end":{"line":15,"column":24}},"14":{"start":{"line":16,"column":2},"end":{"line":16,"column":61}},"15":{"start":{"line":16,"column":8},"end":{"line":16,"column":36}},"16":{"start":{"line":16,"column":47},"end":{"line":16,"column":59}},"17":{"start":{"line":20,"column":18},"end":{"line":20,"column":69}},"18":{"start":{"line":20,"column":32},"end":{"line":20,"column":69}},"19":{"start":{"line":21,"column":2},"end":{"line":21,"column":64}},"20":{"start":{"line":22,"column":2},"end":{"line":22,"column":80}},"21":{"start":{"line":22,"column":15},"end":{"line":22,"column":79}},"22":{"start":{"line":26,"column":28},"end":{"line":26,"column":60}},"23":{"start":{"line":27,"column":18},"end":{"line":27,"column":31}},"24":{"start":{"line":29,"column":2},"end":{"line":37,"column":9}},"25":{"start":{"line":30,"column":19},"end":{"line":30,"column":41}},"26":{"start":{"line":31,"column":4},"end":{"line":32,"column":40}},"27":{"start":{"line":31,"column":16},"end":{"line":31,"column":33}},"28":{"start":{"line":32,"column":9},"end":{"line":32,"column":40}},"29":{"start":{"line":32,"column":22},"end":{"line":32,"column":40}},"30":{"start":{"line":33,"column":4},"end":{"line":33,"column":27}},"31":{"start":{"line":35,"column":18},"end":{"line":35,"column":56}},"32":{"start":{"line":35,"column":44},"end":{"line":35,"column":55}},"33":{"start":{"line":36,"column":4},"end":{"line":36,"column":30}},"34":{"start":{"line":36,"column":19},"end":{"line":36,"column":27}},"35":{"start":{"line":39,"column":15},"end":{"line":42,"column":3}},"36":{"start":{"line":40,"column":4},"end":{"line":40,"column":23}},"37":{"start":{"line":41,"column":4},"end":{"line":41,"column":33}},"38":{"start":{"line":44,"column":15},"end":{"line":48,"column":3}},"39":{"start":{"line":45,"column":14},"end":{"line":45,"column":36}},"40":{"start":{"line":46,"column":4},"end":{"line":46,"column":16}},"41":{"start":{"line":47,"column":4},"end":{"line":47,"column":13}},"42":{"start":{"line":50,"column":2},"end":{"line":50,"column":64}}},"fnMap":{"0":{"name":"saveToLocalStorage","decl":{"start":{"line":7,"column":16},"end":{"line":7,"column":34}},"loc":{"start":{"line":7,"column":51},"end":{"line":11,"column":1}}},"1":{"name":"loadFromLocalStorage","decl":{"start":{"line":13,"column":16},"end":{"line":13,"column":36}},"loc":{"start":{"line":13,"column":36},"end":{"line":17,"column":1}}},"2":{"name":"subscribePersistence","decl":{"start":{"line":19,"column":16},"end":{"line":19,"column":36}},"loc":{"start":{"line":19,"column":74},"end":{"line":23,"column":1}}},"3":{"name":"(anonymous_3)","decl":{"start":{"line":20,"column":18},"end":{"line":20,"column":19}},"loc":{"start":{"line":20,"column":32},"end":{"line":20,"column":69}}},"4":{"name":"(anonymous_4)","decl":{"start":{"line":22,"column":9},"end":{"line":22,"column":12}},"loc":{"start":{"line":22,"column":15},"end":{"line":22,"column":79}}},"5":{"name":"usePersistence","decl":{"start":{"line":25,"column":24},"end":{"line":25,"column":38}},"loc":{"start":{"line":25,"column":58},"end":{"line":51,"column":1}}},"6":{"name":"(anonymous_6)","decl":{"start":{"line":29,"column":12},"end":{"line":29,"column":15}},"loc":{"start":{"line":29,"column":17},"end":{"line":37,"column":3}}},"7":{"name":"(anonymous_7)","decl":{"start":{"line":35,"column":39},"end":{"line":35,"column":40}},"loc":{"start":{"line":35,"column":44},"end":{"line":35,"column":55}}},"8":{"name":"(anonymous_8)","decl":{"start":{"line":36,"column":11},"end":{"line":36,"column":14}},"loc":{"start":{"line":36,"column":16},"end":{"line":36,"column":29}}},"9":{"name":"(anonymous_9)","decl":{"start":{"line":39,"column":15},"end":{"line":39,"column":16}},"loc":{"start":{"line":39,"column":39},"end":{"line":42,"column":3}}},"10":{"name":"(anonymous_10)","decl":{"start":{"line":44,"column":15},"end":{"line":44,"column":36}},"loc":{"start":{"line":44,"column":38},"end":{"line":48,"column":3}}}},"branchMap":{"0":{"loc":{"start":{"line":15,"column":2},"end":{"line":15,"column":24}},"type":"if","locations":[{"start":{"line":15,"column":2},"end":{"line":15,"column":24}}]},"1":{"loc":{"start":{"line":20,"column":36},"end":{"line":20,"column":68}},"type":"binary-expr","locations":[{"start":{"line":20,"column":36},"end":{"line":20,"column":60}},{"start":{"line":20,"column":64},"end":{"line":20,"column":68}}]},"2":{"loc":{"start":{"line":31,"column":4},"end":{"line":32,"column":40}},"type":"if","locations":[{"start":{"line":31,"column":4},"end":{"line":32,"column":40}},{"start":{"line":32,"column":9},"end":{"line":32,"column":40}}]},"3":{"loc":{"start":{"line":32,"column":9},"end":{"line":32,"column":40}},"type":"if","locations":[{"start":{"line":32,"column":9},"end":{"line":32,"column":40}}]}},"s":{"0":1,"1":1,"2":1,"3":1,"4":1,"5":1,"6":1,"7":1,"8":2,"9":2,"10":2,"11":1,"12":1,"13":0,"14":1,"15":1,"16":0,"17":0,"18":0,"19":0,"20":0,"21":0,"22":0,"23":0,"24":0,"25":0,"26":0,"27":0,"28":0,"29":0,"30":0,"31":0,"32":0,"33":0,"34":0,"35":0,"36":0,"37":0,"38":0,"39":0,"40":0,"41":0,"42":0},"f":{"0":2,"1":1,"2":0,"3":0,"4":0,"5":0,"6":0,"7":0,"8":0,"9":0,"10":0},"b":{"0":[0],"1":[0,0],"2":[0,0],"3":[0]}}
,"/home/user/faro_hall/src/lib/cards.ts": {"path":"/home/user/faro_hall/src/lib/cards.ts","statementMap":{"0":{"start":{"line":11,"column":0},"end":{"line":11,"column":16}},"1":{"start":{"line":21,"column":0},"end":{"line":21,"column":16}},"2":{"start":{"line":3,"column":13},"end":{"line":6,"column":2}},"3":{"start":{"line":12,"column":24},"end":{"line":12,"column":62}},"4":{"start":{"line":13,"column":24},"end":{"line":13,"column":55}},"5":{"start":{"line":14,"column":23},"end":{"line":14,"column":25}},"6":{"start":{"line":15,"column":2},"end":{"line":17,"column":3}},"7":{"start":{"line":16,"column":4},"end":{"line":16,"column":55}},"8":{"start":{"line":16,"column":27},"end":{"line":16,"column":55}},"9":{"start":{"line":18,"column":2},"end":{"line":18,"column":14}},"10":{"start":{"line":22,"column":12},"end":{"line":22,"column":23}},"11":{"start":{"line":23,"column":2},"end":{"line":26,"column":3}},"12":{"start":{"line":23,"column":15},"end":{"line":23,"column":27}},"13":{"start":{"line":24,"column":14},"end":{"line":24,"column":41}},"14":{"start":{"line":25,"column":4},"end":{"line":25,"column":32}},"15":{"start":{"line":27,"column":2},"end":{"line":27,"column":11}}},"fnMap":{"0":{"name":"makeDeck","decl":{"start":{"line":11,"column":16},"end":{"line":11,"column":24}},"loc":{"start":{"line":11,"column":24},"end":{"line":19,"column":1}}},"1":{"name":"shuffle","decl":{"start":{"line":21,"column":16},"end":{"line":21,"column":23}},"loc":{"start":{"line":21,"column":54},"end":{"line":28,"column":1}}}},"branchMap":{},"s":{"0":12,"1":12,"2":12,"3":127,"4":127,"5":127,"6":127,"7":508,"8":6604,"9":127,"10":127,"11":127,"12":127,"13":6477,"14":6477,"15":127},"f":{"0":127,"1":127},"b":{}}
,"/home/user/faro_hall/src/lib/casekeep.ts": {"path":"/home/user/faro_hall/src/lib/casekeep.ts","statementMap":{"0":{"start":{"line":5,"column":0},"end":{"line":5,"column":16}},"1":{"start":{"line":9,"column":0},"end":{"line":9,"column":16}},"2":{"start":{"line":15,"column":0},"end":{"line":15,"column":16}},"3":{"start":{"line":25,"column":0},"end":{"line":25,"column":16}},"4":{"start":{"line":29,"column":0},"end":{"line":29,"column":16}},"5":{"start":{"line":6,"column":2},"end":{"line":6,"column":12}},"6":{"start":{"line":10,"column":14},"end":{"line":10,"column":31}},"7":{"start":{"line":11,"column":19},"end":{"line":11,"column":67}},"8":{"start":{"line":12,"column":2},"end":{"line":12,"column":73}},"9":{"start":{"line":16,"column":2},"end":{"line":16,"column":75}},"10":{"start":{"line":16,"column":29},"end":{"line":16,"column":75}},"11":{"start":{"line":17,"column":13},"end":{"line":17,"column":14}},"12":{"start":{"line":17,"column":25},"end":{"line":17,"column":26}},"13":{"start":{"line":18,"column":2},"end":{"line":21,"column":5}},"14":{"start":{"line":19,"column":4},"end":{"line":20,"column":46}},"15":{"start":{"line":19,"column":28},"end":{"line":19,"column":38}},"16":{"start":{"line":20,"column":9},"end":{"line":20,"column":46}},"17":{"start":{"line":20,"column":34},"end":{"line":20,"column":46}},"18":{"start":{"line":22,"column":2},"end":{"line":22,"column":26}},"19":{"start":{"line":26,"column":2},"end":{"line":26,"column":12}},"20":{"start":{"line":30,"column":2},"end":{"line":30,"column":75}},"21":{"start":{"line":30,"column":29},"end":{"line":30,"column":75}},"22":{"start":{"line":31,"column":2},"end":{"line":31,"column":56}},"23":{"start":{"line":31,"column":16},"end":{"line":31,"column":56}},"24":{"start":{"line":32,"column":2},"end":{"line":32,"column":29}}},"fnMap":{"0":{"name":"createCasekeep","decl":{"start":{"line":5,"column":16},"end":{"line":5,"column":30}},"loc":{"start":{"line":5,"column":30},"end":{"line":7,"column":1}}},"1":{"name":"recordDraw","decl":{"start":{"line":9,"column":16},"end":{"line":9,"column":26}},"loc":{"start":{"line":9,"column":74},"end":{"line":13,"column":1}}},"2":{"name":"calculateCaseResults","decl":{"start":{"line":15,"column":16},"end":{"line":15,"column":36}},"loc":{"start":{"line":15,"column":42},"end":{"line":23,"column":1}}},"3":{"name":"(anonymous_3)","decl":{"start":{"line":18,"column":16},"end":{"line":18,"column":17}},"loc":{"start":{"line":18,"column":20},"end":{"line":21,"column":3}}},"4":{"name":"resetCases","decl":{"start":{"line":25,"column":16},"end":{"line":25,"column":26}},"loc":{"start":{"line":25,"column":26},"end":{"line":27,"column":1}}},"5":{"name":"addCase","decl":{"start":{"line":29,"column":16},"end":{"line":29,"column":23}},"loc":{"start":{"line":29,"column":38},"end":{"line":33,"column":1}}}},"branchMap":{"0":{"loc":{"start":{"line":11,"column":19},"end":{"line":11,"column":67}},"type":"binary-expr","locations":[{"start":{"line":11,"column":19},"end":{"line":11,"column":32}},{"start":{"line":11,"column":36},"end":{"line":11,"column":67}}]},"1":{"loc":{"start":{"line":16,"column":2},"end":{"line":16,"column":75}},"type":"if","locations":[{"start":{"line":16,"column":2},"end":{"line":16,"column":75}}]},"2":{"loc":{"start":{"line":19,"column":4},"end":{"line":20,"column":46}},"type":"if","locations":[{"start":{"line":19,"column":4},"end":{"line":20,"column":46}},{"start":{"line":20,"column":9},"end":{"line":20,"column":46}}]},"3":{"loc":{"start":{"line":20,"column":9},"end":{"line":20,"column":46}},"type":"if","locations":[{"start":{"line":20,"column":9},"end":{"line":20,"column":46}}]},"4":{"loc":{"start":{"line":30,"column":2},"end":{"line":30,"column":75}},"type":"if","locations":[{"start":{"line":30,"column":2},"end":{"line":30,"column":75}}]},"5":{"loc":{"start":{"line":31,"column":2},"end":{"line":31,"column":56}},"type":"if","locations":[{"start":{"line":31,"column":2},"end":{"line":31,"column":56}}]}},"s":{"0":8,"1":8,"2":8,"3":8,"4":8,"5":139,"6":259,"7":259,"8":259,"9":2,"10":1,"11":1,"12":1,"13":1,"14":2,"15":1,"16":1,"17":1,"18":1,"19":1,"20":2,"21":0,"22":2,"23":1,"24":1},"f":{"0":139,"1":259,"2":2,"3":2,"4":1,"5":2},"b":{"0":[259,238],"1":[1],"2":[1,1],"3":[1],"4":[0],"5":[1]}}
,"/home/user/faro_hall/src/lib/game.ts": {"path":"/home/user/faro_hall/src/lib/game.ts","statementMap":{"0":{"start":{"line":21,"column":0},"end":{"line":21,"column":16}},"1":{"start":{"line":50,"column":0},"end":{"line":50,"column":16}},"2":{"start":{"line":59,"column":0},"end":{"line":59,"column":16}},"3":{"start":{"line":76,"column":0},"end":{"line":76,"column":16}},"4":{"start":{"line":151,"column":0},"end":{"line":151,"column":16}},"5":{"start":{"line":157,"column":0},"end":{"line":157,"column":16}},"6":{"start":{"line":165,"column":0},"end":{"line":165,"column":16}},"7":{"start":{"line":173,"column":0},"end":{"line":173,"column":16}},"8":{"start":{"line":177,"column":0},"end":{"line":177,"column":16}},"9":{"start":{"line":1,"column":0},"end":{"line":1,"column":56}},"10":{"start":{"line":2,"column":0},"end":{"line":2,"column":51}},"11":{"start":{"line":3,"column":0},"end":{"line":3,"column":81}},"12":{"start":{"line":4,"column":0},"end":{"line":4,"column":71}},"13":{"start":{"line":22,"column":12},"end":{"line":22,"column":32}},"14":{"start":{"line":23,"column":14},"end":{"line":23,"column":27}},"15":{"start":{"line":24,"column":15},"end":{"line":24,"column":25}},"16":{"start":{"line":25,"column":19},"end":{"line":25,"column":37}},"17":{"start":{"line":27,"column":32},"end":{"line":30,"column":5}},"18":{"start":{"line":27,"column":50},"end":{"line":30,"column":4}},"19":{"start":{"line":31,"column":17},"end":{"line":31,"column":33}},"20":{"start":{"line":34,"column":19},"end":{"line":34,"column":30}},"21":{"start":{"line":35,"column":24},"end":{"line":35,"column":41}},"22":{"start":{"line":36,"column":2},"end":{"line":36,"column":44}},"23":{"start":{"line":38,"column":2},"end":{"line":47,"column":4}},"24":{"start":{"line":51,"column":2},"end":{"line":51,"column":48}},"25":{"start":{"line":51,"column":31},"end":{"line":51,"column":48}},"26":{"start":{"line":52,"column":25},"end":{"line":52,"column":35}},"27":{"start":{"line":53,"column":13},"end":{"line":53,"column":47}},"28":{"start":{"line":54,"column":19},"end":{"line":54,"column":38}},"29":{"start":{"line":55,"column":19},"end":{"line":55,"column":83}},"30":{"start":{"line":56,"column":2},"end":{"line":56,"column":41}},"31":{"start":{"line":60,"column":17},"end":{"line":60,"column":44}},"32":{"start":{"line":62,"column":17},"end":{"line":62,"column":71}},"33":{"start":{"line":62,"column":46},"end":{"line":62,"column":70}},"34":{"start":{"line":63,"column":2},"end":{"line":63,"column":55}},"35":{"start":{"line":63,"column":21},"end":{"line":63,"column":55}},"36":{"start":{"line":65,"column":17},"end":{"line":65,"column":38}},"37":{"start":{"line":66,"column":2},"end":{"line":66,"column":77}},"38":{"start":{"line":66,"column":39},"end":{"line":66,"column":77}},"39":{"start":{"line":68,"column":22},"end":{"line":68,"column":56}},"40":{"start":{"line":68,"column":46},"end":{"line":68,"column":54}},"41":{"start":{"line":69,"column":2},"end":{"line":69,"column":107}},"42":{"start":{"line":71,"column":22},"end":{"line":71,"column":132}},"43":{"start":{"line":72,"column":19},"end":{"line":72,"column":46}},"44":{"start":{"line":73,"column":2},"end":{"line":73,"column":60}},"45":{"start":{"line":78,"column":2},"end":{"line":80,"column":3}},"46":{"start":{"line":79,"column":4},"end":{"line":79,"column":54}},"47":{"start":{"line":82,"column":28},"end":{"line":82,"column":38}},"48":{"start":{"line":83,"column":29},"end":{"line":83,"column":34}},"49":{"start":{"line":85,"column":16},"end":{"line":85,"column":51}},"50":{"start":{"line":86,"column":17},"end":{"line":86,"column":51}},"51":{"start":{"line":87,"column":2},"end":{"line":87,"column":41}},"52":{"start":{"line":88,"column":2},"end":{"line":88,"column":42}},"53":{"start":{"line":90,"column":22},"end":{"line":90,"column":56}},"54":{"start":{"line":90,"column":46},"end":{"line":90,"column":54}},"55":{"start":{"line":91,"column":32},"end":{"line":91,"column":34}},"56":{"start":{"line":93,"column":26},"end":{"line":93,"column":28}},"57":{"start":{"line":94,"column":25},"end":{"line":94,"column":27}},"58":{"start":{"line":96,"column":2},"end":{"line":118,"column":3}},"59":{"start":{"line":97,"column":21},"end":{"line":97,"column":57}},"60":{"start":{"line":97,"column":39},"end":{"line":97,"column":56}},"61":{"start":{"line":98,"column":22},"end":{"line":98,"column":57}},"62":{"start":{"line":98,"column":40},"end":{"line":98,"column":56}},"63":{"start":{"line":100,"column":4},"end":{"line":103,"column":5}},"64":{"start":{"line":101,"column":6},"end":{"line":101,"column":29}},"65":{"start":{"line":102,"column":6},"end":{"line":102,"column":15}},"66":{"start":{"line":105,"column":21},"end":{"line":105,"column":73}},"67":{"start":{"line":107,"column":4},"end":{"line":110,"column":5}},"68":{"start":{"line":108,"column":6},"end":{"line":108,"column":23}},"69":{"start":{"line":109,"column":6},"end":{"line":109,"column":15}},"70":{"start":{"line":112,"column":21},"end":{"line":112,"column":42}},"71":{"start":{"line":113,"column":4},"end":{"line":117,"column":5}},"72":{"start":{"line":114,"column":6},"end":{"line":114,"column":22}},"73":{"start":{"line":116,"column":6},"end":{"line":116,"column":23}},"74":{"start":{"line":121,"column":2},"end":{"line":129,"column":3}},"75":{"start":{"line":122,"column":17},"end":{"line":122,"column":64}},"76":{"start":{"line":122,"column":44},"end":{"line":122,"column":63}},"77":{"start":{"line":123,"column":4},"end":{"line":123,"column":30}},"78":{"start":{"line":123,"column":21},"end":{"line":123,"column":30}},"79":{"start":{"line":124,"column":21},"end":{"line":124,"column":57}},"80":{"start":{"line":124,"column":39},"end":{"line":124,"column":56}},"81":{"start":{"line":125,"column":22},"end":{"line":125,"column":57}},"82":{"start":{"line":125,"column":40},"end":{"line":125,"column":56}},"83":{"start":{"line":126,"column":4},"end":{"line":128,"column":5}},"84":{"start":{"line":127,"column":6},"end":{"line":127,"column":61}},"85":{"start":{"line":132,"column":2},"end":{"line":136,"column":3}},"86":{"start":{"line":133,"column":17},"end":{"line":133,"column":64}},"87":{"start":{"line":133,"column":44},"end":{"line":133,"column":63}},"88":{"start":{"line":134,"column":4},"end":{"line":134,"column":30}},"89":{"start":{"line":134,"column":21},"end":{"line":134,"column":30}},"90":{"start":{"line":135,"column":4},"end":{"line":135,"column":47}},"91":{"start":{"line":138,"column":17},"end":{"line":138,"column":35}},"92":{"start":{"line":139,"column":30},"end":{"line":147,"column":4}},"93":{"start":{"line":148,"column":2},"end":{"line":148,"column":75}},"94":{"start":{"line":152,"column":2},"end":{"line":152,"column":92}},"95":{"start":{"line":152,"column":30},"end":{"line":152,"column":48}},"96":{"start":{"line":152,"column":51},"end":{"line":152,"column":92}},"97":{"start":{"line":153,"column":28},"end":{"line":153,"column":103}},"98":{"start":{"line":154,"column":2},"end":{"line":154,"column":62}},"99":{"start":{"line":158,"column":2},"end":{"line":158,"column":82}},"100":{"start":{"line":158,"column":33},"end":{"line":158,"column":82}},"101":{"start":{"line":159,"column":19},"end":{"line":159,"column":63}},"102":{"start":{"line":159,"column":45},"end":{"line":159,"column":62}},"103":{"start":{"line":160,"column":2},"end":{"line":160,"column":84}},"104":{"start":{"line":160,"column":48},"end":{"line":160,"column":84}},"105":{"start":{"line":161,"column":24},"end":{"line":161,"column":71}},"106":{"start":{"line":161,"column":47},"end":{"line":161,"column":70}},"107":{"start":{"line":162,"column":2},"end":{"line":162,"column":62}},"108":{"start":{"line":166,"column":14},"end":{"line":166,"column":61}},"109":{"start":{"line":166,"column":43},"end":{"line":166,"column":60}},"110":{"start":{"line":167,"column":2},"end":{"line":167,"column":54}},"111":{"start":{"line":167,"column":18},"end":{"line":167,"column":54}},"112":{"start":{"line":168,"column":22},"end":{"line":168,"column":56}},"113":{"start":{"line":168,"column":46},"end":{"line":168,"column":54}},"114":{"start":{"line":169,"column":2},"end":{"line":169,"column":60}},"115":{"start":{"line":170,"column":2},"end":{"line":170,"column":44}},"116":{"start":{"line":174,"column":2},"end":{"line":174,"column":31}},"117":{"start":{"line":179,"column":2},"end":{"line":183,"column":3}},"118":{"start":{"line":180,"column":4},"end":{"line":180,"column":27}},"119":{"start":{"line":182,"column":4},"end":{"line":182,"column":36}},"120":{"start":{"line":184,"column":14},"end":{"line":184,"column":47}},"121":{"start":{"line":185,"column":2},"end":{"line":187,"column":3}},"122":{"start":{"line":186,"column":4},"end":{"line":186,"column":64}},"123":{"start":{"line":188,"column":2},"end":{"line":188,"column":42}}},"fnMap":{"0":{"name":"newGame","decl":{"start":{"line":21,"column":16},"end":{"line":21,"column":23}},"loc":{"start":{"line":21,"column":122},"end":{"line":48,"column":1}}},"1":{"name":"(anonymous_1)","decl":{"start":{"line":27,"column":44},"end":{"line":27,"column":45}},"loc":{"start":{"line":27,"column":50},"end":{"line":30,"column":4}}},"2":{"name":"draw","decl":{"start":{"line":50,"column":16},"end":{"line":50,"column":20}},"loc":{"start":{"line":50,"column":37},"end":{"line":57,"column":1}}},"3":{"name":"placeBet","decl":{"start":{"line":59,"column":16},"end":{"line":59,"column":24}},"loc":{"start":{"line":59,"column":51},"end":{"line":74,"column":1}}},"4":{"name":"(anonymous_4)","decl":{"start":{"line":62,"column":41},"end":{"line":62,"column":42}},"loc":{"start":{"line":62,"column":46},"end":{"line":62,"column":70}}},"5":{"name":"(anonymous_5)","decl":{"start":{"line":68,"column":40},"end":{"line":68,"column":41}},"loc":{"start":{"line":68,"column":46},"end":{"line":68,"column":54}}},"6":{"name":"resolveTurn","decl":{"start":{"line":76,"column":16},"end":{"line":76,"column":27}},"loc":{"start":{"line":76,"column":44},"end":{"line":149,"column":1}}},"7":{"name":"(anonymous_7)","decl":{"start":{"line":90,"column":40},"end":{"line":90,"column":41}},"loc":{"start":{"line":90,"column":46},"end":{"line":90,"column":54}}},"8":{"name":"(anonymous_8)","decl":{"start":{"line":97,"column":34},"end":{"line":97,"column":35}},"loc":{"start":{"line":97,"column":39},"end":{"line":97,"column":56}}},"9":{"name":"(anonymous_9)","decl":{"start":{"line":98,"column":35},"end":{"line":98,"column":36}},"loc":{"start":{"line":98,"column":40},"end":{"line":98,"column":56}}},"10":{"name":"(anonymous_10)","decl":{"start":{"line":122,"column":39},"end":{"line":122,"column":40}},"loc":{"start":{"line":122,"column":44},"end":{"line":122,"column":63}}},"11":{"name":"(anonymous_11)","decl":{"start":{"line":124,"column":34},"end":{"line":124,"column":35}},"loc":{"start":{"line":124,"column":39},"end":{"line":124,"column":56}}},"12":{"name":"(anonymous_12)","decl":{"start":{"line":125,"column":35},"end":{"line":125,"column":36}},"loc":{"start":{"line":125,"column":40},"end":{"line":125,"column":56}}},"13":{"name":"(anonymous_13)","decl":{"start":{"line":133,"column":39},"end":{"line":133,"column":40}},"loc":{"start":{"line":133,"column":44},"end":{"line":133,"column":63}}},"14":{"name":"addPlayer","decl":{"start":{"line":151,"column":16},"end":{"line":151,"column":25}},"loc":{"start":{"line":151,"column":125},"end":{"line":155,"column":1}}},"15":{"name":"(anonymous_15)","decl":{"start":{"line":152,"column":25},"end":{"line":152,"column":26}},"loc":{"start":{"line":152,"column":30},"end":{"line":152,"column":48}}},"16":{"name":"removePlayer","decl":{"start":{"line":157,"column":16},"end":{"line":157,"column":28}},"loc":{"start":{"line":157,"column":63},"end":{"line":163,"column":1}}},"17":{"name":"(anonymous_17)","decl":{"start":{"line":159,"column":40},"end":{"line":159,"column":41}},"loc":{"start":{"line":159,"column":45},"end":{"line":159,"column":62}}},"18":{"name":"(anonymous_18)","decl":{"start":{"line":161,"column":42},"end":{"line":161,"column":43}},"loc":{"start":{"line":161,"column":47},"end":{"line":161,"column":70}}},"19":{"name":"renamePlayer","decl":{"start":{"line":165,"column":16},"end":{"line":165,"column":28}},"loc":{"start":{"line":165,"column":80},"end":{"line":171,"column":1}}},"20":{"name":"(anonymous_20)","decl":{"start":{"line":166,"column":38},"end":{"line":166,"column":39}},"loc":{"start":{"line":166,"column":43},"end":{"line":166,"column":60}}},"21":{"name":"(anonymous_21)","decl":{"start":{"line":168,"column":40},"end":{"line":168,"column":41}},"loc":{"start":{"line":168,"column":46},"end":{"line":168,"column":54}}},"22":{"name":"serializeGameState","decl":{"start":{"line":173,"column":16},"end":{"line":173,"column":34}},"loc":{"start":{"line":173,"column":51},"end":{"line":175,"column":1}}},"23":{"name":"deserializeGameState","decl":{"start":{"line":177,"column":16},"end":{"line":177,"column":36}},"loc":{"start":{"line":177,"column":46},"end":{"line":189,"column":1}}}},"branchMap":{"0":{"loc":{"start":{"line":29,"column":22},"end":{"line":29,"column":54}},"type":"binary-expr","locations":[{"start":{"line":29,"column":22},"end":{"line":29,"column":40}},{"start":{"line":29,"column":44},"end":{"line":29,"column":54}}]},"1":{"loc":{"start":{"line":51,"column":2},"end":{"line":51,"column":48}},"type":"if","locations":[{"start":{"line":51,"column":2},"end":{"line":51,"column":48}}]},"2":{"loc":{"start":{"line":53,"column":13},"end":{"line":53,"column":47}},"type":"binary-expr","locations":[{"start":{"line":53,"column":13},"end":{"line":53,"column":27}},{"start":{"line":53,"column":31},"end":{"line":53,"column":47}}]},"3":{"loc":{"start":{"line":63,"column":2},"end":{"line":63,"column":55}},"type":"if","locations":[{"start":{"line":63,"column":2},"end":{"line":63,"column":55}}]},"4":{"loc":{"start":{"line":66,"column":2},"end":{"line":66,"column":77}},"type":"if","locations":[{"start":{"line":66,"column":2},"end":{"line":66,"column":77}}]},"5":{"loc":{"start":{"line":78,"column":2},"end":{"line":80,"column":3}},"type":"if","locations":[{"start":{"line":78,"column":2},"end":{"line":80,"column":3}}]},"6":{"loc":{"start":{"line":86,"column":17},"end":{"line":86,"column":51}},"type":"binary-expr","locations":[{"start":{"line":86,"column":17},"end":{"line":86,"column":31}},{"start":{"line":86,"column":35},"end":{"line":86,"column":51}}]},"7":{"loc":{"start":{"line":100,"column":4},"end":{"line":103,"column":5}},"type":"if","locations":[{"start":{"line":100,"column":4},"end":{"line":103,"column":5}}]},"8":{"loc":{"start":{"line":100,"column":8},"end":{"line":100,"column":31}},"type":"binary-expr","locations":[{"start":{"line":100,"column":8},"end":{"line":100,"column":17}},{"start":{"line":100,"column":21},"end":{"line":100,"column":31}}]},"9":{"loc":{"start":{"line":105,"column":21},"end":{"line":105,"column":73}},"type":"cond-expr","locations":[{"start":{"line":105,"column":55},"end":{"line":105,"column":65}},{"start":{"line":105,"column":68},"end":{"line":105,"column":73}}]},"10":{"loc":{"start":{"line":107,"column":4},"end":{"line":110,"column":5}},"type":"if","locations":[{"start":{"line":107,"column":4},"end":{"line":110,"column":5}}]},"11":{"loc":{"start":{"line":107,"column":8},"end":{"line":107,"column":29}},"type":"binary-expr","locations":[{"start":{"line":107,"column":8},"end":{"line":107,"column":16}},{"start":{"line":107,"column":20},"end":{"line":107,"column":29}}]},"12":{"loc":{"start":{"line":113,"column":4},"end":{"line":117,"column":5}},"type":"if","locations":[{"start":{"line":113,"column":4},"end":{"line":117,"column":5}},{"start":{"line":115,"column":11},"end":{"line":117,"column":5}}]},"13":{"loc":{"start":{"line":123,"column":4},"end":{"line":123,"column":30}},"type":"if","locations":[{"start":{"line":123,"column":4},"end":{"line":123,"column":30}}]},"14":{"loc":{"start":{"line":126,"column":4},"end":{"line":128,"column":5}},"type":"if","locations":[{"start":{"line":126,"column":4},"end":{"line":128,"column":5}}]},"15":{"loc":{"start":{"line":126,"column":8},"end":{"line":126,"column":29}},"type":"binary-expr","locations":[{"start":{"line":126,"column":8},"end":{"line":126,"column":16}},{"start":{"line":126,"column":20},"end":{"line":126,"column":29}}]},"16":{"loc":{"start":{"line":134,"column":4},"end":{"line":134,"column":30}},"type":"if","locations":[{"start":{"line":134,"column":4},"end":{"line":134,"column":30}}]},"17":{"loc":{"start":{"line":146,"column":11},"end":{"line":146,"column":26}},"type":"binary-expr","locations":[{"start":{"line":146,"column":11},"end":{"line":146,"column":21}},{"start":{"line":146,"column":25},"end":{"line":146,"column":26}}]},"18":{"loc":{"start":{"line":152,"column":2},"end":{"line":152,"column":92}},"type":"if","locations":[{"start":{"line":152,"column":2},"end":{"line":152,"column":92}}]},"19":{"loc":{"start":{"line":153,"column":59},"end":{"line":153,"column":101}},"type":"binary-expr","locations":[{"start":{"line":153,"column":59},"end":{"line":153,"column":82}},{"start":{"line":153,"column":86},"end":{"line":153,"column":101}}]},"20":{"loc":{"start":{"line":158,"column":2},"end":{"line":158,"column":82}},"type":"if","locations":[{"start":{"line":158,"column":2},"end":{"line":158,"column":82}}]},"21":{"loc":{"start":{"line":160,"column":2},"end":{"line":160,"column":84}},"type":"if","locations":[{"start":{"line":160,"column":2},"end":{"line":160,"column":84}}]},"22":{"loc":{"start":{"line":167,"column":2},"end":{"line":167,"column":54}},"type":"if","locations":[{"start":{"line":167,"column":2},"end":{"line":167,"column":54}}]},"23":{"loc":{"start":{"line":185,"column":2},"end":{"line":187,"column":3}},"type":"if","locations":[{"start":{"line":185,"column":2},"end":{"line":187,"column":3}}]}},"s":{"0":7,"1":7,"2":7,"3":7,"4":7,"5":7,"6":7,"7":7,"8":7,"9":7,"10":7,"11":7,"12":7,"13":125,"14":125,"15":125,"16":125,"17":125,"18":235,"19":125,"20":125,"21":125,"22":125,"23":125,"24":3,"25":1,"26":2,"27":2,"28":2,"29":2,"30":2,"31":29,"32":24,"33":25,"34":24,"35":2,"36":22,"37":22,"38":1,"39":21,"40":25,"41":21,"42":21,"43":21,"44":21,"45":67,"46":1,"47":66,"48":66,"49":66,"50":66,"51":66,"52":66,"53":66,"54":119,"55":66,"56":66,"57":66,"58":66,"59":20,"60":21,"61":20,"62":21,"63":20,"64":3,"65":3,"66":17,"67":17,"68":2,"69":2,"70":15,"71":15,"72":12,"73":3,"74":66,"75":5,"76":5,"77":5,"78":0,"79":5,"80":6,"81":5,"82":5,"83":5,"84":2,"85":66,"86":12,"87":13,"88":12,"89":1,"90":11,"91":66,"92":66,"93":66,"94":1,"95":1,"96":0,"97":1,"98":1,"99":2,"100":1,"101":1,"102":2,"103":1,"104":0,"105":1,"106":0,"107":1,"108":3,"109":3,"110":3,"111":1,"112":2,"113":2,"114":2,"115":2,"116":5,"117":8,"118":8,"119":2,"120":6,"121":6,"122":4,"123":2},"f":{"0":125,"1":235,"2":3,"3":29,"4":25,"5":25,"6":67,"7":119,"8":21,"9":21,"10":5,"11":6,"12":5,"13":13,"14":1,"15":1,"16":2,"17":2,"18":0,"19":3,"20":3,"21":2,"22":5,"23":8},"b":{"0":[235,235],"1":[1],"2":[2,0],"3":[2],"4":[1],"5":[1],"6":[66,14],"7":[3],"8":[20,7],"9":[15,2],"10":[2],"11":[17,13],"12":[12,3],"13":[0],"14":[2],"15":[5,3],"16":[1],"17":[66,26],"18":[0],"19":[1,1],"20":[1],"21":[0],"22":[1],"23":[4]}}
,"/home/user/faro_hall/src/lib/index.ts": {"path":"/home/user/faro_hall/src/lib/index.ts","statementMap":{"0":{"start":{"line":1,"column":0},"end":{"line":1,"column":24}},"1":{"start":{"line":2,"column":0},"end":{"line":2,"column":22}},"2":{"start":{"line":3,"column":0},"end":{"line":3,"column":23}},"3":{"start":{"line":4,"column":0},"end":{"line":4,"column":30}},"4":{"start":{"line":5,"column":0},"end":{"line":5,"column":27}},"5":{"start":{"line":6,"column":0},"end":{"line":6,"column":26}}},"fnMap":{},"branchMap":{},"s":{"0":5,"1":5,"2":5,"3":5,"4":5,"5":5},"f":{},"b":{}}
,"/home/user/faro_hall/src/lib/persistence.ts": {"path":"/home/user/faro_hall/src/lib/persistence.ts","statementMap":{"0":{"start":{"line":9,"column":0},"end":{"line":9,"column":16}},"1":{"start":{"line":21,"column":0},"end":{"line":21,"column":16}},"2":{"start":{"line":33,"column":0},"end":{"line":33,"column":16}},"3":{"start":{"line":1,"column":0},"end":{"line":1,"column":77}},"4":{"start":{"line":3,"column":20},"end":{"line":3,"column":35}},"5":{"start":{"line":6,"column":2},"end":{"line":6,"column":55}},"6":{"start":{"line":10,"column":2},"end":{"line":18,"column":3}},"7":{"start":{"line":11,"column":14},"end":{"line":11,"column":39}},"8":{"start":{"line":12,"column":16},"end":{"line":12,"column":48}},"9":{"start":{"line":13,"column":4},"end":{"line":13,"column":33}},"10":{"start":{"line":14,"column":4},"end":{"line":14,"column":16}},"11":{"start":{"line":16,"column":4},"end":{"line":16,"column":89}},"12":{"start":{"line":16,"column":41},"end":{"line":16,"column":89}},"13":{"start":{"line":17,"column":4},"end":{"line":17,"column":17}},"14":{"start":{"line":22,"column":2},"end":{"line":30,"column":3}},"15":{"start":{"line":23,"column":16},"end":{"line":23,"column":28}},"16":{"start":{"line":24,"column":14},"end":{"line":24,"column":39}},"17":{"start":{"line":25,"column":4},"end":{"line":25,"column":24}},"18":{"start":{"line":25,"column":12},"end":{"line":25,"column":24}},"19":{"start":{"line":26,"column":4},"end":{"line":26,"column":35}},"20":{"start":{"line":28,"column":4},"end":{"line":28,"column":94}},"21":{"start":{"line":28,"column":41},"end":{"line":28,"column":94}},"22":{"start":{"line":29,"column":4},"end":{"line":29,"column":16}},"23":{"start":{"line":34,"column":2},"end":{"line":41,"column":3}},"24":{"start":{"line":35,"column":16},"end":{"line":35,"column":28}},"25":{"start":{"line":36,"column":4},"end":{"line":36,"column":33}},"26":{"start":{"line":37,"column":4},"end":{"line":37,"column":16}},"27":{"start":{"line":39,"column":4},"end":{"line":39,"column":95}},"28":{"start":{"line":39,"column":41},"end":{"line":39,"column":95}},"29":{"start":{"line":40,"column":4},"end":{"line":40,"column":17}}},"fnMap":{"0":{"name":"keyFor","decl":{"start":{"line":5,"column":9},"end":{"line":5,"column":15}},"loc":{"start":{"line":5,"column":29},"end":{"line":7,"column":1}}},"1":{"name":"saveToLocal","decl":{"start":{"line":9,"column":16},"end":{"line":9,"column":27}},"loc":{"start":{"line":9,"column":44},"end":{"line":19,"column":1}}},"2":{"name":"loadFromLocal","decl":{"start":{"line":21,"column":16},"end":{"line":21,"column":29}},"loc":{"start":{"line":21,"column":43},"end":{"line":31,"column":1}}},"3":{"name":"clearLocal","decl":{"start":{"line":33,"column":16},"end":{"line":33,"column":26}},"loc":{"start":{"line":33,"column":40},"end":{"line":42,"column":1}}}},"branchMap":{"0":{"loc":{"start":{"line":6,"column":9},"end":{"line":6,"column":54}},"type":"cond-expr","locations":[{"start":{"line":6,"column":16},"end":{"line":6,"column":40}},{"start":{"line":6,"column":43},"end":{"line":6,"column":54}}]},"1":{"loc":{"start":{"line":12,"column":23},"end":{"line":12,"column":47}},"type":"binary-expr","locations":[{"start":{"line":12,"column":23},"end":{"line":12,"column":34}},{"start":{"line":12,"column":38},"end":{"line":12,"column":47}}]},"2":{"loc":{"start":{"line":16,"column":4},"end":{"line":16,"column":89}},"type":"if","locations":[{"start":{"line":16,"column":4},"end":{"line":16,"column":89}}]},"3":{"loc":{"start":{"line":25,"column":4},"end":{"line":25,"column":24}},"type":"if","locations":[{"start":{"line":25,"column":4},"end":{"line":25,"column":24}}]},"4":{"loc":{"start":{"line":28,"column":4},"end":{"line":28,"column":94}},"type":"if","locations":[{"start":{"line":28,"column":4},"end":{"line":28,"column":94}}]},"5":{"loc":{"start":{"line":39,"column":4},"end":{"line":39,"column":95}},"type":"if","locations":[{"start":{"line":39,"column":4},"end":{"line":39,"column":95}}]}},"s":{"0":6,"1":6,"2":6,"3":6,"4":6,"5":7,"6":2,"7":2,"8":1,"9":1,"10":1,"11":1,"12":0,"13":1,"14":4,"15":4,"16":4,"17":4,"18":1,"19":3,"20":2,"21":0,"22":2,"23":2,"24":2,"25":2,"26":1,"27":1,"28":0,"29":1},"f":{"0":7,"1":2,"2":4,"3":2},"b":{"0":[7,0],"1":[1,0],"2":[0],"3":[1],"4":[0],"5":[0]}}
,"/home/user/faro_hall/src/lib/players.ts": {"path":"/home/user/faro_hall/src/lib/players.ts","statementMap":{"0":{"start":{"line":12,"column":0},"end":{"line":12,"column":16}},"1":{"start":{"line":1,"column":13},"end":{"line":10,"column":2}},"2":{"start":{"line":13,"column":2},"end":{"line":13,"column":77}}},"fnMap":{"0":{"name":"getRandomCivilWarName","decl":{"start":{"line":12,"column":16},"end":{"line":12,"column":37}},"loc":{"start":{"line":12,"column":37},"end":{"line":14,"column":1}}}},"branchMap":{},"s":{"0":6,"1":6,"2":20},"f":{"0":20},"b":{}}
,"/home/user/faro_hall/src/lib/rng.ts": {"path":"/home/user/faro_hall/src/lib/rng.ts","statementMap":{"0":{"start":{"line":2,"column":0},"end":{"line":2,"column":16}},"1":{"start":{"line":12,"column":0},"end":{"line":12,"column":16}},"2":{"start":{"line":4,"column":10},"end":{"line":4,"column":26}},"3":{"start":{"line":5,"column":2},"end":{"line":8,"column":3}},"4":{"start":{"line":5,"column":15},"end":{"line":5,"column":16}},"5":{"start":{"line":6,"column":4},"end":{"line":6,"column":25}},"6":{"start":{"line":7,"column":4},"end":{"line":7,"column":37}},"7":{"start":{"line":9,"column":2},"end":{"line":9,"column":17}},"8":{"start":{"line":13,"column":10},"end":{"line":13,"column":20}},"9":{"start":{"line":14,"column":2},"end":{"line":19,"column":4}},"10":{"start":{"line":15,"column":4},"end":{"line":15,"column":20}},"11":{"start":{"line":16,"column":12},"end":{"line":16,"column":44}},"12":{"start":{"line":17,"column":4},"end":{"line":17,"column":46}},"13":{"start":{"line":18,"column":4},"end":{"line":18,"column":49}}},"fnMap":{"0":{"name":"seedFromString","decl":{"start":{"line":2,"column":16},"end":{"line":2,"column":30}},"loc":{"start":{"line":2,"column":40},"end":{"line":10,"column":1}}},"1":{"name":"mulberry32","decl":{"start":{"line":12,"column":16},"end":{"line":12,"column":26}},"loc":{"start":{"line":12,"column":39},"end":{"line":20,"column":1}}},"2":{"name":"(anonymous_2)","decl":{"start":{"line":14,"column":9},"end":{"line":14,"column":null}},"loc":{"start":{"line":14,"column":9},"end":{"line":19,"column":3}}}},"branchMap":{},"s":{"0":9,"1":9,"2":130,"3":130,"4":130,"5":1342,"6":1342,"7":130,"8":129,"9":129,"10":6483,"11":6483,"12":6483,"13":6483},"f":{"0":130,"1":129,"2":6483},"b":{}}
,"/home/user/faro_hall/src/lib/schemas.ts": {"path":"/home/user/faro_hall/src/lib/schemas.ts","statementMap":{"0":{"start":{"line":1,"column":0},"end":{"line":1,"column":24}},"1":{"start":{"line":3,"column":13},"end":{"line":6,"column":3}},"2":{"start":{"line":8,"column":13},"end":{"line":13,"column":3}},"3":{"start":{"line":15,"column":13},"end":{"line":20,"column":3}},"4":{"start":{"line":22,"column":28},"end":{"line":22,"column":100}},"5":{"start":{"line":24,"column":13},"end":{"line":33,"column":3}}},"fnMap":{},"branchMap":{},"s":{"0":7,"1":7,"2":7,"3":7,"4":7,"5":7},"f":{},"b":{}}
,"/home/user/faro_hall/src/pages/index.tsx": {"path":"/home/user/faro_hall/src/pages/index.tsx","statementMap":{"0":{"start":{"line":15,"column":0},"end":{"line":15,"column":24}},"1":{"start":{"line":1,"column":0},"end":{"line":1,"column":51}},"2":{"start":{"line":2,"column":0},"end":{"line":2,"column":40}},"3":{"start":{"line":7,"column":18},"end":{"line":7,"column":31}},"4":{"start":{"line":9,"column":0},"end":{"line":9,"column":145}},"5":{"start":{"line":12,"column":2},"end":{"line":12,"column":42}},"6":{"start":{"line":16,"column":17},"end":{"line":16,"column":28}},"7":{"start":{"line":17,"column":26},"end":{"line":17,"column":45}},"8":{"start":{"line":19,"column":32},"end":{"line":22,"column":4}},"9":{"start":{"line":25,"column":25},"end":{"line":25,"column":29}},"10":{"start":{"line":26,"column":25},"end":{"line":26,"column":30}},"11":{"start":{"line":27,"column":2},"end":{"line":32,"column":3}},"12":{"start":{"line":28,"column":4},"end":{"line":28,"column":51}},"13":{"start":{"line":30,"column":4},"end":{"line":30,"column":23}},"14":{"start":{"line":31,"column":4},"end":{"line":31,"column":28}},"15":{"start":{"line":34,"column":36},"end":{"line":34,"column":69}},"16":{"start":{"line":35,"column":36},"end":{"line":35,"column":71}},"17":{"start":{"line":38,"column":2},"end":{"line":50,"column":15}},"18":{"start":{"line":39,"column":4},"end":{"line":39,"column":24}},"19":{"start":{"line":39,"column":17},"end":{"line":39,"column":24}},"20":{"start":{"line":40,"column":4},"end":{"line":48,"column":5}},"21":{"start":{"line":41,"column":22},"end":{"line":41,"column":48}},"22":{"start":{"line":42,"column":6},"end":{"line":45,"column":7}},"23":{"start":{"line":43,"column":24},"end":{"line":43,"column":66}},"24":{"start":{"line":44,"column":8},"end":{"line":44,"column":25}},"25":{"start":{"line":53,"column":2},"end":{"line":62,"column":21}},"26":{"start":{"line":54,"column":4},"end":{"line":61,"column":5}},"27":{"start":{"line":55,"column":6},"end":{"line":60,"column":7}},"28":{"start":{"line":56,"column":9},"end":{"line":56,"column":53}},"29":{"start":{"line":59,"column":9},"end":{"line":59,"column":60}},"30":{"start":{"line":64,"column":44},"end":{"line":64,"column":58}},"31":{"start":{"line":65,"column":26},"end":{"line":65,"column":45}},"32":{"start":{"line":66,"column":26},"end":{"line":66,"column":39}},"33":{"start":{"line":67,"column":30},"end":{"line":67,"column":54}},"34":{"start":{"line":68,"column":34},"end":{"line":68,"column":49}},"35":{"start":{"line":69,"column":34},"end":{"line":69,"column":108}},"36":{"start":{"line":72,"column":2},"end":{"line":81,"column":13}},"37":{"start":{"line":73,"column":4},"end":{"line":80,"column":5}},"38":{"start":{"line":74,"column":16},"end":{"line":74,"column":48}},"39":{"start":{"line":75,"column":6},"end":{"line":75,"column":22}},"40":{"start":{"line":76,"column":6},"end":{"line":76,"column":26}},"41":{"start":{"line":78,"column":6},"end":{"line":78,"column":25}},"42":{"start":{"line":79,"column":6},"end":{"line":79,"column":25}},"43":{"start":{"line":83,"column":19},"end":{"line":96,"column":3}},"44":{"start":{"line":84,"column":16},"end":{"line":84,"column":35}},"45":{"start":{"line":85,"column":4},"end":{"line":85,"column":35}},"46":{"start":{"line":85,"column":28},"end":{"line":85,"column":35}},"47":{"start":{"line":86,"column":4},"end":{"line":95,"column":5}},"48":{"start":{"line":87,"column":21},"end":{"line":87,"column":101}},"49":{"start":{"line":88,"column":23},"end":{"line":88,"column":53}},"50":{"start":{"line":89,"column":6},"end":{"line":89,"column":29}},"51":{"start":{"line":91,"column":6},"end":{"line":91,"column":91}},"52":{"start":{"line":91,"column":22},"end":{"line":91,"column":89}},"53":{"start":{"line":92,"column":6},"end":{"line":92,"column":107}},"54":{"start":{"line":92,"column":25},"end":{"line":92,"column":105}},"55":{"start":{"line":92,"column":39},"end":{"line":92,"column":104}},"56":{"start":{"line":94,"column":6},"end":{"line":94,"column":96}},"57":{"start":{"line":94,"column":12},"end":{"line":94,"column":67}},"58":{"start":{"line":98,"column":22},"end":{"line":108,"column":3}},"59":{"start":{"line":99,"column":4},"end":{"line":99,"column":27}},"60":{"start":{"line":99,"column":20},"end":{"line":99,"column":27}},"61":{"start":{"line":100,"column":4},"end":{"line":107,"column":5}},"62":{"start":{"line":101,"column":18},"end":{"line":101,"column":43}},"63":{"start":{"line":102,"column":6},"end":{"line":102,"column":52}},"64":{"start":{"line":102,"column":28},"end":{"line":102,"column":52}},"65":{"start":{"line":103,"column":6},"end":{"line":103,"column":122}},"66":{"start":{"line":104,"column":6},"end":{"line":104,"column":18}},"67":{"start":{"line":110,"column":26},"end":{"line":112,"column":3}},"68":{"start":{"line":111,"column":4},"end":{"line":111,"column":60}},"69":{"start":{"line":114,"column":18},"end":{"line":114,"column":50}},"70":{"start":{"line":114,"column":24},"end":{"line":114,"column":50}},"71":{"start":{"line":115,"column":20},"end":{"line":115,"column":44}},"72":{"start":{"line":115,"column":26},"end":{"line":115,"column":44}},"73":{"start":{"line":117,"column":21},"end":{"line":147,"column":3}},"74":{"st
[...]
ne":54,"column":63}}]},"5":{"loc":{"start":{"line":84,"column":16},"end":{"line":84,"column":35}},"type":"binary-expr","locations":[{"start":{"line":84,"column":16},"end":{"line":84,"column":30}},{"start":{"line":84,"column":34},"end":{"line":84,"column":35}}]},"6":{"loc":{"start":{"line":85,"column":4},"end":{"line":85,"column":35}},"type":"if","locations":[{"start":{"line":85,"column":4},"end":{"line":85,"column":35}}]},"7":{"loc":{"start":{"line":85,"column":8},"end":{"line":85,"column":26}},"type":"binary-expr","locations":[{"start":{"line":85,"column":8},"end":{"line":85,"column":12}},{"start":{"line":85,"column":16},"end":{"line":85,"column":26}}]},"8":{"loc":{"start":{"line":92,"column":39},"end":{"line":92,"column":104}},"type":"cond-expr","locations":[{"start":{"line":92,"column":64},"end":{"line":92,"column":100}},{"start":{"line":92,"column":103},"end":{"line":92,"column":104}}]},"9":{"loc":{"start":{"line":94,"column":25},"end":{"line":94,"column":65}},"type":"cond-expr","locations":[{"start":{"line":94,"column":44},"end":{"line":94,"column":53}},{"start":{"line":94,"column":56},"end":{"line":94,"column":65}}]},"10":{"loc":{"start":{"line":94,"column":26},"end":{"line":94,"column":40}},"type":"binary-expr","locations":[{"start":{"line":94,"column":26},"end":{"line":94,"column":27}},{"start":{"line":94,"column":31},"end":{"line":94,"column":40}}]},"11":{"loc":{"start":{"line":99,"column":4},"end":{"line":99,"column":27}},"type":"if","locations":[{"start":{"line":99,"column":4},"end":{"line":99,"column":27}}]},"12":{"loc":{"start":{"line":102,"column":6},"end":{"line":102,"column":52}},"type":"if","locations":[{"start":{"line":102,"column":6},"end":{"line":102,"column":52}}]},"13":{"loc":{"start":{"line":102,"column":10},"end":{"line":102,"column":26}},"type":"binary-expr","locations":[{"start":{"line":102,"column":10},"end":{"line":102,"column":13}},{"start":{"line":102,"column":17},"end":{"line":102,"column":26}}]},"14":{"loc":{"start":{"line":103,"column":32},"end":{"line":103,"column":69}},"type":"cond-expr","locations":[{"start":{"line":103,"column":39},"end":{"line":103,"column":61}},{"start":{"line":103,"column":65},"end":{"line":103,"column":69}}]},"15":{"loc":{"start":{"line":103,"column":39},"end":{"line":103,"column":61}},"type":"binary-expr","locations":[{"start":{"line":103,"column":39},"end":{"line":103,"column":53}},{"start":{"line":103,"column":57},"end":{"line":103,"column":61}}]},"16":{"loc":{"start":{"line":103,"column":82},"end":{"line":103,"column":118}},"type":"cond-expr","locations":[{"start":{"line":103,"column":89},"end":{"line":103,"column":110}},{"start":{"line":103,"column":114},"end":{"line":103,"column":118}}]},"17":{"loc":{"start":{"line":103,"column":89},"end":{"line":103,"column":110}},"type":"binary-expr","locations":[{"start":{"line":103,"column":89},"end":{"line":103,"column":102}},{"start":{"line":103,"column":106},"end":{"line":103,"column":110}}]},"18":{"loc":{"start":{"line":118,"column":4},"end":{"line":118,"column":27}},"type":"if","locations":[{"start":{"line":118,"column":4},"end":{"line":118,"column":27}}]},"19":{"loc":{"start":{"line":126,"column":17},"end":{"line":126,"column":123}},"type":"cond-expr","locations":[{"start":{"line":126,"column":78},"end":{"line":126,"column":118}},{"start":{"line":126,"column":121},"end":{"line":126,"column":123}}]},"20":{"loc":{"start":{"line":126,"column":17},"end":{"line":126,"column":74}},"type":"binary-expr","locations":[{"start":{"line":126,"column":17},"end":{"line":126,"column":35}},{"start":{"line":126,"column":40},"end":{"line":126,"column":74}}]},"21":{"loc":{"start":{"line":129,"column":38},"end":{"line":129,"column":55}},"type":"binary-expr","locations":[{"start":{"line":129,"column":38},"end":{"line":129,"column":42}},{"start":{"line":129,"column":46},"end":{"line":129,"column":55}}]},"22":{"loc":{"start":{"line":136,"column":6},"end":{"line":140,"column":7}},"type":"if","locations":[{"start":{"line":136,"column":6},"end":{"line":140,"column":7}},{"start":{"line":138,"column":13},"end":{"line":140,"column":7}}]},"23":{"loc":{"start":{"line":136,"column":10},"end":{"line":136,"column":61}},"type":"binary-expr","locations":[{"start":{"line":136,"column":10},"end":{"line":136,"column":32}},{"start":{"line":136,"column":36},"end":{"line":136,"column":61}}]},"24":{"loc":{"start":{"line":138,"column":13},"end":{"line":140,"column":7}},"type":"if","locations":[{"start":{"line":138,"column":13},"end":{"line":140,"column":7}}]},"25":{"loc":{"start":{"line":144,"column":4},"end":{"line":146,"column":5}},"type":"if","locations":[{"start":{"line":144,"column":4},"end":{"line":146,"column":5}}]},"26":{"loc":{"start":{"line":144,"column":9},"end":{"line":144,"column":66}},"type":"binary-expr","locations":[{"start":{"line":144,"column":9},"end":{"line":144,"column":27}},{"start":{"line":144,"column":32},"end":{"line":144,"column":66}}]},"27":{"loc":{"start":{"line":149,"column":2},"end":{"line":149,"column":48}},"type":"if","locations":[{"start":{"line":149,"column":2},"end":{"line":149,"column":48}}]},"28":{"loc":{"start":{"line":189,"column":101},"end":{"line":189,"column":152}},"type":"cond-expr","locations":[{"start":{"line":189,"column":125},"end":{"line":189,"column":127}},{"start":{"line":189,"column":130},"end":{"line":189,"column":152}}]},"29":{"loc":{"start":{"line":217,"column":9},"end":{"line":223,"column":null}},"type":"cond-expr","locations":[{"start":{"line":218,"column":10},"end":{"line":220,"column":null}},{"start":{"line":223,"column":10},"end":{"line":223,"column":33}}]},"30":{"loc":{"start":{"line":219,"column":26},"end":{"line":219,"column":116}},"type":"cond-expr","locations":[{"start":{"line":219,"column":48},"end":{"line":219,"column":108}},{"start":{"line":219,"column":111},"end":{"line":219,"column":116}}]},"31":{"loc":{"start":{"line":220,"column":25},"end":{"line":220,"column":112}},"type":"cond-expr","locations":[{"start":{"line":220,"column":46},"end":{"line":220,"column":104}},{"start":{"line":220,"column":107},"end":{"line":220,"column":112}}]}},"s":{"0":5,"1":5,"2":5,"3":5,"4":5,"5":5,"6":78,"7":78,"8":78,"9":78,"10":78,"11":78,"12":78,"13":1,"14":1,"15":78,"16":78,"17":78,"18":72,"19":0,"20":72,"21":72,"22":72,"23":2,"24":2,"25":78,"26":74,"27":74,"28":74,"29":0,"30":78,"31":78,"32":78,"33":78,"34":78,"35":78,"36":78,"37":40,"38":40,"39":39,"40":39,"41":1,"42":1,"43":78,"44":3,"45":3,"46":0,"47":3,"48":3,"49":3,"50":2,"51":2,"52":2,"53":2,"54":2,"55":4,"56":1,"57":1,"58":78,"59":4,"60":0,"61":4,"62":4,"63":4,"64":4,"65":4,"66":4,"67":78,"68":1,"69":78,"70":1,"71":78,"72":1,"73":78,"74":5,"75":0,"76":5,"77":5,"78":5,"79":0,"80":5,"81":5,"82":5,"83":5,"84":5,"85":5,"86":5,"87":5,"88":5,"89":5,"90":4,"91":1,"92":1,"93":5,"94":5,"95":78,"96":1,"97":77,"98":16,"99":1,"100":154,"101":2,"102":4,"103":1,"104":2,"105":154},"f":{"0":5,"1":78,"2":72,"3":74,"4":40,"5":3,"6":2,"7":2,"8":4,"9":4,"10":1,"11":1,"12":1,"13":5,"14":16,"15":1,"16":154,"17":2,"18":4,"19":1,"20":2,"21":154},"b":{"0":[0],"1":[2],"2":[1,1],"3":[74],"4":[74,74],"5":[3,0],"6":[0],"7":[3,3],"8":[2,2],"9":[1,0],"10":[1,1],"11":[0],"12":[4],"13":[4,4],"14":[4,0],"15":[4,1],"16":[4,0],"17":[4,1],"18":[0],"19":[5,0],"20":[5,5],"21":[5,0],"22":[4,1],"23":[5,5],"24":[1],"25":[5],"26":[5,5],"27":[1],"28":[2,2],"29":[4,73],"30":[3,1],"31":[3,1]}}
,"/home/user/faro_hall/src/utils/seed.ts": {"path":"/home/user/faro_hall/src/utils/seed.ts","statementMap":{"0":{"start":{"line":6,"column":0},"end":{"line":6,"column":16}},"1":{"start":{"line":17,"column":0},"end":{"line":17,"column":16}},"2":{"start":{"line":32,"column":0},"end":{"line":32,"column":16}},"3":{"start":{"line":41,"column":0},"end":{"line":41,"column":16}},"4":{"start":{"line":54,"column":0},"end":{"line":54,"column":7}},"5":{"start":{"line":4,"column":17},"end":{"line":4,"column":23}},"6":{"start":{"line":7,"column":2},"end":{"line":14,"column":3}},"7":{"start":{"line":8,"column":18},"end":{"line":10,"column":6}},"8":{"start":{"line":9,"column":6},"end":{"line":9,"column":50}},"9":{"start":{"line":11,"column":4},"end":{"line":11,"column":82}},"10":{"start":{"line":13,"column":4},"end":{"line":13,"column":35}},"11":{"start":{"line":18,"column":2},"end":{"line":29,"column":3}},"12":{"start":{"line":19,"column":12},"end":{"line":19,"column":55}},"13":{"start":{"line":20,"column":4},"end":{"line":20,"column":34}},"14":{"start":{"line":20,"column":25},"end":{"line":20,"column":34}},"15":{"start":{"line":21,"column":16},"end":{"line":21,"column":23}},"16":{"start":{"line":22,"column":17},"end":{"line":25,"column":15}},"17":{"start":{"line":23,"column":19},"end":{"line":23,"column":61}},"18":{"start":{"line":24,"column":6},"end":{"line":24,"column":57}},"19":{"start":{"line":26,"column":4},"end":{"line":26,"column":36}},"20":{"start":{"line":28,"column":4},"end":{"line":28,"column":69}},"21":{"start":{"line":28,"column":10},"end":{"line":28,"column":43}},"22":{"start":{"line":28,"column":54},"end":{"line":28,"column":67}},"23":{"start":{"line":33,"column":18},"end":{"line":33,"column":39}},"24":{"start":{"line":34,"column":2},"end":{"line":34,"column":84}},"25":{"start":{"line":34,"column":37},"end":{"line":34,"column":84}},"26":{"start":{"line":35,"column":14},"end":{"line":35,"column":43}},"27":{"start":{"line":36,"column":2},"end":{"line":36,"column":42}},"28":{"start":{"line":37,"column":2},"end":{"line":37,"column":100}},"29":{"start":{"line":37,"column":14},"end":{"line":37,"column":100}},"30":{"start":{"line":37,"column":47},"end":{"line":37,"column":98}},"31":{"start":{"line":38,"column":2},"end":{"line":38,"column":35}},"32":{"start":{"line":42,"column":2},"end":{"line":51,"column":3}},"33":{"start":{"line":43,"column":16},"end":{"line":43,"column":158}},"34":{"start":{"line":44,"column":14},"end":{"line":44,"column":44}},"35":{"start":{"line":45,"column":4},"end":{"line":45,"column":22}},"36":{"start":{"line":45,"column":12},"end":{"line":45,"column":22}},"37":{"start":{"line":46,"column":4},"end":{"line":46,"column":30}},"38":{"start":{"line":48,"column":14},"end":{"line":48,"column":55}},"39":{"start":{"line":49,"column":4},"end":{"line":49,"column":22}},"40":{"start":{"line":49,"column":12},"end":{"line":49,"column":22}},"41":{"start":{"line":50,"column":4},"end":{"line":50,"column":53}},"42":{"start":{"line":55,"column":16},"end":{"line":55,"column":125}},"43":{"start":{"line":55,"column":38},"end":{"line":55,"column":125}},"44":{"start":{"line":55,"column":79},"end":{"line":55,"column":115}},"45":{"start":{"line":56,"column":2},"end":{"line":56,"column":71}},"46":{"start":{"line":56,"column":35},"end":{"line":56,"column":71}},"47":{"start":{"line":57,"column":2},"end":{"line":67,"column":3}},"48":{"start":{"line":58,"column":4},"end":{"line":62,"column":5}},"49":{"start":{"line":59,"column":18},"end":{"line":59,"column":35}},"50":{"start":{"line":60,"column":18},"end":{"line":60,"column":107}},"51":{"start":{"line":61,"column":6},"end":{"line":61,"column":37}},"52":{"start":{"line":64,"column":12},"end":{"line":64,"column":28}},"53":{"start":{"line":65,"column":4},"end":{"line":65,"column":134}},"54":{"start":{"line":65,"column":17},"end":{"line":65,"column":18}},"55":{"start":{"line":65,"column":59},"end":{"line":65,"column":98}},"56":{"start":{"line":65,"column":99},"end":{"line":65,"column":132}},"57":{"start":{"line":66,"column":4},"end":{"line":66,"column":34}},"58":{"start":{"line":68,"column":2},"end":{"line":72,"column":3}},"59":{"start":{"line":69,"column":16},"end":{"line":69,"column":34}},"60":{"start":{"line":70,"column":4},"end":{"line":70,"column":39}},"61":{"start":{"line":71,"column":4},"end":{"line":71,"column":83}},"62":{"start":{"line":71,"column":36},"end":{"line":71,"column":72}},"63":{"start":{"line":73,"column":2},"end":{"line":73,"column":62}}},"fnMap":{"0":{"name":"base64UrlEncode","decl":{"start":{"line":6,"column":16},"end":{"line":6,"column":31}},"loc":{"start":{"line":6,"column":43},"end":{"line":15,"column":1}}},"1":{"name":"(anonymous_1)","decl":{"start":{"line":8,"column":69},"end":{"line":8,"column":78}},"loc":{"start":{"line":8,"column":82},"end":{"line":10,"column":5}}},"2":{"name":"base64UrlDecode","decl":{"start":{"line":17,"column":16},"end":{"line":17,"column":31}},"loc":{"start":{"line":17,"column":45},"end":{"line":30,"column":1}}},"3":{"name":"(anonymous_3)","decl":{"start":{"line":22,"column":35},"end":{"line":22,"column":36}},"loc":{"start":{"line":22,"column":39},"end":{"line":25,"column":5}}},"4":{"name":"seedToUrl","decl":{"start":{"line":32,"column":16},"end":{"line":32,"column":25}},"loc":{"start":{"line":32,"column":90},"end":{"line":39,"column":1}}},"5":{"name":"(anonymous_5)","decl":{"start":{"line":37,"column":42},"end":{"line":37,"column":43}},"loc":{"start":{"line":37,"column":47},"end":{"line":37,"column":98}}},"6":{"name":"urlToSeed","decl":{"start":{"line":41,"column":16},"end":{"line":41,"column":25}},"loc":{"start":{"line":41,"column":41},"end":{"line":52,"column":1}}},"7":{"name":"deterministicSeedFromEntropy","decl":{"start":{"line":54,"column":22},"end":{"line":54,"column":50}},"loc":{"start":{"line":54,"column":89},"end":{"line":74,"column":1}}},"8":{"name":"(anonymous_8)","decl":{"start":{"line":55,"column":16},"end":{"line":55,"column":17}},"loc":{"start":{"line":55,"column":38},"end":{"line":55,"column":125}}},"9":{"name":"(anonymous_9)","decl":{"start":{"line":55,"column":74},"end":{"line":55,"column":75}},"loc":{"start":{"line":55,"column":79},"end":{"line":55,"column":115}}},"10":{"name":"(anonymous_10)","decl":{"start":{"line":71,"column":31},"end":{"line":71,"column":32}},"loc":{"start":{"line":71,"column":36},"end":{"line":71,"column":72}}}},"branchMap":{"0":{"loc":{"start":{"line":24,"column":20},"end":{"line":24,"column":55}},"type":"cond-expr","locations":[{"start":{"line":24,"column":38},"end":{"line":24,"column":48}},{"start":{"line":24,"column":51},"end":{"line":24,"column":55}}]},"1":{"loc":{"start":{"line":34,"column":2},"end":{"line":34,"column":84}},"type":"if","locations":[{"start":{"line":34,"column":2},"end":{"line":34,"column":84}}]},"2":{"loc":{"start":{"line":37,"column":2},"end":{"line":37,"column":100}},"type":"if","locations":[{"start":{"line":37,"column":2},"end":{"line":37,"column":100}}]},"3":{"loc":{"start":{"line":43,"column":33},"end":{"line":43,"column":157}},"type":"cond-expr","locations":[{"start":{"line":43,"column":112},"end":{"line":43,"column":134}},{"start":{"line":43,"column":137},"end":{"line":43,"column":157}}]},"4":{"loc":{"start":{"line":43,"column":34},"end":{"line":43,"column":108}},"type":"binary-expr","locations":[{"start":{"line":43,"column":34},"end":{"line":43,"column":63}},{"start":{"line":43,"column":67},"end":{"line":43,"column":82}},{"start":{"line":43,"column":86},"end":{"line":43,"column":108}}]},"5":{"loc":{"start":{"line":45,"column":4},"end":{"line":45,"column":22}},"type":"if","locations":[{"start":{"line":45,"column":4},"end":{"line":45,"column":22}}]},"6":{"loc":{"start":{"line":48,"column":15},"end":{"line":48,"column":28}},"type":"binary-expr","locations":[{"start":{"line":48,"column":15},"end":{"line":48,"column":22}},{"start":{"line":48,"column":26},"end":{"line":48,"column":28}}]},"7":{"loc":{"start":{"line":49,"column":4},"end":{"line":49,"column":22}},"type":"if","locations":[{"start":{"line":49,"column":4},"end":{"line":49,"column":22}}]},"8":{"loc":{"start":{"line":55,"column":80},"end":{"line":55,"column":97}},"type":"cond-expr","locations":[{"start":{"line":55,"column":89},"end":{"line":55,"column":92}},{"start":{"line":55,"column":95},"end":{"line":55,"column":97}}]},"9":{"loc":{"start":{"line":56,"column":2},"end":{"line":56,"column":71}},"type":"if","locations":[{"start":{"line":56,"column":2},"end":{"line":56,"column":71}}]},"10":{"loc":{"start":{"line":57,"column":2},"end":{"line":67,"column":3}},"type":"if","locations":[{"start":{"line":57,"column":2},"end":{"line":67,"column":3}}]},"11":{"loc":{"start":{"line":58,"column":4},"end":{"line":62,"column":5}},"type":"if","locations":[{"start":{"line":58,"column":4},"end":{"line":62,"column":5}}]},"12":{"loc":{"start":{"line":58,"column":8},"end":{"line":58,"column":96}},"type":"binary-expr","locations":[{"start":{"line":58,"column":8},"end":{"line":58,"column":37}},{"start":{"line":58,"column":42},"end":{"line":58,"column":63}},{"start":{"line":58,"column":68},"end":{"line":58,"column":96}}]},"13":{"loc":{"start":{"line":68,"column":2},"end":{"line":72,"column":3}},"type":"if","locations":[{"start":{"line":68,"column":2},"end":{"line":72,"column":3}}]},"14":{"loc":{"start":{"line":68,"column":6},"end":{"line":68,"column":103}},"type":"binary-expr","locations":[{"start":{"line":68,"column":6},"end":{"line":68,"column":35}},{"start":{"line":68,"column":40},"end":{"line":68,"column":61}},{"start":{"line":68,"column":66},"end":{"line":68,"column":103}}]},"15":{"loc":{"start":{"line":71,"column":37},"end":{"line":71,"column":54}},"type":"cond-expr","locations":[{"start":{"line":71,"column":46},"end":{"line":71,"column":49}},{"start":{"line":71,"column":52},"end":{"line":71,"column":54}}]}},"s":{"0":1,"1":1,"2":1,"3":1,"4":1,"5":1,"6":1,"7":1,"8":0,"9":1,"10":0,"11":1,"12":1,"13":1,"14":1,"15":1,"16":1,"17":20,"18":20,"19":1,"20":0,"21":0,"22":0,"23":1,"24":1,"25":0,"26":1,"27":1,"28":1,"29":1,"30":1,"31":1,"32":1,"33":1,"34":1,"35":1,"36":0,"37":1,"38":0,"39":0,"40":0,"41":0,"42":1,"43":0,"44":0,"45":1,"46":0,"47":1,"48":1,"49":0,"50":0,"51":0,"52":1,"53":1,"54":1,"55":11,"56":11,"57":1,"58":0,"59":0,"60":0,"61":0,"62":0,"63":0},"f":{"0":1,"1":0,"2":1,"3":20,"4":1,"5":1,"6":1,"7":1,"8":0,"9":0,"10":0},"b":{"0":[0,20],"1":[0],"2":[1],"3":[1,0],"4":[1,1,1],"5":[0],"6":[0,0],"7":[0],"8":[0,0],"9":[0],"10":[1],"11":[0],"12":[1,1,1],"13":[0],"14":[0,0,0],"15":[0,0]}}
,"/home/user/faro_hall/src/utils/serialize.ts": {"path":"/home/user/faro_hall/src/utils/serialize.ts","statementMap":{"0":{"start":{"line":12,"column":0},"end":{"line":12,"column":16}},"1":{"start":{"line":20,"column":0},"end":{"line":20,"column":16}},"2":{"start":{"line":13,"column":15},"end":{"line":13,"column":39}},"3":{"start":{"line":14,"column":2},"end":{"line":16,"column":3}},"4":{"start":{"line":15,"column":4},"end":{"line":15,"column":26}},"5":{"start":{"line":17,"column":2},"end":{"line":17,"column":30}},"6":{"start":{"line":21,"column":2},"end":{"line":27,"column":3}},"7":{"start":{"line":22,"column":19},"end":{"line":22,"column":35}},"8":{"start":{"line":23,"column":4},"end":{"line":23,"column":93}},"9":{"start":{"line":23,"column":55},"end":{"line":23,"column":93}},"10":{"start":{"line":24,"column":4},"end":{"line":24,"column":31}},"11":{"start":{"line":26,"column":4},"end":{"line":26,"column":80}}},"fnMap":{"0":{"name":"exportGameState","decl":{"start":{"line":12,"column":16},"end":{"line":12,"column":31}},"loc":{"start":{"line":12,"column":72},"end":{"line":18,"column":1}}},"1":{"name":"importGameState","decl":{"start":{"line":20,"column":16},"end":{"line":20,"column":31}},"loc":{"start":{"line":20,"column":44},"end":{"line":28,"column":1}}}},"branchMap":{"0":{"loc":{"start":{"line":12,"column":50},"end":{"line":12,"column":72}},"type":"default-arg","locations":[{"start":{"line":12,"column":67},"end":{"line":12,"column":72}}]},"1":{"loc":{"start":{"line":14,"column":2},"end":{"line":16,"column":3}},"type":"if","locations":[{"start":{"line":14,"column":2},"end":{"line":16,"column":3}}]},"2":{"loc":{"start":{"line":23,"column":4},"end":{"line":23,"column":93}},"type":"if","locations":[{"start":{"line":23,"column":4},"end":{"line":23,"column":93}}]},"3":{"loc":{"start":{"line":23,"column":8},"end":{"line":23,"column":53}},"type":"binary-expr","locations":[{"start":{"line":23,"column":8},"end":{"line":23,"column":34}},{"start":{"line":23,"column":38},"end":{"line":23,"column":53}}]}},"s":{"0":2,"1":2,"2":4,"3":4,"4":1,"5":4,"6":3,"7":3,"8":3,"9":0,"10":3,"11":0},"f":{"0":4,"1":3},"b":{"0":[0],"1":[1],"2":[0],"3":[3,3]}}
}
