{"/workspaces/faro_hall/src/hooks/usePersistence.ts": {"path":"/workspaces/faro_hall/src/hooks/usePersistence.ts","statementMap":{"0":{"start":{"line":7,"column":0},"end":{"line":7,"column":16}},"1":{"start":{"line":13,"column":0},"end":{"line":13,"column":16}},"2":{"start":{"line":19,"column":0},"end":{"line":19,"column":16}},"3":{"start":{"line":25,"column":0},"end":{"line":25,"column":24}},"4":{"start":{"line":1,"column":0},"end":{"line":1,"column":52}},"5":{"start":{"line":2,"column":0},"end":{"line":2,"column":81}},"6":{"start":{"line":4,"column":13},"end":{"line":4,"column":44}},"7":{"start":{"line":5,"column":19},"end":{"line":5,"column":43}},"8":{"start":{"line":8,"column":18},"end":{"line":8,"column":46}},"9":{"start":{"line":9,"column":2},"end":{"line":9,"column":52}},"10":{"start":{"line":10,"column":2},"end":{"line":10,"column":71}},"11":{"start":{"line":14,"column":14},"end":{"line":14,"column":54}},"12":{"start":{"line":15,"column":2},"end":{"line":15,"column":24}},"13":{"start":{"line":15,"column":12},"end":{"line":15,"column":24}},"14":{"start":{"line":16,"column":2},"end":{"line":16,"column":61}},"15":{"start":{"line":16,"column":8},"end":{"line":16,"column":36}},"16":{"start":{"line":16,"column":47},"end":{"line":16,"column":59}},"17":{"start":{"line":20,"column":18},"end":{"line":20,"column":69}},"18":{"start":{"line":20,"column":32},"end":{"line":20,"column":69}},"19":{"start":{"line":21,"column":2},"end":{"line":21,"column":64}},"20":{"start":{"line":22,"column":2},"end":{"line":22,"column":80}},"21":{"start":{"line":22,"column":15},"end":{"line":22,"column":79}},"22":{"start":{"line":26,"column":28},"end":{"line":26,"column":60}},"23":{"start":{"line":27,"column":18},"end":{"line":27,"column":31}},"24":{"start":{"line":29,"column":2},"end":{"line":37,"column":9}},"25":{"start":{"line":30,"column":19},"end":{"line":30,"column":41}},"26":{"start":{"line":31,"column":4},"end":{"line":32,"column":40}},"27":{"start":{"line":31,"column":16},"end":{"line":31,"column":33}},"28":{"start":{"line":32,"column":9},"end":{"line":32,"column":40}},"29":{"start":{"line":32,"column":22},"end":{"line":32,"column":40}},"30":{"start":{"line":33,"column":4},"end":{"line":33,"column":27}},"31":{"start":{"line":35,"column":18},"end":{"line":35,"column":56}},"32":{"start":{"line":35,"column":44},"end":{"line":35,"column":55}},"33":{"start":{"line":36,"column":4},"end":{"line":36,"column":30}},"34":{"start":{"line":36,"column":19},"end":{"line":36,"column":27}},"35":{"start":{"line":39,"column":15},"end":{"line":42,"column":3}},"36":{"start":{"line":40,"column":4},"end":{"line":40,"column":23}},"37":{"start":{"line":41,"column":4},"end":{"line":41,"column":33}},"38":{"start":{"line":44,"column":15},"end":{"line":48,"column":3}},"39":{"start":{"line":45,"column":14},"end":{"line":45,"column":36}},"40":{"start":{"line":46,"column":4},"end":{"line":46,"column":16}},"41":{"start":{"line":47,"column":4},"end":{"line":47,"column":13}},"42":{"start":{"line":50,"column":2},"end":{"line":50,"column":64}}},"fnMap":{"0":{"name":"saveToLocalStorage","decl":{"start":{"line":7,"column":16},"end":{"line":7,"column":34}},"loc":{"start":{"line":7,"column":51},"end":{"line":11,"column":1}}},"1":{"name":"loadFromLocalStorage","decl":{"start":{"line":13,"column":16},"end":{"line":13,"column":36}},"loc":{"start":{"line":13,"column":36},"end":{"line":17,"column":1}}},"2":{"name":"subscribePersistence","decl":{"start":{"line":19,"column":16},"end":{"line":19,"column":36}},"loc":{"start":{"line":19,"column":74},"end":{"line":23,"column":1}}},"3":{"name":"(anonymous_3)","decl":{"start":{"line":20,"column":18},"end":{"line":20,"column":19}},"loc":{"start":{"line":20,"column":32},"end":{"line":20,"column":69}}},"4":{"name":"(anonymous_4)","decl":{"start":{"line":22,"column":9},"end":{"line":22,"column":12}},"loc":{"start":{"line":22,"column":15},"end":{"line":22,"column":79}}},"5":{"name":"usePersistence","decl":{"start":{"line":25,"column":24},"end":{"line":25,"column":38}},"loc":{"start":{"line":25,"column":58},"end":{"line":51,"column":1}}},"6":{"name":"(anonymous_6)","decl":{"start":{"line":29,"column":12},"end":{"line":29,"column":15}},"loc":{"start":{"line":29,"column":17},"end":{"line":37,"column":3}}},"7":{"name":"(anonymous_7)","decl":{"start":{"line":35,"column":39},"end":{"line":35,"column":40}},"loc":{"start":{"line":35,"column":44},"end":{"line":35,"column":55}}},"8":{"name":"(anonymous_8)","decl":{"start":{"line":36,"column":11},"end":{"line":36,"column":14}},"loc":{"start":{"line":36,"column":16},"end":{"line":36,"column":29}}},"9":{"name":"(anonymous_9)","decl":{"start":{"line":39,"column":15},"end":{"line":39,"column":16}},"loc":{"start":{"line":39,"column":39},"end":{"line":42,"column":3}}},"10":{"name":"(anonymous_10)","decl":{"start":{"line":44,"column":15},"end":{"line":44,"column":36}},"loc":{"start":{"line":44,"column":38},"end":{"line":48,"column":3}}}},"branchMap":{"0":{"loc":{"start":{"line":15,"column":2},"end":{"line":15,"column":24}},"type":"if","locations":[{"start":{"line":15,"column":2},"end":{"line":15,"column":24}}]},"1":{"loc":{"start":{"line":20,"column":36},"end":{"line":20,"column":68}},"type":"binary-expr","locations":[{"start":{"line":20,"column":36},"end":{"line":20,"column":60}},{"start":{"line":20,"column":64},"end":{"line":20,"column":68}}]},"2":{"loc":{"start":{"line":31,"column":4},"end":{"line":32,"column":40}},"type":"if","locations":[{"start":{"line":31,"column":4},"end":{"line":32,"column":40}},{"start":{"line":32,"column":9},"end":{"line":32,"column":40}}]},"3":{"loc":{"start":{"line":32,"column":9},"end":{"line":32,"column":40}},"type":"if","locations":[{"start":{"line":32,"column":9},"end":{"line":32,"column":40}}]}},"s":{"0":1,"1":1,"2":1,"3":1,"4":1,"5":1,"6":1,"7":1,"8":2,"9":2,"10":2,"11":1,"12":1,"13":0,"14":1,"15":1,"16":0,"17":0,"18":0,"19":0,"20":0,"21":0,"22":0,"23":0,"24":0,"25":0,"26":0,"27":0,"28":0,"29":0,"30":0,"31":0,"32":0,"33":0,"34":0,"35":0,"36":0,"37":0,"38":0,"39":0,"40":0,"41":0,"42":0},"f":{"0":2,"1":1,"2":0,"3":0,"4":0,"5":0,"6":0,"7":0,"8":0,"9":0,"10":0},"b":{"0":[0],"1":[0,0],"2":[0,0],"3":[0]}}
,"/workspaces/faro_hall/src/lib/cards.ts": {"path":"/workspaces/faro_hall/src/lib/cards.ts","statementMap":{"0":{"start":{"line":6,"column":0},"end":{"line":6,"column":16}},"1":{"start":{"line":16,"column":0},"end":{"line":16,"column":16}},"2":{"start":{"line":7,"column":24},"end":{"line":7,"column":62}},"3":{"start":{"line":8,"column":24},"end":{"line":8,"column":55}},"4":{"start":{"line":9,"column":23},"end":{"line":9,"column":25}},"5":{"start":{"line":10,"column":2},"end":{"line":12,"column":3}},"6":{"start":{"line":11,"column":4},"end":{"line":11,"column":55}},"7":{"start":{"line":11,"column":27},"end":{"line":11,"column":55}},"8":{"start":{"line":13,"column":2},"end":{"line":13,"column":14}},"9":{"start":{"line":17,"column":12},"end":{"line":17,"column":23}},"10":{"start":{"line":18,"column":2},"end":{"line":21,"column":3}},"11":{"start":{"line":18,"column":15},"end":{"line":18,"column":27}},"12":{"start":{"line":19,"column":14},"end":{"line":19,"column":41}},"13":{"start":{"line":20,"column":4},"end":{"line":20,"column":32}},"14":{"start":{"line":22,"column":2},"end":{"line":22,"column":11}}},"fnMap":{"0":{"name":"makeDeck","decl":{"start":{"line":6,"column":16},"end":{"line":6,"column":24}},"loc":{"start":{"line":6,"column":24},"end":{"line":14,"column":1}}},"1":{"name":"shuffle","decl":{"start":{"line":16,"column":16},"end":{"line":16,"column":23}},"loc":{"start":{"line":16,"column":54},"end":{"line":23,"column":1}}}},"branchMap":{},"s":{"0":1,"1":1,"2":2,"3":2,"4":2,"5":2,"6":8,"7":104,"8":2,"9":2,"10":2,"11":2,"12":102,"13":102,"14":2},"f":{"0":2,"1":2},"b":{}}
,"/workspaces/faro_hall/src/lib/rng.ts": {"path":"/workspaces/faro_hall/src/lib/rng.ts","statementMap":{"0":{"start":{"line":2,"column":0},"end":{"line":2,"column":16}},"1":{"start":{"line":12,"column":0},"end":{"line":12,"column":16}},"2":{"start":{"line":4,"column":10},"end":{"line":4,"column":26}},"3":{"start":{"line":5,"column":2},"end":{"line":8,"column":3}},"4":{"start":{"line":5,"column":15},"end":{"line":5,"column":16}},"5":{"start":{"line":6,"column":4},"end":{"line":6,"column":25}},"6":{"start":{"line":7,"column":4},"end":{"line":7,"column":37}},"7":{"start":{"line":9,"column":2},"end":{"line":9,"column":17}},"8":{"start":{"line":13,"column":10},"end":{"line":13,"column":20}},"9":{"start":{"line":14,"column":2},"end":{"line":19,"column":4}},"10":{"start":{"line":15,"column":4},"end":{"line":15,"column":20}},"11":{"start":{"line":16,"column":12},"end":{"line":16,"column":44}},"12":{"start":{"line":17,"column":4},"end":{"line":17,"column":46}},"13":{"start":{"line":18,"column":4},"end":{"line":18,"column":49}}},"fnMap":{"0":{"name":"seedFromString","decl":{"start":{"line":2,"column":16},"end":{"line":2,"column":30}},"loc":{"start":{"line":2,"column":40},"end":{"line":10,"column":1}}},"1":{"name":"mulberry32","decl":{"start":{"line":12,"column":16},"end":{"line":12,"column":26}},"loc":{"start":{"line":12,"column":39},"end":{"line":20,"column":1}}},"2":{"name":"(anonymous_2)","decl":{"start":{"line":14,"column":9},"end":{"line":14,"column":null}},"loc":{"start":{"line":14,"column":9},"end":{"line":19,"column":3}}}},"branchMap":{},"s":{"0":2,"1":2,"2":5,"3":5,"4":5,"5":38,"6":38,"7":5,"8":4,"9":4,"10":108,"11":108,"12":108,"13":108},"f":{"0":5,"1":4,"2":108},"b":{}}
,"/workspaces/faro_hall/src/logic/bets.ts": {"path":"/workspaces/faro_hall/src/logic/bets.ts","statementMap":{"0":{"start":{"line":8,"column":0},"end":{"line":8,"column":16}},"1":{"start":{"line":19,"column":0},"end":{"line":19,"column":16}},"2":{"start":{"line":31,"column":0},"end":{"line":31,"column":16}},"3":{"start":{"line":55,"column":0},"end":{"line":55,"column":16}},"4":{"start":{"line":2,"column":0},"end":{"line":2,"column":31}},"5":{"start":{"line":5,"column":2},"end":{"line":5,"column":48}},"6":{"start":{"line":9,"column":13},"end":{"line":9,"column":20}},"7":{"start":{"line":10,"column":19},"end":{"line":10,"column":100}},"8":{"start":{"line":11,"column":2},"end":{"line":11,"column":22}},"9":{"start":{"line":12,"column":12},"end":{"line":12,"column":34}},"10":{"start":{"line":13,"column":2},"end":{"line":13,"column":20}},"11":{"start":{"line":14,"column":2},"end":{"line":14,"column":56}},"12":{"start":{"line":15,"column":2},"end":{"line":15,"column":57}},"13":{"start":{"line":16,"column":2},"end":{"line":16,"column":13}},"14":{"start":{"line":20,"column":14},"end":{"line":20,"column":30}},"15":{"start":{"line":21,"column":2},"end":{"line":21,"column":25}},"16":{"start":{"line":21,"column":12},"end":{"line":21,"column":25}},"17":{"start":{"line":22,"column":2},"end":{"line":22,"column":83}},"18":{"start":{"line":22,"column":70},"end":{"line":22,"column":83}},"19":{"start":{"line":23,"column":2},"end":{"line":23,"column":26}},"20":{"start":{"line":24,"column":12},"end":{"line":24,"column":38}},"21":{"start":{"line":25,"column":2},"end":{"line":25,"column":49}},"22":{"start":{"line":25,"column":35},"end":{"line":25,"column":47}},"23":{"start":{"line":26,"column":2},"end":{"line":26,"column":59}},"24":{"start":{"line":27,"column":2},"end":{"line":27,"column":52}},"25":{"start":{"line":28,"column":2},"end":{"line":28,"column":14}},"26":{"start":{"line":32,"column":14},"end":{"line":32,"column":30}},"27":{"start":{"line":33,"column":2},"end":{"line":33,"column":24}},"28":{"start":{"line":33,"column":12},"end":{"line":33,"column":24}},"29":{"start":{"line":34,"column":2},"end":{"line":34,"column":27}},"30":{"start":{"line":35,"column":2},"end":{"line":35,"column":86}},"31":{"start":{"line":36,"column":2},"end":{"line":36,"column":57}},"32":{"start":{"line":37,"column":2},"end":{"line":37,"column":20}},"33":{"start":{"line":56,"column":41},"end":{"line":56,"column":43}},"34":{"start":{"line":57,"column":21},"end":{"line":57,"column":36}},"35":{"start":{"line":58,"column":21},"end":{"line":58,"column":36}},"36":{"start":{"line":60,"column":2},"end":{"line":94,"column":3}},"37":{"start":{"line":61,"column":16},"end":{"line":61,"column":32}},"38":{"start":{"line":62,"column":4},"end":{"line":62,"column":31}},"39":{"start":{"line":62,"column":22},"end":{"line":62,"column":31}},"40":{"start":{"line":63,"column":16},"end":{"line":63,"column":17}},"41":{"start":{"line":64,"column":14},"end":{"line":64,"column":15}},"42":{"start":{"line":65,"column":43},"end":{"line":65,"column":45}},"43":{"start":{"line":67,"column":4},"end":{"line":87,"column":5}},"44":{"start":{"line":68,"column":18},"end":{"line":68,"column":37}},"45":{"start":{"line":69,"column":6},"end":{"line":69,"column":25}},"46":{"start":{"line":69,"column":16},"end":{"line":69,"column":25}},"47":{"start":{"line":70,"column":6},"end":{"line":70,"column":19}},"48":{"start":{"line":71,"column":52},"end":{"line":71,"column":58}},"49":{"start":{"line":72,"column":19},"end":{"line":72,"column":20}},"50":{"start":{"line":73,"column":29},"end":{"line":73,"column":41}},"51":{"start":{"line":75,"column":6},"end":{"line":83,"column":7}},"52":{"start":{"line":77,"column":8},"end":{"line":78,"column":71}},"53":{"start":{"line":77,"column":32},"end":{"line":77,"column":48}},"54":{"start":{"line":77,"column":49},"end":{"line":77,"column":62}},"55":{"start":{"line":78,"column":13},"end":{"line":78,"column":71}},"56":{"start":{"line":78,"column":37},"end":{"line":78,"column":54}},"57":{"start":{"line":78,"column":55},"end":{"line":78,"column":69}},"58":{"start":{"line":81,"column":8},"end":{"line":82,"column":71}},"59":{"start":{"line":81,"column":32},"end":{"line":81,"column":48}},"60":{"start":{"line":81,"column":49},"end":{"line":81,"column":62}},"61":{"start":{"line":82,"column":13},"end":{"line":82,"column":71}},"62":{"start":{"line":82,"column":37},"end":{"line":82,"column":54}},"63":{"start":{"line":82,"column":55},"end":{"line":82,"column":69}},"64":{"start":{"line":85,"column":6},"end":{"line":85,"column":20}},"65":{"start":{"line":86,"column":6},"end":{"line":86,"column":62}},"66":{"start":{"line":89,"column":4},"end":{"line":89,"column":105}},"67":{"start":{"line":91,"column":19},"end":{"line":91,"column":45}},"68":{"start":{"line":92,"column":4},"end":{"line":92,"column":26}},"69":{"start":{"line":93,"column":4},"end":{"line":93,"column":24}},"70":{"start":{"line":96,"column":2},"end":{"line":96,"column":91}},"71":{"start":{"line":97,"column":2},"end":{"line":97,"column":71}},"72":{"start":{"line":98,"column":2},"end":{"line":98,"column":17}}},"fnMap":{"0":{"name":"genId","decl":{"start":{"line":4,"column":9},"end":{"line":4,"column":14}},"loc":{"start":{"line":4,"column":14},"end":{"line":6,"column":1}}},"1":{"name":"placeBet","decl":{"start":{"line":8,"column":16},"end":{"line":8,"column":24}},"loc":{"start":{"line":8,"column":98},"end":{"line":17,"column":1}}},"2":{"name":"cancelBet","decl":{"start":{"line":19,"column":16},"end":{"line":19,"column":25}},"loc":{"start":{"line":19,"column":56},"end":{"line":29,"column":1}}},"3":{"name":"(anonymous_3)","decl":{"start":{"line":25,"column":29},"end":{"line":25,"column":31}},"loc":{"start":{"line":25,"column":35},"end":{"line":25,"column":47}}},"4":{"name":"toggleCopper","decl":{"start":{"line":31,"column":16},"end":{"line":31,"column":28}},"loc":{"start":{"line":31,"column":59},"end":{"line":38,"column":1}}},"5":{"name":"resolveBets","decl":{"start":{"line":55,"column":16},"end":{"line":55,"column":27}},"loc":{"start":{"line":55,"column":79},"end":{"line":99,"column":1}}}},"branchMap":{"0":{"loc":{"start":{"line":21,"column":2},"end":{"line":21,"column":25}},"type":"if","locations":[{"start":{"line":21,"column":2},"end":{"line":21,"column":25}}]},"1":{"loc":{"start":{"line":22,"column":2},"end":{"line":22,"column":83}},"type":"if","locations":[{"start":{"line":22,"column":2},"end":{"line":22,"column":83}}]},"2":{"loc":{"start":{"line":22,"column":6},"end":{"line":22,"column":68}},"type":"binary-expr","locations":[{"start":{"line":22,"column":6},"end":{"line":22,"column":36}},{"start":{"line":22,"column":40},"end":{"line":22,"column":68}}]},"3":{"loc":{"start":{"line":33,"column":2},"end":{"line":33,"column":24}},"type":"if","locations":[{"start":{"line":33,"column":2},"end":{"line":33,"column":24}}]},"4":{"loc":{"start":{"line":62,"column":4},"end":{"line":62,"column":31}},"type":"if","locations":[{"start":{"line":62,"column":4},"end":{"line":62,"column":31}}]},"5":{"loc":{"start":{"line":68,"column":18},"end":{"line":68,"column":37}},"type":"binary-expr","locations":[{"start":{"line":68,"column":18},"end":{"line":68,"column":32}},{"start":{"line":68,"column":36},"end":{"line":68,"column":37}}]},"6":{"loc":{"start":{"line":69,"column":6},"end":{"line":69,"column":25}},"type":"if","locations":[{"start":{"line":69,"column":6},"end":{"line":69,"column":25}}]},"7":{"loc":{"start":{"line":75,"column":6},"end":{"line":83,"column":7}},"type":"if","locations":[{"start":{"line":75,"column":6},"end":{"line":83,"column":7}},{"start":{"line":79,"column":13},"end":{"line":83,"column":7}}]},"8":{"loc":{"start":{"line":77,"column":8},"end":{"line":78,"column":71}},"type":"if","locations":[{"start":{"line":77,"column":8},"end":{"line":78,"column":71}},{"start":{"line":78,"column":13},"end":{"line":78,"column":71}}]},"9":{"loc":{"start":{"line":78,"column":13},"end":{"line":78,"column":71}},"type":"if","locations":[{"start":{"line":78,"column":13},"end":{"line":78,"column":71}}]},"10":{"loc":{"start":{"line":81,"column":8},"end":{"line":82,"column":71}},"type":"if","locations":[{"start":{"line":81,"column":8},"end":{"line":82,"column":71}},{"start":{"line":82,"column":13},"end":{"line":82,"column":71}}]},"11":{"loc":{"start":{"line":82,"column":13},"end":{"line":82,"column":71}},"type":"if","locations":[{"start":{"line":82,"column":13},"end":{"line":82,"column":71}}]}},"s":{"0":2,"1":2,"2":2,"3":2,"4":2,"5":3,"6":3,"7":3,"8":3,"9":3,"10":3,"11":3,"12":3,"13":3,"14":0,"15":0,"16":0,"17":0,"18":0,"19":0,"20":0,"21":0,"22":0,"23":0,"24":0,"25":0,"26":1,"27":1,"28":0,"29":1,"30":1,"31":1,"32":1,"33":3,"34":3,"35":3,"36":3,"37":3,"38":3,"39":0,"40":3,"41":3,"42":3,"43":3,"44":39,"45":39,"46":35,"47":4,"48":4,"49":4,"50":4,"51":4,"52":3,"53":2,"54":2,"55":1,"56":0,"57":0,"58":1,"59":1,"60":1,"61":0,"62":0,"63":0,"64":4,"65":4,"66":3,"67":3,"68":3,"69":3,"70":3,"71":3,"72":3},"f":{"0":3,"1":3,"2":0,"3":0,"4":1,"5":3},"b":{"0":[0],"1":[0],"2":[0,0],"3":[0],"4":[0],"5":[39,35],"6":[35],"7":[3,1],"8":[2,1],"9":[0],"10":[1,0],"11":[0]}}
,"/workspaces/faro_hall/src/logic/casekeep.ts": {"path":"/workspaces/faro_hall/src/logic/casekeep.ts","statementMap":{"0":{"start":{"line":4,"column":0},"end":{"line":4,"column":16}},"1":{"start":{"line":10,"column":0},"end":{"line":10,"column":16}},"2":{"start":{"line":15,"column":0},"end":{"line":15,"column":16}},"3":{"start":{"line":21,"column":0},"end":{"line":21,"column":16}},"4":{"start":{"line":26,"column":0},"end":{"line":26,"column":16}},"5":{"start":{"line":30,"column":0},"end":{"line":30,"column":16}},"6":{"start":{"line":2,"column":0},"end":{"line":2,"column":31}},"7":{"start":{"line":5,"column":37},"end":{"line":5,"column":46}},"8":{"start":{"line":6,"column":2},"end":{"line":6,"column":37}},"9":{"start":{"line":6,"column":25},"end":{"line":6,"column":37}},"10":{"start":{"line":7,"column":2},"end":{"line":7,"column":31}},"11":{"start":{"line":11,"column":2},"end":{"line":11,"column":59}},"12":{"start":{"line":12,"column":2},"end":{"line":12,"column":47}},"13":{"start":{"line":16,"column":13},"end":{"line":16,"column":32}},"14":{"start":{"line":17,"column":2},"end":{"line":17,"column":18}},"15":{"start":{"line":17,"column":11},"end":{"line":17,"column":18}},"16":{"start":{"line":18,"column":2},"end":{"line":18,"column":78}},"17":{"start":{"line":22,"column":2},"end":{"line":22,"column":56}},"18":{"start":{"line":22,"column":30},"end":{"line":22,"column":56}},"19":{"start":{"line":23,"column":2},"end":{"line":23,"column":21}},"20":{"start":{"line":27,"column":2},"end":{"line":27,"column":43}},"21":{"start":{"line":31,"column":2},"end":{"line":31,"column":37}}},"fnMap":{"0":{"name":"createCasekeep","decl":{"start":{"line":4,"column":16},"end":{"line":4,"column":30}},"loc":{"start":{"line":4,"column":30},"end":{"line":8,"column":1}}},"1":{"name":"recordDraw","decl":{"start":{"line":10,"column":16},"end":{"line":10,"column":26}},"loc":{"start":{"line":10,"column":73},"end":{"line":13,"column":1}}},"2":{"name":"undoDraw","decl":{"start":{"line":15,"column":16},"end":{"line":15,"column":24}},"loc":{"start":{"line":15,"column":45},"end":{"line":19,"column":1}}},"3":{"name":"resetCasekeep","decl":{"start":{"line":21,"column":16},"end":{"line":21,"column":29}},"loc":{"start":{"line":21,"column":50},"end":{"line":24,"column":1}}},"4":{"name":"exportCasekeep","decl":{"start":{"line":26,"column":16},"end":{"line":26,"column":30}},"loc":{"start":{"line":26,"column":51},"end":{"line":28,"column":1}}},"5":{"name":"importCasekeep","decl":{"start":{"line":30,"column":16},"end":{"line":30,"column":30}},"loc":{"start":{"line":30,"column":46},"end":{"line":32,"column":1}}}},"branchMap":{"0":{"loc":{"start":{"line":11,"column":27},"end":{"line":11,"column":53}},"type":"binary-expr","locations":[{"start":{"line":11,"column":27},"end":{"line":11,"column":48}},{"start":{"line":11,"column":52},"end":{"line":11,"column":53}}]},"1":{"loc":{"start":{"line":17,"column":2},"end":{"line":17,"column":18}},"type":"if","locations":[{"start":{"line":17,"column":2},"end":{"line":17,"column":18}}]},"2":{"loc":{"start":{"line":18,"column":42},"end":{"line":18,"column":71}},"type":"binary-expr","locations":[{"start":{"line":18,"column":42},"end":{"line":18,"column":66}},{"start":{"line":18,"column":70},"end":{"line":18,"column":71}}]}},"s":{"0":3,"1":3,"2":3,"3":3,"4":3,"5":3,"6":3,"7":7,"8":7,"9":91,"10":7,"11":2,"12":2,"13":2,"14":2,"15":0,"16":2,"17":0,"18":0,"19":0,"20":0,"21":0},"f":{"0":7,"1":2,"2":2,"3":0,"4":0,"5":0},"b":{"0":[2,2],"1":[0],"2":[2,0]}}
,"/workspaces/faro_hall/src/logic/deck.ts": {"path":"/workspaces/faro_hall/src/logic/deck.ts","statementMap":{"0":{"start":{"line":7,"column":0},"end":{"line":7,"column":16}},"1":{"start":{"line":17,"column":0},"end":{"line":17,"column":16}},"2":{"start":{"line":25,"column":0},"end":{"line":25,"column":16}},"3":{"start":{"line":4,"column":13},"end":{"line":4,"column":84}},"4":{"start":{"line":5,"column":13},"end":{"line":5,"column":68}},"5":{"start":{"line":8,"column":21},"end":{"line":8,"column":23}},"6":{"start":{"line":9,"column":2},"end":{"line":13,"column":3}},"7":{"start":{"line":10,"column":4},"end":{"line":12,"column":5}},"8":{"start":{"line":11,"column":6},"end":{"line":11,"column":38}},"9":{"start":{"line":14,"column":2},"end":{"line":14,"column":14}},"10":{"start":{"line":18,"column":2},"end":{"line":18,"column":29}},"11":{"start":{"line":18,"column":20},"end":{"line":18,"column":29}},"12":{"start":{"line":19,"column":2},"end":{"line":19,"column":30}},"13":{"start":{"line":19,"column":20},"end":{"line":19,"column":30}},"14":{"start":{"line":20,"column":2},"end":{"line":20,"column":30}},"15":{"start":{"line":20,"column":20},"end":{"line":20,"column":30}},"16":{"start":{"line":21,"column":2},"end":{"line":21,"column":30}},"17":{"start":{"line":21,"column":20},"end":{"line":21,"column":30}},"18":{"start":{"line":22,"column":2},"end":{"line":22,"column":28}},"19":{"start":{"line":27,"column":15},"end":{"line":27,"column":27}},"20":{"start":{"line":28,"column":2},"end":{"line":28,"column":20}},"21":{"start":{"line":29,"column":2},"end":{"line":29,"column":14}}},"fnMap":{"0":{"name":"createDeck","decl":{"start":{"line":7,"column":16},"end":{"line":7,"column":26}},"loc":{"start":{"line":7,"column":26},"end":{"line":15,"column":1}}},"1":{"name":"rankToValue","decl":{"start":{"line":17,"column":16},"end":{"line":17,"column":27}},"loc":{"start":{"line":17,"column":38},"end":{"line":23,"column":1}}},"2":{"name":"shuffleUsingRng","decl":{"start":{"line":25,"column":16},"end":{"line":25,"column":31}},"loc":{"start":{"line":25,"column":52},"end":{"line":30,"column":1}}}},"branchMap":{"0":{"loc":{"start":{"line":18,"column":2},"end":{"line":18,"column":29}},"type":"if","locations":[{"start":{"line":18,"column":2},"end":{"line":18,"column":29}}]},"1":{"loc":{"start":{"line":19,"column":2},"end":{"line":19,"column":30}},"type":"if","locations":[{"start":{"line":19,"column":2},"end":{"line":19,"column":30}}]},"2":{"loc":{"start":{"line":20,"column":2},"end":{"line":20,"column":30}},"type":"if","locations":[{"start":{"line":20,"column":2},"end":{"line":20,"column":30}}]},"3":{"loc":{"start":{"line":21,"column":2},"end":{"line":21,"column":30}},"type":"if","locations":[{"start":{"line":21,"column":2},"end":{"line":21,"column":30}}]}},"s":{"0":4,"1":4,"2":4,"3":4,"4":4,"5":7,"6":7,"7":28,"8":364,"9":7,"10":0,"11":0,"12":0,"13":0,"14":0,"15":0,"16":0,"17":0,"18":0,"19":6,"20":6,"21":6},"f":{"0":7,"1":0,"2":6},"b":{"0":[0],"1":[0],"2":[0],"3":[0]}}
,"/workspaces/faro_hall/src/logic/game.ts": {"path":"/workspaces/faro_hall/src/logic/game.ts","statementMap":{"0":{"start":{"line":12,"column":0},"end":{"line":12,"column":16}},"1":{"start":{"line":36,"column":0},"end":{"line":36,"column":16}},"2":{"start":{"line":40,"column":0},"end":{"line":40,"column":16}},"3":{"start":{"line":44,"column":0},"end":{"line":44,"column":16}},"4":{"start":{"line":53,"column":0},"end":{"line":53,"column":16}},"5":{"start":{"line":59,"column":0},"end":{"line":59,"column":16}},"6":{"start":{"line":68,"column":0},"end":{"line":68,"column":16}},"7":{"start":{"line":85,"column":0},"end":{"line":85,"column":16}},"8":{"start":{"line":89,"column":0},"end":{"line":89,"column":16}},"9":{"start":{"line":95,"column":0},"end":{"line":95,"column":16}},"10":{"start":{"line":107,"column":0},"end":{"line":107,"column":16}},"11":{"start":{"line":1,"column":0},"end":{"line":1,"column":42}},"12":{"start":{"line":2,"column":0},"end":{"line":2,"column":53}},"13":{"start":{"line":3,"column":0},"end":{"line":3,"column":98}},"14":{"start":{"line":4,"column":0},"end":{"line":4,"column":72}},"15":{"start":{"line":13,"column":15},"end":{"line":13,"column":61}},"16":{"start":{"line":14,"column":14},"end":{"line":14,"column":27}},"17":{"start":{"line":15,"column":15},"end":{"line":15,"column":49}},"18":{"start":{"line":16,"column":47},"end":{"line":16,"column":49}},"19":{"start":{"line":17,"column":2},"end":{"line":19,"column":5}},"20":{"start":{"line":18,"column":4},"end":{"line":18,"column":87}},"21":{"start":{"line":21,"column":27},"end":{"line":32,"column":4}},"22":{"start":{"line":33,"column":2},"end":{"line":33,"column":15}},"23":{"start":{"line":37,"column":2},"end":{"line":37,"column":43}},"24":{"start":{"line":41,"column":2},"end":{"line":41,"column":35}},"25":{"start":{"line":45,"column":14},"end":{"line":45,"column":30}},"26":{"start":{"line":46,"column":2},"end":{"line":46,"column":45}},"27":{"start":{"line":46,"column":12},"end":{"line":46,"column":45}},"28":{"start":{"line":47,"column":2},"end":{"line":47,"column":58}},"29":{"start":{"line":48,"column":2},"end":{"line":48,"column":73}},"30":{"start":{"line":49,"column":2},"end":{"line":49,"column":64}},"31":{"start":{"line":50,"column":2},"end":{"line":50,"column":13}},"32":{"start":{"line":54,"column":2},"end":{"line":54,"column":17}},"33":{"start":{"line":55,"column":2},"end":{"line":55,"column":73}},"34":{"start":{"line":56,"column":2},"end":{"line":56,"column":64}},"35":{"start":{"line":60,"column":2},"end":{"line":60,"column":54}},"36":{"start":{"line":60,"column":42},"end":{"line":60,"column":54}},"37":{"start":{"line":61,"column":15},"end":{"line":61,"column":42}},"38":{"start":{"line":62,"column":2},"end":{"line":62,"column":45}},"39":{"start":{"line":63,"column":2},"end":{"line":63,"column":101}},"40":{"start":{"line":64,"column":2},"end":{"line":64,"column":42}},"41":{"start":{"line":65,"column":2},"end":{"line":65,"column":14}},"42":{"start":{"line":69,"column":13},"end":{"line":69,"column":33}},"43":{"start":{"line":70,"column":2},"end":{"line":70,"column":24}},"44":{"start":{"line":70,"column":11},"end":{"line":70,"column":24}},"45":{"start":{"line":71,"column":2},"end":{"line":80,"column":3}},"46":{"start":{"line":73,"column":17},"end":{"line":73,"column":35}},"47":{"start":{"line":74,"column":4},"end":{"line":78,"column":5}},"48":{"start":{"line":75,"column":25},"end":{"line":75,"column":42}},"49":{"start":{"line":76,"column":6},"end":{"line":76,"column":55}},"50":{"start":{"line":77,"column":6},"end":{"line":77,"column":30}},"51":{"start":{"line":79,"column":4},"end":{"line":79,"column":16}},"52":{"start":{"line":82,"column":2},"end":{"line":82,"column":14}},"53":{"start":{"line":86,"column":2},"end":{"line":86,"column":42}},"54":{"start":{"line":90,"column":12},"end":{"line":90,"column":35}},"55":{"start":{"line":92,"column":2},"end":{"line":92,"column":11}},"56":{"start":{"line":97,"column":2},"end":{"line":104,"column":4}},"57":{"start":{"line":100,"column":77},"end":{"line":100,"column":129}},"58":{"start":{"line":108,"column":2},"end":{"line":108,"column":36}}},"fnMap":{"0":{"name":"newGame","decl":{"start":{"line":12,"column":16},"end":{"line":12,"column":23}},"loc":{"start":{"line":12,"column":50},"end":{"line":34,"column":1}}},"1":{"name":"(anonymous_1)","decl":{"start":{"line":17,"column":78},"end":{"line":17,"column":79}},"loc":{"start":{"line":17,"column":82},"end":{"line":19,"column":3}}},"2":{"name":"placeBetOnGame","decl":{"start":{"line":36,"column":16},"end":{"line":36,"column":30}},"loc":{"start":{"line":36,"column":78},"end":{"line":38,"column":1}}},"3":{"name":"toggleCopperOnGame","decl":{"start":{"line":40,"column":16},"end":{"line":40,"column":34}},"loc":{"start":{"line":40,"column":65},"end":{"line":42,"column":1}}},"4":{"name":"splitBetOnGame","decl":{"start":{"line":44,"column":16},"end":{"line":44,"column":30}},"loc":{"start":{"line":44,"column":105},"end":{"line":51,"column":1}}},"5":{"name":"startTurn","decl":{"start":{"line":53,"column":16},"end":{"line":53,"column":25}},"loc":{"start":{"line":53,"column":41},"end":{"line":57,"column":1}}},"6":{"name":"revealNext","decl":{"start":{"line":59,"column":16},"end":{"line":59,"column":26}},"loc":{"start":{"line":59,"column":42},"end":{"line":66,"column":1}}},"7":{"name":"undo","decl":{"start":{"line":68,"column":16},"end":{"line":68,"column":20}},"loc":{"start":{"line":68,"column":36},"end":{"line":83,"column":1}}},"8":{"name":"exportState","decl":{"start":{"line":85,"column":16},"end":{"line":85,"column":27}},"loc":{"start":{"line":85,"column":43},"end":{"line":87,"column":1}}},"9":{"name":"importState","decl":{"start":{"line":89,"column":16},"end":{"line":89,"column":27}},"loc":{"start":{"line":89,"column":43},"end":{"line":93,"column":1}}},"10":{"name":"getPublicState","decl":{"start":{"line":95,"column":16},"end":{"line":95,"column":30}},"loc":{"start":{"line":95,"column":46},"end":{"line":105,"column":1}}},"11":{"name":"(anonymous_11)","decl":{"start":{"line":100,"column":65},"end":{"line":100,"column":66}},"loc":{"start":{"line":100,"column":77},"end":{"line":100,"column":129}}},"12":{"name":"loadFromSeed","decl":{"start":{"line":107,"column":16},"end":{"line":107,"column":28}},"loc":{"start":{"line":107,"column":116},"end":{"line":109,"column":1}}}},"branchMap":{"0":{"loc":{"start":{"line":12,"column":24},"end":{"line":12,"column":50}},"type":"default-arg","locations":[{"start":{"line":12,"column":48},"end":{"line":12,"column":50}}]},"1":{"loc":{"start":{"line":13,"column":15},"end":{"line":13,"column":61}},"type":"binary-expr","locations":[{"start":{"line":13,"column":15},"end":{"line":13,"column":26}},{"start":{"line":13,"column":30},"end":{"line":13,"column":61}}]},"2":{"loc":{"start":{"line":17,"column":3},"end":{"line":17,"column":68}},"type":"binary-expr","locations":[{"start":{"line":17,"column":3},"end":{"line":17,"column":17}},{"start":{"line":17,"column":21},"end":{"line":17,"column":68}}]},"3":{"loc":{"start":{"line":18,"column":55},"end":{"line":18,"column":72}},"type":"binary-expr","locations":[{"start":{"line":18,"column":55},"end":{"line":18,"column":64}},{"start":{"line":18,"column":68},"end":{"line":18,"column":72}}]},"4":{"loc":{"start":{"line":46,"column":2},"end":{"line":46,"column":45}},"type":"if","locations":[{"start":{"line":46,"column":2},"end":{"line":46,"column":45}}]},"5":{"loc":{"start":{"line":60,"column":2},"end":{"line":60,"column":54}},"type":"if","locations":[{"start":{"line":60,"column":2},"end":{"line":60,"column":54}}]},"6":{"loc":{"start":{"line":70,"column":2},"end":{"line":70,"column":24}},"type":"if","locations":[{"start":{"line":70,"column":2},"end":{"line":70,"column":24}}]},"7":{"loc":{"start":{"line":71,"column":2},"end":{"line":80,"column":3}},"type":"if","locations":[{"start":{"line":71,"column":2},"end":{"line":80,"column":3}}]},"8":{"loc":{"start":{"line":74,"column":4},"end":{"line":78,"column":5}},"type":"if","locations":[{"start":{"line":74,"column":4},"end":{"line":78,"column":5}}]},"9":{"loc":{"start":{"line":74,"column":8},"end":{"line":74,"column":36}},"type":"binary-expr","locations":[{"start":{"line":74,"column":8},"end":{"line":74,"column":12}},{"start":{"line":74,"column":16},"end":{"line":74,"column":36}}]},"10":{"loc":{"start":{"line":98,"column":10},"end":{"line":98,"column":82}},"type":"cond-expr","locations":[{"start":{"line":98,"column":42},"end":{"line":98,"column":51}},{"start":{"line":98,"column":54},"end":{"line":98,"column":82}}]}},"s":{"0":2,"1":2,"2":2,"3":2,"4":2,"5":2,"6":2,"7":2,"8":2,"9":2,"10":2,"11":2,"12":2,"13":2,"14":2,"15":6,"16":6,"17":6,"18":6,"19":6,"20":6,"21":6,"22":6,"23":3,"24":1,"25":0,"26":0,"27":0,"28":0,"29":0,"30":0,"31":0,"32":1,"33":1,"34":1,"35":1,"36":0,"37":1,"38":1,"39":1,"40":1,"41":1,"42":1,"43":1,"44":0,"45":1,"46":1,"47":1,"48":1,"49":1,"50":1,"51":1,"52":0,"53":0,"54":0,"55":0,"56":0,"57":0,"58":0},"f":{"0":6,"1":6,"2":3,"3":1,"4":0,"5":1,"6":1,"7":1,"8":0,"9":0,"10":0,"11":0,"12":0},"b":{"0":[0],"1":[6,0],"2":[6,3],"3":[6,0],"4":[0],"5":[0],"6":[0],"7":[1],"8":[1],"9":[1,1],"10":[0,0]}}
,"/workspaces/faro_hall/src/logic/rng.ts": {"path":"/workspaces/faro_hall/src/logic/rng.ts","statementMap":{"0":{"start":{"line":6,"column":0},"end":{"line":6,"column":16}},"1":{"start":{"line":7,"column":10},"end":{"line":7,"column":54}},"2":{"start":{"line":8,"column":2},"end":{"line":15,"column":3}},"3":{"start":{"line":10,"column":4},"end":{"line":10,"column":19}},"4":{"start":{"line":11,"column":4},"end":{"line":14,"column":5}},"5":{"start":{"line":11,"column":17},"end":{"line":11,"column":18}},"6":{"start":{"line":12,"column":6},"end":{"line":12,"column":30}},"7":{"start":{"line":13,"column":6},"end":{"line":13,"column":39}},"8":{"start":{"line":16,"column":2},"end":{"line":16,"column":17}},"9":{"start":{"line":23,"column":4},"end":{"line":23,"column":41}},"10":{"start":{"line":29,"column":12},"end":{"line":29,"column":22}},"11":{"start":{"line":30,"column":4},"end":{"line":30,"column":17}},"12":{"start":{"line":31,"column":4},"end":{"line":31,"column":16}},"13":{"start":{"line":32,"column":4},"end":{"line":32,"column":18}},"14":{"start":{"line":33,"column":4},"end":{"line":33,"column":16}},"15":{"start":{"line":34,"column":4},"end":{"line":34,"column":25}},"16":{"start":{"line":35,"column":4},"end":{"line":35,"column":22}},"17":{"start":{"line":40,"column":4},"end":{"line":40,"column":36}},"18":{"start":{"line":45,"column":4},"end":{"line":50,"column":5}},"19":{"start":{"line":45,"column":17},"end":{"line":45,"column":31}},"20":{"start":{"line":46,"column":16},"end":{"line":46,"column":52}},"21":{"start":{"line":47,"column":18},"end":{"line":47,"column":24}},"22":{"start":{"line":48,"column":6},"end":{"line":48,"column":22}},"23":{"start":{"line":49,"column":6},"end":{"line":49,"column":19}},"24":{"start":{"line":51,"column":4},"end":{"line":51,"column":15}},"25":{"start":{"line":20,"column":0},"end":{"line":20,"column":13}}},"fnMap":{"0":{"name":"seedToNumber","decl":{"start":{"line":6,"column":16},"end":{"line":6,"column":28}},"loc":{"start":{"line":6,"column":50},"end":{"line":17,"column":1}}},"1":{"name":"(anonymous_1)","decl":{"start":{"line":22,"column":2},"end":{"line":22,"column":14}},"loc":{"start":{"line":22,"column":35},"end":{"line":24,"column":3}}},"2":{"name":"(anonymous_2)","decl":{"start":{"line":27,"column":2},"end":{"line":27,"column":6}},"loc":{"start":{"line":27,"column":6},"end":{"line":36,"column":3}}},"3":{"name":"(anonymous_3)","decl":{"start":{"line":39,"column":2},"end":{"line":39,"column":9}},"loc":{"start":{"line":39,"column":9},"end":{"line":41,"column":3}}},"4":{"name":"(anonymous_4)","decl":{"start":{"line":44,"column":2},"end":{"line":44,"column":9}},"loc":{"start":{"line":44,"column":21},"end":{"line":52,"column":3}}}},"branchMap":{"0":{"loc":{"start":{"line":7,"column":10},"end":{"line":7,"column":54}},"type":"cond-expr","locations":[{"start":{"line":7,"column":37},"end":{"line":7,"column":41}},{"start":{"line":7,"column":44},"end":{"line":7,"column":54}}]},"1":{"loc":{"start":{"line":8,"column":2},"end":{"line":15,"column":3}},"type":"if","locations":[{"start":{"line":8,"column":2},"end":{"line":15,"column":3}}]},"2":{"loc":{"start":{"line":23,"column":17},"end":{"line":23,"column":40}},"type":"binary-expr","locations":[{"start":{"line":23,"column":17},"end":{"line":23,"column":35}},{"start":{"line":23,"column":39},"end":{"line":23,"column":40}}]}},"s":{"0":3,"1":10,"2":10,"3":7,"4":7,"5":7,"6":20,"7":20,"8":10,"9":8,"10":314,"11":314,"12":314,"13":314,"14":314,"15":314,"16":314,"17":314,"18":8,"19":8,"20":314,"21":314,"22":314,"23":314,"24":8,"25":3},"f":{"0":10,"1":8,"2":314,"3":314,"4":8},"b":{"0":[3,7],"1":[7],"2":[8,0]}}
,"/workspaces/faro_hall/src/utils/seed.ts": {"path":"/workspaces/faro_hall/src/utils/seed.ts","statementMap":{"0":{"start":{"line":6,"column":0},"end":{"line":6,"column":16}},"1":{"start":{"line":17,"column":0},"end":{"line":17,"column":16}},"2":{"start":{"line":32,"column":0},"end":{"line":32,"column":16}},"3":{"start":{"line":41,"column":0},"end":{"line":41,"column":16}},"4":{"start":{"line":54,"column":0},"end":{"line":54,"column":7}},"5":{"start":{"line":4,"column":17},"end":{"line":4,"column":23}},"6":{"start":{"line":7,"column":2},"end":{"line":14,"column":3}},"7":{"start":{"line":8,"column":18},"end":{"line":10,"column":6}},"8":{"start":{"line":9,"column":6},"end":{"line":9,"column":50}},"9":{"start":{"line":11,"column":4},"end":{"line":11,"column":82}},"10":{"start":{"line":13,"column":4},"end":{"line":13,"column":35}},"11":{"start":{"line":18,"column":2},"end":{"line":29,"column":3}},"12":{"start":{"line":19,"column":12},"end":{"line":19,"column":55}},"13":{"start":{"line":20,"column":4},"end":{"line":20,"column":34}},"14":{"start":{"line":20,"column":25},"end":{"line":20,"column":34}},"15":{"start":{"line":21,"column":16},"end":{"line":21,"column":23}},"16":{"start":{"line":22,"column":17},"end":{"line":25,"column":15}},"17":{"start":{"line":23,"column":19},"end":{"line":23,"column":61}},"18":{"start":{"line":24,"column":6},"end":{"line":24,"column":57}},"19":{"start":{"line":26,"column":4},"end":{"line":26,"column":36}},"20":{"start":{"line":28,"column":4},"end":{"line":28,"column":69}},"21":{"start":{"line":28,"column":10},"end":{"line":28,"column":43}},"22":{"start":{"line":28,"column":54},"end":{"line":28,"column":67}},"23":{"start":{"line":33,"column":18},"end":{"line":33,"column":39}},"24":{"start":{"line":34,"column":2},"end":{"line":34,"column":84}},"25":{"start":{"line":34,"column":37},"end":{"line":34,"column":84}},"26":{"start":{"line":35,"column":14},"end":{"line":35,"column":43}},"27":{"start":{"line":36,"column":2},"end":{"line":36,"column":42}},"28":{"start":{"line":37,"column":2},"end":{"line":37,"column":100}},"29":{"start":{"line":37,"column":14},"end":{"line":37,"column":100}},"30":{"start":{"line":37,"column":47},"end":{"line":37,"column":98}},"31":{"start":{"line":38,"column":2},"end":{"line":38,"column":35}},"32":{"start":{"line":42,"column":2},"end":{"line":51,"column":3}},"33":{"start":{"line":43,"column":16},"end":{"line":43,"column":158}},"34":{"start":{"line":44,"column":14},"end":{"line":44,"column":44}},"35":{"start":{"line":45,"column":4},"end":{"line":45,"column":22}},"36":{"start":{"line":45,"column":12},"end":{"line":45,"column":22}},"37":{"start":{"line":46,"column":4},"end":{"line":46,"column":30}},"38":{"start":{"line":48,"column":14},"end":{"line":48,"column":55}},"39":{"start":{"line":49,"column":4},"end":{"line":49,"column":22}},"40":{"start":{"line":49,"column":12},"end":{"line":49,"column":22}},"41":{"start":{"line":50,"column":4},"end":{"line":50,"column":53}},"42":{"start":{"line":55,"column":16},"end":{"line":55,"column":125}},"43":{"start":{"line":55,"column":38},"end":{"line":55,"column":125}},"44":{"start":{"line":55,"column":79},"end":{"line":55,"column":115}},"45":{"start":{"line":56,"column":2},"end":{"line":56,"column":71}},"46":{"start":{"line":56,"column":35},"end":{"line":56,"column":71}},"47":{"start":{"line":57,"column":2},"end":{"line":67,"column":3}},"48":{"start":{"line":58,"column":4},"end":{"line":62,"column":5}},"49":{"start":{"line":59,"column":18},"end":{"line":59,"column":35}},"50":{"start":{"line":60,"column":18},"end":{"line":60,"column":107}},"51":{"start":{"line":61,"column":6},"end":{"line":61,"column":37}},"52":{"start":{"line":64,"column":12},"end":{"line":64,"column":28}},"53":{"start":{"line":65,"column":4},"end":{"line":65,"column":134}},"54":{"start":{"line":65,"column":17},"end":{"line":65,"column":18}},"55":{"start":{"line":65,"column":59},"end":{"line":65,"column":98}},"56":{"start":{"line":65,"column":99},"end":{"line":65,"column":132}},"57":{"start":{"line":66,"column":4},"end":{"line":66,"column":34}},"58":{"start":{"line":68,"column":2},"end":{"line":72,"column":3}},"59":{"start":{"line":69,"column":16},"end":{"line":69,"column":34}},"60":{"start":{"line":70,"column":4},"end":{"line":70,"column":39}},"61":{"start":{"line":71,"column":4},"end":{"line":71,"column":83}},"62":{"start":{"line":71,"column":36},"end":{"line":71,"column":72}},"63":{"start":{"line":73,"column":2},"end":{"line":73,"column":62}}},"fnMap":{"0":{"name":"base64UrlEncode","decl":{"start":{"line":6,"column":16},"end":{"line":6,"column":31}},"loc":{"start":{"line":6,"column":43},"end":{"line":15,"column":1}}},"1":{"name":"(anonymous_1)","decl":{"start":{"line":8,"column":69},"end":{"line":8,"column":78}},"loc":{"start":{"line":8,"column":82},"end":{"line":10,"column":5}}},"2":{"name":"base64UrlDecode","decl":{"start":{"line":17,"column":16},"end":{"line":17,"column":31}},"loc":{"start":{"line":17,"column":45},"end":{"line":30,"column":1}}},"3":{"name":"(anonymous_3)","decl":{"start":{"line":22,"column":35},"end":{"line":22,"column":36}},"loc":{"start":{"line":22,"column":39},"end":{"line":25,"column":5}}},"4":{"name":"seedToUrl","decl":{"start":{"line":32,"column":16},"end":{"line":32,"column":25}},"loc":{"start":{"line":32,"column":90},"end":{"line":39,"column":1}}},"5":{"name":"(anonymous_5)","decl":{"start":{"line":37,"column":42},"end":{"line":37,"column":43}},"loc":{"start":{"line":37,"column":47},"end":{"line":37,"column":98}}},"6":{"name":"urlToSeed","decl":{"start":{"line":41,"column":16},"end":{"line":41,"column":25}},"loc":{"start":{"line":41,"column":41},"end":{"line":52,"column":1}}},"7":{"name":"deterministicSeedFromEntropy","decl":{"start":{"line":54,"column":22},"end":{"line":54,"column":50}},"loc":{"start":{"line":54,"column":89},"end":{"line":74,"column":1}}},"8":{"name":"(anonymous_8)","decl":{"start":{"line":55,"column":16},"end":{"line":55,"column":17}},"loc":{"start":{"line":55,"column":38},"end":{"line":55,"column":125}}},"9":{"name":"(anonymous_9)","decl":{"start":{"line":55,"column":74},"end":{"line":55,"column":75}},"loc":{"start":{"line":55,"column":79},"end":{"line":55,"column":115}}},"10":{"name":"(anonymous_10)","decl":{"start":{"line":71,"column":31},"end":{"line":71,"column":32}},"loc":{"start":{"line":71,"column":36},"end":{"line":71,"column":72}}}},"branchMap":{"0":{"loc":{"start":{"line":24,"column":20},"end":{"line":24,"column":55}},"type":"cond-expr","locations":[{"start":{"line":24,"column":38},"end":{"line":24,"column":48}},{"start":{"line":24,"column":51},"end":{"line":24,"column":55}}]},"1":{"loc":{"start":{"line":34,"column":2},"end":{"line":34,"column":84}},"type":"if","locations":[{"start":{"line":34,"column":2},"end":{"line":34,"column":84}}]},"2":{"loc":{"start":{"line":37,"column":2},"end":{"line":37,"column":100}},"type":"if","locations":[{"start":{"line":37,"column":2},"end":{"line":37,"column":100}}]},"3":{"loc":{"start":{"line":43,"column":33},"end":{"line":43,"column":157}},"type":"cond-expr","locations":[{"start":{"line":43,"column":112},"end":{"line":43,"column":134}},{"start":{"line":43,"column":137},"end":{"line":43,"column":157}}]},"4":{"loc":{"start":{"line":43,"column":34},"end":{"line":43,"column":108}},"type":"binary-expr","locations":[{"start":{"line":43,"column":34},"end":{"line":43,"column":63}},{"start":{"line":43,"column":67},"end":{"line":43,"column":82}},{"start":{"line":43,"column":86},"end":{"line":43,"column":108}}]},"5":{"loc":{"start":{"line":45,"column":4},"end":{"line":45,"column":22}},"type":"if","locations":[{"start":{"line":45,"column":4},"end":{"line":45,"column":22}}]},"6":{"loc":{"start":{"line":48,"column":15},"end":{"line":48,"column":28}},"type":"binary-expr","locations":[{"start":{"line":48,"column":15},"end":{"line":48,"column":22}},{"start":{"line":48,"column":26},"end":{"line":48,"column":28}}]},"7":{"loc":{"start":{"line":49,"column":4},"end":{"line":49,"column":22}},"type":"if","locations":[{"start":{"line":49,"column":4},"end":{"line":49,"column":22}}]},"8":{"loc":{"start":{"line":55,"column":80},"end":{"line":55,"column":97}},"type":"cond-expr","locations":[{"start":{"line":55,"column":89},"end":{"line":55,"column":92}},{"start":{"line":55,"column":95},"end":{"line":55,"column":97}}]},"9":{"loc":{"start":{"line":56,"column":2},"end":{"line":56,"column":71}},"type":"if","locations":[{"start":{"line":56,"column":2},"end":{"line":56,"column":71}}]},"10":{"loc":{"start":{"line":57,"column":2},"end":{"line":67,"column":3}},"type":"if","locations":[{"start":{"line":57,"column":2},"end":{"line":67,"column":3}}]},"11":{"loc":{"start":{"line":58,"column":4},"end":{"line":62,"column":5}},"type":"if","locations":[{"start":{"line":58,"column":4},"end":{"line":62,"column":5}}]},"12":{"loc":{"start":{"line":58,"column":8},"end":{"line":58,"column":96}},"type":"binary-expr","locations":[{"start":{"line":58,"column":8},"end":{"line":58,"column":37}},{"start":{"line":58,"column":42},"end":{"line":58,"column":63}},{"start":{"line":58,"column":68},"end":{"line":58,"column":96}}]},"13":{"loc":{"start":{"line":68,"column":2},"end":{"line":72,"column":3}},"type":"if","locations":[{"start":{"line":68,"column":2},"end":{"line":72,"column":3}}]},"14":{"loc":{"start":{"line":68,"column":6},"end":{"line":68,"column":103}},"type":"binary-expr","locations":[{"start":{"line":68,"column":6},"end":{"line":68,"column":35}},{"start":{"line":68,"column":40},"end":{"line":68,"column":61}},{"start":{"line":68,"column":66},"end":{"line":68,"column":103}}]},"15":{"loc":{"start":{"line":71,"column":37},"end":{"line":71,"column":54}},"type":"cond-expr","locations":[{"start":{"line":71,"column":46},"end":{"line":71,"column":49}},{"start":{"line":71,"column":52},"end":{"line":71,"column":54}}]}},"s":{"0":1,"1":1,"2":1,"3":1,"4":1,"5":1,"6":1,"7":1,"8":0,"9":1,"10":0,"11":1,"12":1,"13":1,"14":1,"15":1,"16":1,"17":20,"18":20,"19":1,"20":0,"21":0,"22":0,"23":1,"24":1,"25":0,"26":1,"27":1,"28":1,"29":1,"30":1,"31":1,"32":1,"33":1,"34":1,"35":1,"36":0,"37":1,"38":0,"39":0,"40":0,"41":0,"42":1,"43":0,"44":0,"45":1,"46":0,"47":1,"48":1,"49":0,"50":0,"51":0,"52":1,"53":1,"54":1,"55":11,"56":11,"57":1,"58":0,"59":0,"60":0,"61":0,"62":0,"63":0},"f":{"0":1,"1":0,"2":1,"3":20,"4":1,"5":1,"6":1,"7":1,"8":0,"9":0,"10":0},"b":{"0":[0,20],"1":[0],"2":[1],"3":[1,0],"4":[1,1,1],"5":[0],"6":[0,0],"7":[0],"8":[0,0],"9":[0],"10":[1],"11":[0],"12":[1,1,1],"13":[0],"14":[0,0,0],"15":[0,0]}}
,"/workspaces/faro_hall/src/utils/serialize.ts": {"path":"/workspaces/faro_hall/src/utils/serialize.ts","statementMap":{"0":{"start":{"line":12,"column":0},"end":{"line":12,"column":16}},"1":{"start":{"line":20,"column":0},"end":{"line":20,"column":16}},"2":{"start":{"line":13,"column":15},"end":{"line":13,"column":39}},"3":{"start":{"line":14,"column":2},"end":{"line":16,"column":3}},"4":{"start":{"line":15,"column":4},"end":{"line":15,"column":26}},"5":{"start":{"line":17,"column":2},"end":{"line":17,"column":30}},"6":{"start":{"line":21,"column":2},"end":{"line":27,"column":3}},"7":{"start":{"line":22,"column":19},"end":{"line":22,"column":35}},"8":{"start":{"line":23,"column":4},"end":{"line":23,"column":93}},"9":{"start":{"line":23,"column":55},"end":{"line":23,"column":93}},"10":{"start":{"line":24,"column":4},"end":{"line":24,"column":31}},"11":{"start":{"line":26,"column":4},"end":{"line":26,"column":80}}},"fnMap":{"0":{"name":"exportGameState","decl":{"start":{"line":12,"column":16},"end":{"line":12,"column":31}},"loc":{"start":{"line":12,"column":72},"end":{"line":18,"column":1}}},"1":{"name":"importGameState","decl":{"start":{"line":20,"column":16},"end":{"line":20,"column":31}},"loc":{"start":{"line":20,"column":44},"end":{"line":28,"column":1}}}},"branchMap":{"0":{"loc":{"start":{"line":12,"column":50},"end":{"line":12,"column":72}},"type":"default-arg","locations":[{"start":{"line":12,"column":67},"end":{"line":12,"column":72}}]},"1":{"loc":{"start":{"line":14,"column":2},"end":{"line":16,"column":3}},"type":"if","locations":[{"start":{"line":14,"column":2},"end":{"line":16,"column":3}}]},"2":{"loc":{"start":{"line":23,"column":4},"end":{"line":23,"column":93}},"type":"if","locations":[{"start":{"line":23,"column":4},"end":{"line":23,"column":93}}]},"3":{"loc":{"start":{"line":23,"column":8},"end":{"line":23,"column":53}},"type":"binary-expr","locations":[{"start":{"line":23,"column":8},"end":{"line":23,"column":34}},{"start":{"line":23,"column":38},"end":{"line":23,"column":53}}]}},"s":{"0":2,"1":2,"2":4,"3":4,"4":1,"5":4,"6":3,"7":3,"8":3,"9":0,"10":3,"11":0},"f":{"0":4,"1":3},"b":{"0":[0],"1":[1],"2":[0],"3":[3,3]}}
}
