TN:
SF:src/hooks/usePersistence.ts
FN:7,saveToLocalStorage
FN:13,loadFromLocalStorage
FN:19,subscribePersistence
FN:20,(anonymous_3)
FN:22,(anonymous_4)
FN:25,usePersistence
FN:29,(anonymous_6)
FN:35,(anonymous_7)
FN:36,(anonymous_8)
FN:39,(anonymous_9)
FN:44,(anonymous_10)
FNF:11
FNH:2
FNDA:2,saveToLocalStorage
FNDA:1,loadFromLocalStorage
FNDA:0,subscribePersistence
FNDA:0,(anonymous_3)
FNDA:0,(anonymous_4)
FNDA:0,usePersistence
FNDA:0,(anonymous_6)
FNDA:0,(anonymous_7)
FNDA:0,(anonymous_8)
FNDA:0,(anonymous_9)
FNDA:0,(anonymous_10)
DA:1,1
DA:2,1
DA:4,1
DA:5,1
DA:7,1
DA:8,2
DA:9,2
DA:10,2
DA:13,1
DA:14,1
DA:15,1
DA:16,1
DA:19,1
DA:20,0
DA:21,0
DA:22,0
DA:25,1
DA:26,0
DA:27,0
DA:29,0
DA:30,0
DA:31,0
DA:32,0
DA:33,0
DA:35,0
DA:36,0
DA:39,0
DA:40,0
DA:41,0
DA:44,0
DA:45,0
DA:46,0
DA:47,0
DA:50,0
LF:34
LH:14
BRDA:15,0,0,0
BRDA:20,1,0,0
BRDA:20,1,1,0
BRDA:31,2,0,0
BRDA:31,2,1,0
BRDA:32,3,0,0
BRF:6
BRH:0
end_of_record
TN:
SF:src/lib/cards.ts
FN:6,makeDeck
FN:16,shuffle
FNF:2
FNH:2
FNDA:2,makeDeck
FNDA:2,shuffle
DA:6,1
DA:7,2
DA:8,2
DA:9,2
DA:10,2
DA:11,104
DA:13,2
DA:16,1
DA:17,2
DA:18,2
DA:19,102
DA:20,102
DA:22,2
LF:13
LH:13
BRF:0
BRH:0
end_of_record
TN:
SF:src/lib/rng.ts
FN:2,seedFromString
FN:12,mulberry32
FN:14,(anonymous_2)
FNF:3
FNH:3
FNDA:5,seedFromString
FNDA:4,mulberry32
FNDA:108,(anonymous_2)
DA:2,2
DA:4,5
DA:5,5
DA:6,38
DA:7,38
DA:9,5
DA:12,2
DA:13,4
DA:14,4
DA:15,108
DA:16,108
DA:17,108
DA:18,108
LF:13
LH:13
BRF:0
BRH:0
end_of_record
TN:
SF:src/logic/bets.ts
FN:4,genId
FN:8,placeBet
FN:19,cancelBet
FN:25,(anonymous_3)
FN:31,toggleCopper
FN:55,resolveBets
FNF:6
FNH:4
FNDA:3,genId
FNDA:3,placeBet
FNDA:0,cancelBet
FNDA:0,(anonymous_3)
FNDA:1,toggleCopper
FNDA:3,resolveBets
DA:2,2
DA:5,3
DA:8,2
DA:9,3
DA:10,3
DA:11,3
DA:12,3
DA:13,3
DA:14,3
DA:15,3
DA:16,3
DA:19,2
DA:20,0
DA:21,0
DA:22,0
DA:23,0
DA:24,0
DA:25,0
DA:26,0
DA:27,0
DA:28,0
DA:31,2
DA:32,1
DA:33,1
DA:34,1
DA:35,1
DA:36,1
DA:37,1
DA:55,2
DA:56,3
DA:57,3
DA:58,3
DA:60,3
DA:61,3
DA:62,3
DA:63,3
DA:64,3
DA:65,3
DA:67,3
DA:68,39
DA:69,39
DA:70,4
DA:71,4
DA:72,4
DA:73,4
DA:75,4
DA:77,3
DA:78,1
DA:81,1
DA:82,0
DA:85,4
DA:86,4
DA:89,3
DA:91,3
DA:92,3
DA:93,3
DA:96,3
DA:97,3
DA:98,3
LF:59
LH:49
BRDA:21,0,0,0
BRDA:22,1,0,0
BRDA:22,2,0,0
BRDA:22,2,1,0
BRDA:33,3,0,0
BRDA:62,4,0,0
BRDA:68,5,0,39
BRDA:68,5,1,35
BRDA:69,6,0,35
BRDA:75,7,0,3
BRDA:75,7,1,1
BRDA:77,8,0,2
BRDA:77,8,1,1
BRDA:78,9,0,0
BRDA:81,10,0,1
BRDA:81,10,1,0
BRDA:82,11,0,0
BRF:17
BRH:8
end_of_record
TN:
SF:src/logic/casekeep.ts
FN:4,createCasekeep
FN:10,recordDraw
FN:15,undoDraw
FN:21,resetCasekeep
FN:26,exportCasekeep
FN:30,importCasekeep
FNF:6
FNH:3
FNDA:7,createCasekeep
FNDA:2,recordDraw
FNDA:2,undoDraw
FNDA:0,resetCasekeep
FNDA:0,exportCasekeep
FNDA:0,importCasekeep
DA:2,3
DA:4,3
DA:5,7
DA:6,91
DA:7,7
DA:10,3
DA:11,2
DA:12,2
DA:15,3
DA:16,2
DA:17,2
DA:18,2
DA:21,3
DA:22,0
DA:23,0
DA:26,3
DA:27,0
DA:30,3
DA:31,0
LF:19
LH:15
BRDA:11,0,0,2
BRDA:11,0,1,2
BRDA:17,1,0,0
BRDA:18,2,0,2
BRDA:18,2,1,0
BRF:5
BRH:3
end_of_record
TN:
SF:src/logic/deck.ts
FN:7,createDeck
FN:17,rankToValue
FN:25,shuffleUsingRng
FNF:3
FNH:2
FNDA:7,createDeck
FNDA:0,rankToValue
FNDA:6,shuffleUsingRng
DA:4,4
DA:5,4
DA:7,4
DA:8,7
DA:9,7
DA:10,28
DA:11,364
DA:14,7
DA:17,4
DA:18,0
DA:19,0
DA:20,0
DA:21,0
DA:22,0
DA:25,4
DA:27,6
DA:28,6
DA:29,6
LF:18
LH:13
BRDA:18,0,0,0
BRDA:19,1,0,0
BRDA:20,2,0,0
BRDA:21,3,0,0
BRF:4
BRH:0
end_of_record
TN:
SF:src/logic/game.ts
FN:12,newGame
FN:17,(anonymous_1)
FN:36,placeBetOnGame
FN:40,toggleCopperOnGame
FN:44,splitBetOnGame
FN:53,startTurn
FN:59,revealNext
FN:68,undo
FN:85,exportState
FN:89,importState
FN:95,getPublicState
FN:100,(anonymous_11)
FN:107,loadFromSeed
FNF:13
FNH:7
FNDA:6,newGame
FNDA:6,(anonymous_1)
FNDA:3,placeBetOnGame
FNDA:1,toggleCopperOnGame
FNDA:0,splitBetOnGame
FNDA:1,startTurn
FNDA:1,revealNext
FNDA:1,undo
FNDA:0,exportState
FNDA:0,importState
FNDA:0,getPublicState
FNDA:0,(anonymous_11)
FNDA:0,loadFromSeed
DA:1,2
DA:2,2
DA:3,2
DA:4,2
DA:12,2
DA:13,6
DA:14,6
DA:15,6
DA:16,6
DA:17,6
DA:18,6
DA:21,6
DA:33,6
DA:36,2
DA:37,3
DA:40,2
DA:41,1
DA:44,2
DA:45,0
DA:46,0
DA:47,0
DA:48,0
DA:49,0
DA:50,0
DA:53,2
DA:54,1
DA:55,1
DA:56,1
DA:59,2
DA:60,1
DA:61,1
DA:62,1
DA:63,1
DA:64,1
DA:65,1
DA:68,2
DA:69,1
DA:70,1
DA:71,1
DA:73,1
DA:74,1
DA:75,1
DA:76,1
DA:77,1
DA:79,1
DA:82,0
DA:85,2
DA:86,0
DA:89,2
DA:90,0
DA:92,0
DA:95,2
DA:97,0
DA:100,0
DA:107,2
DA:108,0
LF:56
LH:43
BRDA:12,0,0,0
BRDA:13,1,0,6
BRDA:13,1,1,0
BRDA:17,2,0,6
BRDA:17,2,1,3
BRDA:18,3,0,6
BRDA:18,3,1,0
BRDA:46,4,0,0
BRDA:60,5,0,0
BRDA:70,6,0,0
BRDA:71,7,0,1
BRDA:74,8,0,1
BRDA:74,9,0,1
BRDA:74,9,1,1
BRDA:98,10,0,0
BRDA:98,10,1,0
BRF:16
BRH:8
end_of_record
TN:
SF:src/logic/rng.ts
FN:6,seedToNumber
FN:22,(anonymous_1)
FN:27,(anonymous_2)
FN:39,(anonymous_3)
FN:44,(anonymous_4)
FNF:5
FNH:5
FNDA:10,seedToNumber
FNDA:8,(anonymous_1)
FNDA:314,(anonymous_2)
FNDA:314,(anonymous_3)
FNDA:8,(anonymous_4)
DA:6,3
DA:7,10
DA:8,10
DA:10,7
DA:11,7
DA:12,20
DA:13,20
DA:16,10
DA:20,3
DA:23,8
DA:29,314
DA:30,314
DA:31,314
DA:32,314
DA:33,314
DA:34,314
DA:35,314
DA:40,314
DA:45,8
DA:46,314
DA:47,314
DA:48,314
DA:49,314
DA:51,8
LF:24
LH:24
BRDA:7,0,0,3
BRDA:7,0,1,7
BRDA:8,1,0,7
BRDA:23,2,0,8
BRDA:23,2,1,0
BRF:5
BRH:4
end_of_record
TN:
SF:src/utils/seed.ts
FN:6,base64UrlEncode
FN:8,(anonymous_1)
FN:17,base64UrlDecode
FN:22,(anonymous_3)
FN:32,seedToUrl
FN:37,(anonymous_5)
FN:41,urlToSeed
FN:54,deterministicSeedFromEntropy
FN:55,(anonymous_8)
FN:55,(anonymous_9)
FN:71,(anonymous_10)
FNF:11
FNH:7
FNDA:1,base64UrlEncode
FNDA:0,(anonymous_1)
FNDA:1,base64UrlDecode
FNDA:20,(anonymous_3)
FNDA:1,seedToUrl
FNDA:1,(anonymous_5)
FNDA:1,urlToSeed
FNDA:1,deterministicSeedFromEntropy
FNDA:0,(anonymous_8)
FNDA:0,(anonymous_9)
FNDA:0,(anonymous_10)
DA:4,1
DA:6,1
DA:7,1
DA:8,1
DA:9,0
DA:11,1
DA:13,0
DA:17,1
DA:18,1
DA:19,1
DA:20,1
DA:21,1
DA:22,1
DA:23,20
DA:24,20
DA:26,1
DA:28,0
DA:32,1
DA:33,1
DA:34,1
DA:35,1
DA:36,1
DA:37,1
DA:38,1
DA:41,1
DA:42,1
DA:43,1
DA:44,1
DA:45,1
DA:46,1
DA:48,0
DA:49,0
DA:50,0
DA:54,1
DA:55,1
DA:56,1
DA:57,1
DA:58,1
DA:59,0
DA:60,0
DA:61,0
DA:64,1
DA:65,11
DA:66,1
DA:68,0
DA:69,0
DA:70,0
DA:71,0
DA:73,0
LF:49
LH:35
BRDA:24,0,0,0
BRDA:24,0,1,20
BRDA:34,1,0,0
BRDA:37,2,0,1
BRDA:43,3,0,1
BRDA:43,3,1,0
BRDA:43,4,0,1
BRDA:43,4,1,1
BRDA:43,4,2,1
BRDA:45,5,0,0
BRDA:48,6,0,0
BRDA:48,6,1,0
BRDA:49,7,0,0
BRDA:55,8,0,0
BRDA:55,8,1,0
BRDA:56,9,0,0
BRDA:57,10,0,1
BRDA:58,11,0,0
BRDA:58,12,0,1
BRDA:58,12,1,1
BRDA:58,12,2,1
BRDA:68,13,0,0
BRDA:68,14,0,0
BRDA:68,14,1,0
BRDA:68,14,2,0
BRDA:71,15,0,0
BRDA:71,15,1,0
BRF:27
BRH:10
end_of_record
TN:
SF:src/utils/serialize.ts
FN:12,exportGameState
FN:20,importGameState
FNF:2
FNH:2
FNDA:4,exportGameState
FNDA:3,importGameState
DA:12,2
DA:13,4
DA:14,4
DA:15,1
DA:17,4
DA:20,2
DA:21,3
DA:22,3
DA:23,3
DA:24,3
DA:26,0
LF:11
LH:10
BRDA:12,0,0,0
BRDA:14,1,0,1
BRDA:23,2,0,0
BRDA:23,3,0,3
BRDA:23,3,1,3
BRF:5
BRH:3
end_of_record
