TN:
SF:src/components/BettingBoard.tsx
FN:21,zoneKey
FN:22,(anonymous_11)
FN:25,initials
FN:26,(anonymous_13)
FN:99,playerColor
FN:103,(anonymous_15)
FN:115,(anonymous_16)
FN:116,(anonymous_17)
FN:133,(anonymous_18)
FN:135,(anonymous_19)
FN:139,(anonymous_20)
FN:159,(anonymous_21)
FN:178,(anonymous_22)
FN:186,(anonymous_23)
FN:187,(anonymous_24)
FN:188,(anonymous_25)
FN:198,(anonymous_26)
FN:216,(anonymous_27)
FN:217,(anonymous_28)
FN:218,(anonymous_29)
FN:219,(anonymous_30)
FN:233,(anonymous_31)
FNF:22
FNH:16
FNDA:188,zoneKey
FNDA:235,(anonymous_11)
FNDA:3,initials
FNDA:3,(anonymous_13)
FNDA:3,playerColor
FNDA:5,(anonymous_15)
FNDA:3,(anonymous_16)
FNDA:3,(anonymous_17)
FNDA:65,(anonymous_18)
FNDA:185,(anonymous_19)
FNDA:3,(anonymous_20)
FNDA:65,(anonymous_21)
FNDA:3,(anonymous_22)
FNDA:1,(anonymous_23)
FNDA:0,(anonymous_24)
FNDA:0,(anonymous_25)
FNDA:120,(anonymous_26)
FNDA:0,(anonymous_27)
FNDA:0,(anonymous_28)
FNDA:0,(anonymous_29)
FNDA:295,(anonymous_30)
FNDA:0,(anonymous_31)
DA:1,1
DA:2,1
DA:3,1
DA:22,235
DA:26,3
DA:42,1
DA:51,1
DA:60,1
DA:62,1
DA:94,1
DA:100,3
DA:103,1
DA:111,5
DA:114,5
DA:115,5
DA:116,5
DA:120,5
DA:121,5
DA:122,3
DA:123,3
DA:124,3
DA:125,3
DA:126,3
DA:127,3
DA:133,65
DA:135,5
DA:136,185
DA:137,185
DA:139,2
DA:140,3
DA:141,3
DA:142,3
DA:143,3
DA:144,3
DA:159,5
DA:160,65
DA:161,65
DA:162,65
DA:163,65
DA:164,65
DA:165,65
DA:166,65
DA:168,65
DA:176,65
DA:177,65
DA:178,3
DA:181,65
DA:186,1
DA:187,0
DA:188,0
DA:198,5
DA:199,120
DA:200,120
DA:201,120
DA:202,120
DA:203,120
DA:205,120
DA:211,120
DA:216,0
DA:217,0
DA:218,0
DA:219,295
DA:230,5
DA:233,0
DA:236,5
DA:251,1
LF:66
LH:60
BRDA:109,0,0,3
BRDA:123,1,0,2
BRDA:125,2,0,3
BRDA:125,2,1,0
BRDA:126,3,0,3
BRDA:126,3,1,3
BRDA:129,4,0,3
BRDA:129,4,1,3
BRDA:133,5,0,65
BRDA:133,5,1,65
BRDA:137,6,0,183
BRDA:137,7,0,185
BRDA:137,7,1,2
BRDA:140,8,0,3
BRDA:140,8,1,0
BRDA:141,9,0,0
BRDA:141,9,1,3
BRDA:143,10,0,3
BRDA:143,10,1,0
BRDA:150,11,0,3
BRDA:150,11,1,0
BRDA:150,12,0,0
BRDA:150,12,1,3
BRDA:152,13,0,3
BRDA:152,13,1,3
BRDA:162,14,0,65
BRDA:162,14,1,2
BRDA:170,15,0,0
BRDA:170,15,1,65
BRDA:170,16,0,65
BRDA:170,16,1,0
BRDA:170,16,2,0
BRDA:171,17,0,1
BRDA:171,17,1,64
BRDA:172,18,0,1
BRDA:172,18,1,64
BRDA:173,19,0,5
BRDA:173,19,1,60
BRDA:176,20,0,5
BRDA:176,20,1,60
BRDA:177,21,0,2
BRDA:177,21,1,63
BRDA:189,22,0,2
BRDA:189,22,1,63
BRDA:193,23,0,65
BRDA:193,23,1,2
BRDA:201,24,0,120
BRDA:201,24,1,0
BRDA:203,25,0,120
BRDA:203,25,1,90
BRDA:207,26,0,25
BRDA:207,26,1,95
BRDA:207,27,0,30
BRDA:207,27,1,65
BRDA:208,28,0,0
BRDA:208,28,1,120
BRDA:219,29,0,0
BRDA:219,29,1,120
BRDA:221,30,0,0
BRDA:221,30,1,120
BRDA:230,31,0,0
BRDA:230,31,1,5
BRDA:231,32,0,0
BRDA:231,32,1,0
BRDA:237,33,0,5
BRDA:237,33,1,5
BRDA:245,34,0,5
BRDA:245,34,1,0
BRF:68
BRH:51
end_of_record
TN:
SF:src/components/CasekeeperPanel.tsx
FN:12,burntCountsFromArray
FN:22,(anonymous_2)
FN:33,(anonymous_3)
FN:42,(anonymous_4)
FNF:4
FNH:4
FNDA:4,burntCountsFromArray
FNDA:8,(anonymous_2)
FNDA:104,(anonymous_3)
FNDA:416,(anonymous_4)
DA:1,3
DA:2,3
DA:3,3
DA:10,3
DA:13,4
DA:14,4
DA:15,16
DA:16,16
DA:19,4
DA:22,3
DA:23,8
DA:27,8
DA:34,104
DA:35,104
DA:37,104
DA:43,416
DA:58,3
LF:17
LH:17
BRDA:15,0,0,16
BRDA:15,1,0,16
BRDA:15,1,1,16
BRDA:15,1,2,16
BRDA:15,1,3,16
BRDA:23,2,0,4
BRDA:23,2,1,4
BRDA:23,3,0,8
BRDA:23,3,1,8
BRDA:29,4,0,8
BRDA:29,4,1,8
BRDA:45,5,0,16
BRDA:45,5,1,400
BRDA:46,6,0,16
BRDA:46,6,1,400
BRF:15
BRH:15
end_of_record
TN:
SF:src/components/Controls.tsx
FN:6,(anonymous_10)
FN:11,(anonymous_11)
FN:12,(anonymous_12)
FNF:3
FNH:1
FNDA:1,(anonymous_10)
FNDA:0,(anonymous_11)
FNDA:0,(anonymous_12)
DA:1,1
DA:2,1
DA:6,1
DA:7,1
DA:8,1
DA:11,0
DA:12,0
DA:19,1
LF:8
LH:6
BRF:0
BRH:0
end_of_record
TN:
SF:src/components/PlayerList.tsx
FN:21,(anonymous_10)
FN:22,(anonymous_11)
FN:24,(anonymous_12)
FN:36,(anonymous_13)
FN:42,(anonymous_14)
FN:48,(anonymous_15)
FN:52,(anonymous_16)
FN:65,(anonymous_17)
FN:75,(anonymous_18)
FN:76,(anonymous_19)
FN:77,(anonymous_20)
FN:81,(anonymous_21)
FN:102,(anonymous_22)
FN:112,(anonymous_23)
FNF:14
FNH:4
FNDA:3,(anonymous_10)
FNDA:3,(anonymous_11)
FNDA:1,(anonymous_12)
FNDA:0,(anonymous_13)
FNDA:0,(anonymous_14)
FNDA:0,(anonymous_15)
FNDA:3,(anonymous_16)
FNDA:0,(anonymous_17)
FNDA:0,(anonymous_18)
FNDA:0,(anonymous_19)
FNDA:0,(anonymous_20)
FNDA:0,(anonymous_21)
FNDA:0,(anonymous_22)
FNDA:0,(anonymous_23)
DA:1,1
DA:2,1
DA:21,1
DA:22,3
DA:24,1
DA:33,1
DA:34,1
DA:36,1
DA:37,0
DA:38,0
DA:39,0
DA:42,1
DA:43,0
DA:44,0
DA:45,0
DA:48,1
DA:50,1
DA:53,3
DA:54,3
DA:55,3
DA:56,3
DA:58,3
DA:65,0
DA:75,0
DA:76,0
DA:78,0
DA:79,0
DA:81,0
DA:102,0
DA:112,0
DA:134,1
LF:31
LH:17
BRDA:44,0,0,0
BRDA:44,1,0,0
BRDA:44,1,1,0
BRDA:51,2,0,1
BRDA:51,2,1,1
BRDA:53,3,0,0
BRDA:53,3,1,3
BRDA:54,4,0,0
BRDA:54,4,1,3
BRDA:61,5,0,1
BRDA:61,5,1,2
BRDA:65,6,0,0
BRDA:65,6,1,0
BRDA:70,7,0,0
BRDA:70,7,1,3
BRDA:78,8,0,0
BRDA:79,9,0,0
BRDA:89,10,0,3
BRDA:89,10,1,0
BRDA:90,11,0,0
BRDA:90,11,1,0
BRDA:99,12,0,3
BRDA:99,12,1,0
BRDA:99,12,2,0
BRDA:109,13,0,3
BRDA:109,13,1,0
BRDA:125,14,0,1
BRDA:125,14,1,0
BRF:28
BRH:11
end_of_record
TN:
SF:src/components/SeedControls.tsx
FN:10,SeedControls
FN:10,(anonymous_2)
FN:10,(anonymous_3)
FN:10,(anonymous_4)
FN:14,(anonymous_5)
FN:16,(anonymous_6)
FN:17,(anonymous_7)
FN:24,(anonymous_8)
FNF:8
FNH:3
FNDA:1,SeedControls
FNDA:0,(anonymous_2)
FNDA:0,(anonymous_3)
FNDA:0,(anonymous_4)
FNDA:0,(anonymous_5)
FNDA:0,(anonymous_6)
FNDA:1,(anonymous_7)
FNDA:1,(anonymous_8)
DA:1,1
DA:10,1
DA:11,1
DA:14,0
DA:16,0
DA:17,1
DA:24,1
LF:7
LH:5
BRDA:10,0,0,0
BRDA:10,1,0,0
BRDA:10,2,0,0
BRDA:10,3,0,0
BRDA:24,4,0,1
BRDA:24,4,1,0
BRF:6
BRH:1
end_of_record
TN:
SF:src/hooks/usePersistence.ts
FN:7,saveToLocalStorage
FN:13,loadFromLocalStorage
FN:19,subscribePersistence
FN:20,(anonymous_3)
FN:22,(anonymous_4)
FN:25,usePersistence
FN:29,(anonymous_6)
FN:35,(anonymous_7)
FN:36,(anonymous_8)
FN:39,(anonymous_9)
FN:44,(anonymous_10)
FNF:11
FNH:2
FNDA:2,saveToLocalStorage
FNDA:1,loadFromLocalStorage
FNDA:0,subscribePersistence
FNDA:0,(anonymous_3)
FNDA:0,(anonymous_4)
FNDA:0,usePersistence
FNDA:0,(anonymous_6)
FNDA:0,(anonymous_7)
FNDA:0,(anonymous_8)
FNDA:0,(anonymous_9)
FNDA:0,(anonymous_10)
DA:1,1
DA:2,1
DA:4,1
DA:5,1
DA:7,1
DA:8,2
DA:9,2
DA:10,2
DA:13,1
DA:14,1
DA:15,1
DA:16,1
DA:19,1
DA:20,0
DA:21,0
DA:22,0
DA:25,1
DA:26,0
DA:27,0
DA:29,0
DA:30,0
DA:31,0
DA:32,0
DA:33,0
DA:35,0
DA:36,0
DA:39,0
DA:40,0
DA:41,0
DA:44,0
DA:45,0
DA:46,0
DA:47,0
DA:50,0
LF:34
LH:14
BRDA:15,0,0,0
BRDA:20,1,0,0
BRDA:20,1,1,0
BRDA:31,2,0,0
BRDA:31,2,1,0
BRDA:32,3,0,0
BRF:6
BRH:0
end_of_record
TN:
SF:src/lib/cards.ts
FN:11,makeDeck
FN:21,shuffle
FNF:2
FNH:2
FNDA:127,makeDeck
FNDA:127,shuffle
DA:3,12
DA:11,12
DA:12,127
DA:13,127
DA:14,127
DA:15,127
DA:16,6604
DA:18,127
DA:21,12
DA:22,127
DA:23,127
DA:24,6477
DA:25,6477
DA:27,127
LF:14
LH:14
BRF:0
BRH:0
end_of_record
TN:
SF:src/lib/casekeep.ts
FN:5,createCasekeep
FN:9,recordDraw
FN:15,calculateCaseResults
FN:18,(anonymous_3)
FN:25,resetCases
FN:29,addCase
FNF:6
FNH:6
FNDA:139,createCasekeep
FNDA:259,recordDraw
FNDA:2,calculateCaseResults
FNDA:2,(anonymous_3)
FNDA:1,resetCases
FNDA:2,addCase
DA:5,8
DA:6,139
DA:9,8
DA:10,259
DA:11,259
DA:12,259
DA:15,8
DA:16,2
DA:17,1
DA:18,1
DA:19,2
DA:20,1
DA:22,1
DA:25,8
DA:26,1
DA:29,8
DA:30,2
DA:31,2
DA:32,1
LF:19
LH:19
BRDA:11,0,0,259
BRDA:11,0,1,238
BRDA:16,1,0,1
BRDA:19,2,0,1
BRDA:19,2,1,1
BRDA:20,3,0,1
BRDA:30,4,0,0
BRDA:31,5,0,1
BRF:8
BRH:7
end_of_record
TN:
SF:src/lib/game.ts
FN:21,newGame
FN:27,(anonymous_1)
FN:50,draw
FN:59,placeBet
FN:62,(anonymous_4)
FN:68,(anonymous_5)
FN:76,resolveTurn
FN:90,(anonymous_7)
FN:97,(anonymous_8)
FN:98,(anonymous_9)
FN:122,(anonymous_10)
FN:124,(anonymous_11)
FN:125,(anonymous_12)
FN:133,(anonymous_13)
FN:151,addPlayer
FN:152,(anonymous_15)
FN:157,removePlayer
FN:159,(anonymous_17)
FN:161,(anonymous_18)
FN:165,renamePlayer
FN:166,(anonymous_20)
FN:168,(anonymous_21)
FN:173,serializeGameState
FN:177,deserializeGameState
FNF:24
FNH:23
FNDA:125,newGame
FNDA:235,(anonymous_1)
FNDA:3,draw
FNDA:29,placeBet
FNDA:25,(anonymous_4)
FNDA:25,(anonymous_5)
FNDA:67,resolveTurn
FNDA:119,(anonymous_7)
FNDA:21,(anonymous_8)
FNDA:21,(anonymous_9)
FNDA:5,(anonymous_10)
FNDA:6,(anonymous_11)
FNDA:5,(anonymous_12)
FNDA:13,(anonymous_13)
FNDA:1,addPlayer
FNDA:1,(anonymous_15)
FNDA:2,removePlayer
FNDA:2,(anonymous_17)
FNDA:0,(anonymous_18)
FNDA:3,renamePlayer
FNDA:3,(anonymous_20)
FNDA:2,(anonymous_21)
FNDA:5,serializeGameState
FNDA:8,deserializeGameState
DA:1,7
DA:2,7
DA:3,7
DA:4,7
DA:21,7
DA:22,125
DA:23,125
DA:24,125
DA:25,125
DA:27,235
DA:31,125
DA:34,125
DA:35,125
DA:36,125
DA:38,125
DA:50,7
DA:51,3
DA:52,2
DA:53,2
DA:54,2
DA:55,2
DA:56,2
DA:59,7
DA:60,29
DA:62,25
DA:63,24
DA:65,22
DA:66,22
DA:68,25
DA:69,21
DA:71,21
DA:72,21
DA:73,21
DA:76,7
DA:78,67
DA:79,1
DA:82,66
DA:83,66
DA:85,66
DA:86,66
DA:87,66
DA:88,66
DA:90,119
DA:91,66
DA:93,66
DA:94,66
DA:96,66
DA:97,21
DA:98,21
DA:100,20
DA:101,3
DA:102,3
DA:105,17
DA:107,17
DA:108,2
DA:109,2
DA:112,15
DA:113,15
DA:114,12
DA:116,3
DA:121,66
DA:122,5
DA:123,5
DA:124,6
DA:125,5
DA:126,5
DA:127,2
DA:132,66
DA:133,13
DA:134,12
DA:135,11
DA:138,66
DA:139,66
DA:148,66
DA:151,7
DA:152,1
DA:153,1
DA:154,1
DA:157,7
DA:158,2
DA:159,2
DA:160,1
DA:161,1
DA:162,1
DA:165,7
DA:166,3
DA:167,3
DA:168,2
DA:169,2
DA:170,2
DA:173,7
DA:174,5
DA:177,7
DA:179,8
DA:180,8
DA:182,2
DA:184,6
DA:185,6
DA:186,4
DA:188,2
LF:100
LH:100
BRDA:29,0,0,235
BRDA:29,0,1,235
BRDA:51,1,0,1
BRDA:53,2,0,2
BRDA:53,2,1,0
BRDA:63,3,0,2
BRDA:66,4,0,1
BRDA:78,5,0,1
BRDA:86,6,0,66
BRDA:86,6,1,14
BRDA:100,7,0,3
BRDA:100,8,0,20
BRDA:100,8,1,7
BRDA:105,9,0,15
BRDA:105,9,1,2
BRDA:107,10,0,2
BRDA:107,11,0,17
BRDA:107,11,1,13
BRDA:113,12,0,12
BRDA:113,12,1,3
BRDA:123,13,0,0
BRDA:126,14,0,2
BRDA:126,15,0,5
BRDA:126,15,1,3
BRDA:134,16,0,1
BRDA:146,17,0,66
BRDA:146,17,1,26
BRDA:152,18,0,0
BRDA:153,19,0,1
BRDA:153,19,1,1
BRDA:158,20,0,1
BRDA:160,21,0,0
BRDA:167,22,0,1
BRDA:185,23,0,4
BRF:34
BRH:30
end_of_record
TN:
SF:src/lib/index.ts
FNF:0
FNH:0
DA:1,5
DA:2,5
DA:3,5
DA:4,5
DA:5,5
DA:6,5
LF:6
LH:6
BRF:0
BRH:0
end_of_record
TN:
SF:src/lib/persistence.ts
FN:5,keyFor
FN:9,saveToLocal
FN:21,loadFromLocal
FN:33,clearLocal
FNF:4
FNH:4
FNDA:7,keyFor
FNDA:2,saveToLocal
FNDA:4,loadFromLocal
FNDA:2,clearLocal
DA:1,6
DA:3,6
DA:6,7
DA:9,6
DA:10,2
DA:11,2
DA:12,1
DA:13,1
DA:14,1
DA:16,1
DA:17,1
DA:21,6
DA:22,4
DA:23,4
DA:24,4
DA:25,4
DA:26,3
DA:28,2
DA:29,2
DA:33,6
DA:34,2
DA:35,2
DA:36,2
DA:37,1
DA:39,1
DA:40,1
LF:26
LH:26
BRDA:6,0,0,7
BRDA:6,0,1,0
BRDA:12,1,0,1
BRDA:12,1,1,0
BRDA:16,2,0,0
BRDA:25,3,0,1
BRDA:28,4,0,0
BRDA:39,5,0,0
BRF:8
BRH:3
end_of_record
TN:
SF:src/lib/players.ts
FN:12,getRandomCivilWarName
FNF:1
FNH:1
FNDA:20,getRandomCivilWarName
DA:1,6
DA:12,6
DA:13,20
LF:3
LH:3
BRF:0
BRH:0
end_of_record
TN:
SF:src/lib/rng.ts
FN:2,seedFromString
FN:12,mulberry32
FN:14,(anonymous_2)
FNF:3
FNH:3
FNDA:130,seedFromString
FNDA:129,mulberry32
FNDA:6483,(anonymous_2)
DA:2,9
DA:4,130
DA:5,130
DA:6,1342
DA:7,1342
DA:9,130
DA:12,9
DA:13,129
DA:14,129
DA:15,6483
DA:16,6483
DA:17,6483
DA:18,6483
LF:13
LH:13
BRF:0
BRH:0
end_of_record
TN:
SF:src/lib/schemas.ts
FNF:0
FNH:0
DA:1,7
DA:3,7
DA:8,7
DA:15,7
DA:22,7
DA:24,7
LF:6
LH:6
BRF:0
BRH:0
end_of_record
TN:
SF:src/pages/index.tsx
FN:11,sanitizeFilenamePart
FN:15,Home
FN:38,(anonymous_11)
FN:53,(anonymous_12)
FN:72,(anonymous_13)
FN:83,(anonymous_14)
FN:91,(anonymous_15)
FN:92,(anonymous_16)
FN:92,(anonymous_17)
FN:98,(anonymous_18)
FN:110,(anonymous_19)
FN:114,(anonymous_20)
FN:115,(anonymous_21)
FN:117,(anonymous_22)
FN:163,(anonymous_23)
FN:177,(anonymous_24)
FN:178,(anonymous_25)
FN:184,(anonymous_26)
FN:189,(anonymous_27)
FN:193,(anonymous_28)
FN:203,(anonymous_29)
FN:210,(anonymous_30)
FNF:22
FNH:22
FNDA:5,sanitizeFilenamePart
FNDA:78,Home
FNDA:72,(anonymous_11)
FNDA:74,(anonymous_12)
FNDA:40,(anonymous_13)
FNDA:3,(anonymous_14)
FNDA:2,(anonymous_15)
FNDA:2,(anonymous_16)
FNDA:4,(anonymous_17)
FNDA:4,(anonymous_18)
FNDA:1,(anonymous_19)
FNDA:1,(anonymous_20)
FNDA:1,(anonymous_21)
FNDA:5,(anonymous_22)
FNDA:16,(anonymous_23)
FNDA:1,(anonymous_24)
FNDA:154,(anonymous_25)
FNDA:2,(anonymous_26)
FNDA:4,(anonymous_27)
FNDA:1,(anonymous_28)
FNDA:2,(anonymous_29)
FNDA:154,(anonymous_30)
DA:1,5
DA:2,5
DA:7,5
DA:9,5
DA:12,5
DA:15,5
DA:16,78
DA:17,78
DA:19,78
DA:25,78
DA:26,78
DA:27,78
DA:28,78
DA:30,1
DA:31,1
DA:34,78
DA:35,78
DA:38,78
DA:39,72
DA:40,72
DA:41,72
DA:42,72
DA:43,2
DA:44,2
DA:53,78
DA:54,74
DA:55,74
DA:56,74
DA:59,0
DA:64,78
DA:65,78
DA:66,78
DA:67,78
DA:68,78
DA:69,78
DA:72,78
DA:73,40
DA:74,40
DA:75,39
DA:76,39
DA:78,1
DA:79,1
DA:83,78
DA:84,3
DA:85,3
DA:86,3
DA:87,3
DA:88,3
DA:89,2
DA:91,2
DA:92,4
DA:94,1
DA:98,78
DA:99,4
DA:100,4
DA:101,4
DA:102,4
DA:103,4
DA:104,4
DA:110,78
DA:111,1
DA:114,78
DA:115,78
DA:117,78
DA:118,5
DA:119,5
DA:120,5
DA:121,5
DA:123,0
DA:125,5
DA:126,5
DA:127,5
DA:128,5
DA:129,5
DA:130,5
DA:131,5
DA:133,5
DA:135,5
DA:136,5
DA:137,4
DA:138,1
DA:139,1
DA:144,5
DA:145,5
DA:149,78
DA:151,77
DA:163,16
DA:177,1
DA:178,154
DA:184,2
DA:189,4
DA:193,1
DA:204,2
DA:211,154
LF:94
LH:92
BRDA:39,0,0,0
BRDA:42,1,0,2
BRDA:43,2,0,1
BRDA:43,2,1,1
BRDA:54,3,0,74
BRDA:54,4,0,74
BRDA:54,4,1,74
BRDA:84,5,0,3
BRDA:84,5,1,0
BRDA:85,6,0,0
BRDA:85,7,0,3
BRDA:85,7,1,3
BRDA:92,8,0,2
BRDA:92,8,1,2
BRDA:94,9,0,1
BRDA:94,9,1,0
BRDA:94,10,0,1
BRDA:94,10,1,1
BRDA:99,11,0,0
BRDA:102,12,0,4
BRDA:102,13,0,4
BRDA:102,13,1,4
BRDA:103,14,0,4
BRDA:103,14,1,0
BRDA:103,15,0,4
BRDA:103,15,1,1
BRDA:103,16,0,4
BRDA:103,16,1,0
BRDA:103,17,0,4
BRDA:103,17,1,1
BRDA:118,18,0,0
BRDA:126,19,0,5
BRDA:126,19,1,0
BRDA:126,20,0,5
BRDA:126,20,1,5
BRDA:129,21,0,5
BRDA:129,21,1,0
BRDA:136,22,0,4
BRDA:136,22,1,1
BRDA:136,23,0,5
BRDA:136,23,1,5
BRDA:138,24,0,1
BRDA:144,25,0,5
BRDA:144,26,0,5
BRDA:144,26,1,5
BRDA:149,27,0,1
BRDA:189,28,0,2
BRDA:189,28,1,2
BRDA:217,29,0,4
BRDA:217,29,1,73
BRDA:219,30,0,3
BRDA:219,30,1,1
BRDA:220,31,0,3
BRDA:220,31,1,1
BRF:54
BRH:44
end_of_record
TN:
SF:src/utils/seed.ts
FN:6,base64UrlEncode
FN:8,(anonymous_1)
FN:17,base64UrlDecode
FN:22,(anonymous_3)
FN:32,seedToUrl
FN:37,(anonymous_5)
FN:41,urlToSeed
FN:54,deterministicSeedFromEntropy
FN:55,(anonymous_8)
FN:55,(anonymous_9)
FN:71,(anonymous_10)
FNF:11
FNH:7
FNDA:1,base64UrlEncode
FNDA:0,(anonymous_1)
FNDA:1,base64UrlDecode
FNDA:20,(anonymous_3)
FNDA:1,seedToUrl
FNDA:1,(anonymous_5)
FNDA:1,urlToSeed
FNDA:1,deterministicSeedFromEntropy
FNDA:0,(anonymous_8)
FNDA:0,(anonymous_9)
FNDA:0,(anonymous_10)
DA:4,1
DA:6,1
DA:7,1
DA:8,1
DA:9,0
DA:11,1
DA:13,0
DA:17,1
DA:18,1
DA:19,1
DA:20,1
DA:21,1
DA:22,1
DA:23,20
DA:24,20
DA:26,1
DA:28,0
DA:32,1
DA:33,1
DA:34,1
DA:35,1
DA:36,1
DA:37,1
DA:38,1
DA:41,1
DA:42,1
DA:43,1
DA:44,1
DA:45,1
DA:46,1
DA:48,0
DA:49,0
DA:50,0
DA:54,1
DA:55,1
DA:56,1
DA:57,1
DA:58,1
DA:59,0
DA:60,0
DA:61,0
DA:64,1
DA:65,11
DA:66,1
DA:68,0
DA:69,0
DA:70,0
DA:71,0
DA:73,0
LF:49
LH:35
BRDA:24,0,0,0
BRDA:24,0,1,20
BRDA:34,1,0,0
BRDA:37,2,0,1
BRDA:43,3,0,1
BRDA:43,3,1,0
BRDA:43,4,0,1
BRDA:43,4,1,1
BRDA:43,4,2,1
BRDA:45,5,0,0
BRDA:48,6,0,0
BRDA:48,6,1,0
BRDA:49,7,0,0
BRDA:55,8,0,0
BRDA:55,8,1,0
BRDA:56,9,0,0
BRDA:57,10,0,1
BRDA:58,11,0,0
BRDA:58,12,0,1
BRDA:58,12,1,1
BRDA:58,12,2,1
BRDA:68,13,0,0
BRDA:68,14,0,0
BRDA:68,14,1,0
BRDA:68,14,2,0
BRDA:71,15,0,0
BRDA:71,15,1,0
BRF:27
BRH:10
end_of_record
TN:
SF:src/utils/serialize.ts
FN:12,exportGameState
FN:20,importGameState
FNF:2
FNH:2
FNDA:4,exportGameState
FNDA:3,importGameState
DA:12,2
DA:13,4
DA:14,4
DA:15,1
DA:17,4
DA:20,2
DA:21,3
DA:22,3
DA:23,3
DA:24,3
DA:26,0
LF:11
LH:10
BRDA:12,0,0,0
BRDA:14,1,0,1
BRDA:23,2,0,0
BRDA:23,3,0,3
BRDA:23,3,1,3
BRF:5
BRH:3
end_of_record
